###############################################################################
#
# IAR ANSI C/C++ Compiler V7.40.3.8902/W32 for ARM        30/Nov/2015  21:44:51
# Copyright 1999-2015 IAR Systems AB.
#
#    Cpu mode     =  thumb
#    Endian       =  little
#    Source file  =  
#        D:\My Project\ZhiyunKangkai\KL25 CMSIS USB Stack MSD With
#        FatFs\kl25_sc_rev10\klxx-sc-baremetal\src\common\alloc.c
#    Command line =  
#        "D:\My Project\ZhiyunKangkai\KL25 CMSIS USB Stack MSD With
#        FatFs\kl25_sc_rev10\klxx-sc-baremetal\src\common\alloc.c" -D IAR -D
#        FREEDOM -lCN "D:\My Project\ZhiyunKangkai\KL25 CMSIS USB Stack MSD
#        With
#        FatFs\kl25_sc_rev10\klxx-sc-baremetal\build\iar\platinum\FLASH_128KB\List\"
#        -lB "D:\My Project\ZhiyunKangkai\KL25 CMSIS USB Stack MSD With
#        FatFs\kl25_sc_rev10\klxx-sc-baremetal\build\iar\platinum\FLASH_128KB\List\"
#        -o "D:\My Project\ZhiyunKangkai\KL25 CMSIS USB Stack MSD With
#        FatFs\kl25_sc_rev10\klxx-sc-baremetal\build\iar\platinum\FLASH_128KB\Obj\"
#        --debug --endian=little --cpu=Cortex-M0+ -e --fpu=None --dlib_config
#        "C:\Program Files (x86)\IAR Systems\Embedded Workbench
#        7.2\arm\INC\c\DLib_Config_Normal.h" -I "D:\My
#        Project\ZhiyunKangkai\KL25 CMSIS USB Stack MSD With
#        FatFs\kl25_sc_rev10\klxx-sc-baremetal\build\iar\platinum\..\..\..\src\projects\platinum\"
#        -I "D:\My Project\ZhiyunKangkai\KL25 CMSIS USB Stack MSD With
#        FatFs\kl25_sc_rev10\klxx-sc-baremetal\build\iar\platinum\..\..\..\src\common\"
#        -I "D:\My Project\ZhiyunKangkai\KL25 CMSIS USB Stack MSD With
#        FatFs\kl25_sc_rev10\klxx-sc-baremetal\build\iar\platinum\..\..\..\src\cpu\"
#        -I "D:\My Project\ZhiyunKangkai\KL25 CMSIS USB Stack MSD With
#        FatFs\kl25_sc_rev10\klxx-sc-baremetal\build\iar\platinum\..\..\..\src\cpu\headers\"
#        -I "D:\My Project\ZhiyunKangkai\KL25 CMSIS USB Stack MSD With
#        FatFs\kl25_sc_rev10\klxx-sc-baremetal\build\iar\platinum\..\..\..\src\drivers\llwu\"
#        -I "D:\My Project\ZhiyunKangkai\KL25 CMSIS USB Stack MSD With
#        FatFs\kl25_sc_rev10\klxx-sc-baremetal\build\iar\platinum\..\..\..\src\drivers\lptmr\"
#        -I "D:\My Project\ZhiyunKangkai\KL25 CMSIS USB Stack MSD With
#        FatFs\kl25_sc_rev10\klxx-sc-baremetal\build\iar\platinum\..\..\..\src\drivers\mcg\"
#        -I "D:\My Project\ZhiyunKangkai\KL25 CMSIS USB Stack MSD With
#        FatFs\kl25_sc_rev10\klxx-sc-baremetal\build\iar\platinum\..\..\..\src\drivers\pmc\"
#        -I "D:\My Project\ZhiyunKangkai\KL25 CMSIS USB Stack MSD With
#        FatFs\kl25_sc_rev10\klxx-sc-baremetal\build\iar\platinum\..\..\..\src\drivers\rcm\"
#        -I "D:\My Project\ZhiyunKangkai\KL25 CMSIS USB Stack MSD With
#        FatFs\kl25_sc_rev10\klxx-sc-baremetal\build\iar\platinum\..\..\..\src\drivers\rtc\"
#        -I "D:\My Project\ZhiyunKangkai\KL25 CMSIS USB Stack MSD With
#        FatFs\kl25_sc_rev10\klxx-sc-baremetal\build\iar\platinum\..\..\..\src\drivers\smc\"
#        -I "D:\My Project\ZhiyunKangkai\KL25 CMSIS USB Stack MSD With
#        FatFs\kl25_sc_rev10\klxx-sc-baremetal\build\iar\platinum\..\..\..\src\drivers\uart\"
#        -I "D:\My Project\ZhiyunKangkai\KL25 CMSIS USB Stack MSD With
#        FatFs\kl25_sc_rev10\klxx-sc-baremetal\build\iar\platinum\..\..\..\src\drivers\wdog\"
#        -I "D:\My Project\ZhiyunKangkai\KL25 CMSIS USB Stack MSD With
#        FatFs\kl25_sc_rev10\klxx-sc-baremetal\build\iar\platinum\..\..\..\src\drivers\cmp\"
#        -I "D:\My Project\ZhiyunKangkai\KL25 CMSIS USB Stack MSD With
#        FatFs\kl25_sc_rev10\klxx-sc-baremetal\build\iar\platinum\..\..\..\src\platforms\"
#        -I "D:\My Project\ZhiyunKangkai\KL25 CMSIS USB Stack MSD With
#        FatFs\kl25_sc_rev10\klxx-sc-baremetal\build\iar\platinum\..\" -Oh
#    List file    =  
#        D:\My Project\ZhiyunKangkai\KL25 CMSIS USB Stack MSD With
#        FatFs\kl25_sc_rev10\klxx-sc-baremetal\build\iar\platinum\FLASH_128KB\List\alloc.lst
#    Object file  =  
#        D:\My Project\ZhiyunKangkai\KL25 CMSIS USB Stack MSD With
#        FatFs\kl25_sc_rev10\klxx-sc-baremetal\build\iar\platinum\FLASH_128KB\Obj\alloc.o
#
###############################################################################

D:\My Project\ZhiyunKangkai\KL25 CMSIS USB Stack MSD With FatFs\kl25_sc_rev10\klxx-sc-baremetal\src\common\alloc.c
      1          /*
      2           * File:        alloc.c
      3           * Purpose:     generic malloc() and free() engine
      4           *
      5           *
      6           */
      7          
      8          #include "common.h"
      9          #include "stdlib.h"
     10          
     11          #ifdef IAR
     12          #pragma section = "HEAP"
     13          #endif
     14          
     15          /********************************************************************/
     16          
     17          /*
     18           * This struct forms the minimum block size which is allocated, and
     19           * also forms the linked list for the memory space used with alloc()
     20           * and free().  It is padded so that on a 32-bit machine, all malloc'ed
     21           * pointers are 16-byte aligned.
     22           */
     23          typedef struct ALLOC_HDR
     24          {
     25              struct
     26              {
     27                  struct ALLOC_HDR     *ptr;
     28                  unsigned int size;
     29              } s;
     30              unsigned int align;
     31              unsigned int pad;
     32          } ALLOC_HDR;
     33          

   \                                 In section .bss, align 4
     34          static ALLOC_HDR base;
   \                     base:
   \   00000000                      DS8 16
   \   00000010                      DS8 4
     35          static ALLOC_HDR *freep = NULL;
     36          
     37          /********************************************************************/

   \                                 In section .text, align 2, keep-with-next
     38          void
     39          free (void *ap)
     40          {
   \                     free: (+1)
   \   00000000   0xB430             PUSH     {R4,R5}
     41              ALLOC_HDR *bp, *p;
     42          
     43              bp = (ALLOC_HDR *)ap - 1;   /* point to block header */
   \   00000002   0x3810             SUBS     R0,R0,#+16
     44              for (p = freep; !((bp > p) && (bp < p->s.ptr)) ; p = p->s.ptr)
   \   00000004   0x....             LDR      R1,??DataTable1
   \   00000006   0x690A             LDR      R2,[R1, #+16]
   \   00000008   0xE000             B        ??free_0
   \                     ??free_1: (+1)
   \   0000000A   0x0022             MOVS     R2,R4
   \                     ??free_0: (+1)
   \   0000000C   0x4282             CMP      R2,R0
   \   0000000E   0xD202             BCS      ??free_2
   \   00000010   0x6814             LDR      R4,[R2, #+0]
   \   00000012   0x42A0             CMP      R0,R4
   \   00000014   0xD306             BCC      ??free_3
     45              {
     46                  if ((p >= p->s.ptr) && ((bp > p) || (bp < p->s.ptr)))
   \                     ??free_2: (+1)
   \   00000016   0x6814             LDR      R4,[R2, #+0]
   \   00000018   0x42A2             CMP      R2,R4
   \   0000001A   0xD3F6             BCC      ??free_1
   \   0000001C   0x4282             CMP      R2,R0
   \   0000001E   0xD301             BCC      ??free_3
   \   00000020   0x42A0             CMP      R0,R4
   \   00000022   0xD2F2             BCS      ??free_1
     47                  {
     48                      break; /* freed block at start or end of arena */
     49                  }
     50              }
     51          
     52              if ((bp + bp->s.size) == p->s.ptr)
   \                     ??free_3: (+1)
   \   00000024   0x6844             LDR      R4,[R0, #+4]
   \   00000026   0x6813             LDR      R3,[R2, #+0]
   \   00000028   0x0125             LSLS     R5,R4,#+4
   \   0000002A   0x1945             ADDS     R5,R0,R5
   \   0000002C   0x429D             CMP      R5,R3
   \   0000002E   0xD103             BNE      ??free_4
     53              {
     54                  bp->s.size += p->s.ptr->s.size;
   \   00000030   0x685D             LDR      R5,[R3, #+4]
   \   00000032   0x1964             ADDS     R4,R4,R5
   \   00000034   0x6044             STR      R4,[R0, #+4]
     55                  bp->s.ptr = p->s.ptr->s.ptr;
   \   00000036   0x681B             LDR      R3,[R3, #+0]
     56              }
     57              else
     58              {
     59                  bp->s.ptr = p->s.ptr;
   \                     ??free_4: (+1)
   \   00000038   0x6003             STR      R3,[R0, #+0]
     60              }
     61          
     62              if ((p + p->s.size) == bp)
   \   0000003A   0x6853             LDR      R3,[R2, #+4]
   \   0000003C   0x011C             LSLS     R4,R3,#+4
   \   0000003E   0x1914             ADDS     R4,R2,R4
   \   00000040   0x4284             CMP      R4,R0
   \   00000042   0xD103             BNE      ??free_5
     63              {
     64                  p->s.size += bp->s.size;
   \   00000044   0x6844             LDR      R4,[R0, #+4]
   \   00000046   0x191B             ADDS     R3,R3,R4
   \   00000048   0x6053             STR      R3,[R2, #+4]
     65                  p->s.ptr = bp->s.ptr;
   \   0000004A   0x6800             LDR      R0,[R0, #+0]
     66              }
     67              else
     68              {
     69                  p->s.ptr = bp;
   \                     ??free_5: (+1)
   \   0000004C   0x6010             STR      R0,[R2, #+0]
     70              }
     71          
     72              freep = p;
   \   0000004E   0x610A             STR      R2,[R1, #+16]
     73          }
   \   00000050   0xBC30             POP      {R4,R5}
   \   00000052   0x4770             BX       LR               ;; return
     74          
     75          /********************************************************************/

   \                                 In section .text, align 2, keep-with-next
     76          void *
     77          malloc (unsigned nbytes)
     78          {
   \                     malloc: (+1)
   \   00000000   0xB430             PUSH     {R4,R5}
     79              /* Get addresses for the HEAP start and end */
     80              #if defined(CW)  
     81                extern char __HEAP_START[];
     82                extern char __HEAP_END[];
     83              #elif defined(IAR)
     84                char* __HEAP_START = __section_begin("HEAP");
     85                char* __HEAP_END = __section_end("HEAP");
     86              #elif defined(KEIL)
     87          	  extern uint32_t HEAP$$Base;
     88          	  extern uint32_t HEAP$$Limit;
     89          	  uint32_t __HEAP_START = (uint32_t)&HEAP$$Base;
     90          	  uint32_t __HEAP_END = (uint32_t)&HEAP$$Limit;
     91              #endif
     92             
     93              ALLOC_HDR *p, *prevp;
     94              unsigned nunits;
     95          
     96              nunits = ((nbytes+sizeof(ALLOC_HDR)-1) / sizeof(ALLOC_HDR)) + 1;
   \   00000002   0x300F             ADDS     R0,R0,#+15
   \   00000004   0x0901             LSRS     R1,R0,#+4
   \   00000006   0x1C49             ADDS     R1,R1,#+1
     97          
     98              if ((prevp = freep) == NULL)
   \   00000008   0x....             LDR      R2,??DataTable1
   \   0000000A   0x6913             LDR      R3,[R2, #+16]
   \   0000000C   0x2B00             CMP      R3,#+0
   \   0000000E   0xD10A             BNE      ??malloc_0
     99              {
    100                  p = (ALLOC_HDR *)__HEAP_START;
   \   00000010   0x....             LDR      R0,??DataTable1_1
    101                  p->s.size = ( ((uint32)__HEAP_END - (uint32)__HEAP_START)
    102                      / sizeof(ALLOC_HDR) );
   \   00000012   0x....             LDR      R3,??DataTable1_2
   \   00000014   0x1A1B             SUBS     R3,R3,R0
   \   00000016   0x091B             LSRS     R3,R3,#+4
   \   00000018   0x6043             STR      R3,[R0, #+4]
    103                  p->s.ptr = &base;
   \   0000001A   0x6002             STR      R2,[R0, #+0]
    104                  base.s.ptr = p;
   \   0000001C   0x6010             STR      R0,[R2, #+0]
    105                  base.s.size = 0;
   \   0000001E   0x2000             MOVS     R0,#+0
   \   00000020   0x6050             STR      R0,[R2, #+4]
    106                  prevp = freep = &base;
   \   00000022   0x6112             STR      R2,[R2, #+16]
   \   00000024   0x0013             MOVS     R3,R2
    107              }
    108          
    109              for (p = prevp->s.ptr; ; prevp = p, p = p->s.ptr)
   \                     ??malloc_0: (+1)
   \   00000026   0x6818             LDR      R0,[R3, #+0]
   \   00000028   0x6914             LDR      R4,[R2, #+16]
   \   0000002A   0xE001             B        ??malloc_1
   \                     ??malloc_2: (+1)
   \   0000002C   0x0003             MOVS     R3,R0
   \   0000002E   0x6800             LDR      R0,[R0, #+0]
    110              {
    111                  if (p->s.size >= nunits)
   \                     ??malloc_1: (+1)
   \   00000030   0x6845             LDR      R5,[R0, #+4]
   \   00000032   0x428D             CMP      R5,R1
   \   00000034   0xD30B             BCC      ??malloc_3
    112                  {
    113                      if (p->s.size == nunits)
   \   00000036   0xD102             BNE      ??malloc_4
    114                      {
    115                          prevp->s.ptr = p->s.ptr;
   \   00000038   0x6801             LDR      R1,[R0, #+0]
   \   0000003A   0x6019             STR      R1,[R3, #+0]
   \   0000003C   0xE004             B        ??malloc_5
    116                      }
    117                      else
    118                      {
    119                          p->s.size -= nunits;
   \                     ??malloc_4: (+1)
   \   0000003E   0x1A6C             SUBS     R4,R5,R1
   \   00000040   0x6044             STR      R4,[R0, #+4]
    120                          p += p->s.size;
   \   00000042   0x0124             LSLS     R4,R4,#+4
   \   00000044   0x1900             ADDS     R0,R0,R4
    121                          p->s.size = nunits;
   \   00000046   0x6041             STR      R1,[R0, #+4]
    122                      }
    123                      freep = prevp;
   \                     ??malloc_5: (+1)
   \   00000048   0x6113             STR      R3,[R2, #+16]
    124                      return (void *)(p + 1);
   \   0000004A   0x3010             ADDS     R0,R0,#+16
   \   0000004C   0xE002             B        ??malloc_6
    125                  }
    126          
    127                  if (p == freep)
   \                     ??malloc_3: (+1)
   \   0000004E   0x42A0             CMP      R0,R4
   \   00000050   0xD1EC             BNE      ??malloc_2
    128                      return NULL;
   \   00000052   0x2000             MOVS     R0,#+0
   \                     ??malloc_6: (+1)
   \   00000054   0xBC30             POP      {R4,R5}
   \   00000056   0x4770             BX       LR               ;; return
    129              }
    130          }

   \                                 In section .text, align 4, keep-with-next
   \                     ??DataTable1:
   \   00000000   0x........         DC32     base

   \                                 In section .text, align 4, keep-with-next
   \                     ??DataTable1_1:
   \   00000000   0x........         DC32     SFB(HEAP)

   \                                 In section .text, align 4, keep-with-next
   \                     ??DataTable1_2:
   \   00000000   0x........         DC32     SFE(HEAP)
    131          
    132          /********************************************************************/

   Maximum stack usage in bytes:

   .cstack Function
   ------- --------
       8   free
       8   malloc


   Section sizes:

   Bytes  Function/Label
   -----  --------------
       4  ??DataTable1
       4  ??DataTable1_1
       4  ??DataTable1_2
      20  base
          freep
      84  free
      88  malloc

 
  20 bytes in section .bss
 184 bytes in section .text
 
 184 bytes of CODE memory
  20 bytes of DATA memory

Errors: none
Warnings: none
