###############################################################################
#
# IAR ANSI C/C++ Compiler V7.40.3.8902/W32 for ARM        30/Nov/2015  21:44:52
# Copyright 1999-2015 IAR Systems AB.
#
#    Cpu mode     =  thumb
#    Endian       =  little
#    Source file  =  
#        D:\My Project\ZhiyunKangkai\KL25 CMSIS USB Stack MSD With
#        FatFs\kl25_sc_rev10\klxx-sc-baremetal\src\drivers\lptmr\lptmr.c
#    Command line =  
#        "D:\My Project\ZhiyunKangkai\KL25 CMSIS USB Stack MSD With
#        FatFs\kl25_sc_rev10\klxx-sc-baremetal\src\drivers\lptmr\lptmr.c" -D
#        IAR -D FREEDOM -lCN "D:\My Project\ZhiyunKangkai\KL25 CMSIS USB Stack
#        MSD With
#        FatFs\kl25_sc_rev10\klxx-sc-baremetal\build\iar\platinum\FLASH_128KB\List\"
#        -lB "D:\My Project\ZhiyunKangkai\KL25 CMSIS USB Stack MSD With
#        FatFs\kl25_sc_rev10\klxx-sc-baremetal\build\iar\platinum\FLASH_128KB\List\"
#        -o "D:\My Project\ZhiyunKangkai\KL25 CMSIS USB Stack MSD With
#        FatFs\kl25_sc_rev10\klxx-sc-baremetal\build\iar\platinum\FLASH_128KB\Obj\"
#        --debug --endian=little --cpu=Cortex-M0+ -e --fpu=None --dlib_config
#        "C:\Program Files (x86)\IAR Systems\Embedded Workbench
#        7.2\arm\INC\c\DLib_Config_Normal.h" -I "D:\My
#        Project\ZhiyunKangkai\KL25 CMSIS USB Stack MSD With
#        FatFs\kl25_sc_rev10\klxx-sc-baremetal\build\iar\platinum\..\..\..\src\projects\platinum\"
#        -I "D:\My Project\ZhiyunKangkai\KL25 CMSIS USB Stack MSD With
#        FatFs\kl25_sc_rev10\klxx-sc-baremetal\build\iar\platinum\..\..\..\src\common\"
#        -I "D:\My Project\ZhiyunKangkai\KL25 CMSIS USB Stack MSD With
#        FatFs\kl25_sc_rev10\klxx-sc-baremetal\build\iar\platinum\..\..\..\src\cpu\"
#        -I "D:\My Project\ZhiyunKangkai\KL25 CMSIS USB Stack MSD With
#        FatFs\kl25_sc_rev10\klxx-sc-baremetal\build\iar\platinum\..\..\..\src\cpu\headers\"
#        -I "D:\My Project\ZhiyunKangkai\KL25 CMSIS USB Stack MSD With
#        FatFs\kl25_sc_rev10\klxx-sc-baremetal\build\iar\platinum\..\..\..\src\drivers\llwu\"
#        -I "D:\My Project\ZhiyunKangkai\KL25 CMSIS USB Stack MSD With
#        FatFs\kl25_sc_rev10\klxx-sc-baremetal\build\iar\platinum\..\..\..\src\drivers\lptmr\"
#        -I "D:\My Project\ZhiyunKangkai\KL25 CMSIS USB Stack MSD With
#        FatFs\kl25_sc_rev10\klxx-sc-baremetal\build\iar\platinum\..\..\..\src\drivers\mcg\"
#        -I "D:\My Project\ZhiyunKangkai\KL25 CMSIS USB Stack MSD With
#        FatFs\kl25_sc_rev10\klxx-sc-baremetal\build\iar\platinum\..\..\..\src\drivers\pmc\"
#        -I "D:\My Project\ZhiyunKangkai\KL25 CMSIS USB Stack MSD With
#        FatFs\kl25_sc_rev10\klxx-sc-baremetal\build\iar\platinum\..\..\..\src\drivers\rcm\"
#        -I "D:\My Project\ZhiyunKangkai\KL25 CMSIS USB Stack MSD With
#        FatFs\kl25_sc_rev10\klxx-sc-baremetal\build\iar\platinum\..\..\..\src\drivers\rtc\"
#        -I "D:\My Project\ZhiyunKangkai\KL25 CMSIS USB Stack MSD With
#        FatFs\kl25_sc_rev10\klxx-sc-baremetal\build\iar\platinum\..\..\..\src\drivers\smc\"
#        -I "D:\My Project\ZhiyunKangkai\KL25 CMSIS USB Stack MSD With
#        FatFs\kl25_sc_rev10\klxx-sc-baremetal\build\iar\platinum\..\..\..\src\drivers\uart\"
#        -I "D:\My Project\ZhiyunKangkai\KL25 CMSIS USB Stack MSD With
#        FatFs\kl25_sc_rev10\klxx-sc-baremetal\build\iar\platinum\..\..\..\src\drivers\wdog\"
#        -I "D:\My Project\ZhiyunKangkai\KL25 CMSIS USB Stack MSD With
#        FatFs\kl25_sc_rev10\klxx-sc-baremetal\build\iar\platinum\..\..\..\src\drivers\cmp\"
#        -I "D:\My Project\ZhiyunKangkai\KL25 CMSIS USB Stack MSD With
#        FatFs\kl25_sc_rev10\klxx-sc-baremetal\build\iar\platinum\..\..\..\src\platforms\"
#        -I "D:\My Project\ZhiyunKangkai\KL25 CMSIS USB Stack MSD With
#        FatFs\kl25_sc_rev10\klxx-sc-baremetal\build\iar\platinum\..\" -Oh
#    List file    =  
#        D:\My Project\ZhiyunKangkai\KL25 CMSIS USB Stack MSD With
#        FatFs\kl25_sc_rev10\klxx-sc-baremetal\build\iar\platinum\FLASH_128KB\List\lptmr.lst
#    Object file  =  
#        D:\My Project\ZhiyunKangkai\KL25 CMSIS USB Stack MSD With
#        FatFs\kl25_sc_rev10\klxx-sc-baremetal\build\iar\platinum\FLASH_128KB\Obj\lptmr.o
#
###############################################################################

D:\My Project\ZhiyunKangkai\KL25 CMSIS USB Stack MSD With FatFs\kl25_sc_rev10\klxx-sc-baremetal\src\drivers\lptmr\lptmr.c
      1          /*
      2           * File:        lptmr.c
      3           * Purpose:     Provide common low power timer functions
      4           *
      5           * Notes:       Right now only function provided is used
      6           *              to generate a delay in ms. This driver
      7           *              could be expanded to include more functions
      8           *              in the future.
      9           *
     10           */
     11          
     12          
     13          #include "common.h"
     14          #include "lptmr.h"
     15          
     16          
     17          extern int re_init_clk;
     18          extern int clock_freq_hz;
     19          
     20          /********************************************************************/
     21          /*
     22           * Initialize the low power time to provide a delay measured in ms.
     23           *
     24           *
     25           * Parameters:
     26           *  count_val   number of ms to delay
     27           *
     28           * Returns:
     29           * None
     30           */

   \                                 In section .text, align 2, keep-with-next
     31          void time_delay_ms(unsigned int count_val)
     32          {
     33            /* Make sure the clock to the LPTMR is enabled */
     34            SIM_SCGC5|=SIM_SCGC5_LPTMR_MASK;
   \                     time_delay_ms: (+1)
   \   00000000   0x2201             MOVS     R2,#+1
   \   00000002   0x....             LDR      R1,??DataTable7  ;; 0x40048038
   \   00000004   0x680B             LDR      R3,[R1, #+0]
   \   00000006   0x4313             ORRS     R3,R3,R2
   \   00000008   0x600B             STR      R3,[R1, #+0]
     35          
     36            /* Reset LPTMR settings */
     37            LPTMR0_CSR=0;
   \   0000000A   0x....             LDR      R1,??DataTable7_1  ;; 0x40040000
   \   0000000C   0x2300             MOVS     R3,#+0
   \   0000000E   0x600B             STR      R3,[R1, #+0]
     38          
     39            /* Set the compare value to the number of ms to delay */
     40            LPTMR0_CMR = count_val;
   \   00000010   0x6088             STR      R0,[R1, #+8]
     41          
     42            /* Set up LPTMR to use 1kHz LPO with no prescaler as its clock source */
     43            LPTMR0_PSR = LPTMR_PSR_PCS(1)|LPTMR_PSR_PBYP_MASK;
   \   00000012   0x2005             MOVS     R0,#+5
   \   00000014   0x6048             STR      R0,[R1, #+4]
     44          
     45            /* Start the timer */
     46            LPTMR0_CSR |= LPTMR_CSR_TEN_MASK;
   \   00000016   0x6808             LDR      R0,[R1, #+0]
   \   00000018   0x4302             ORRS     R2,R2,R0
   \   0000001A   0x600A             STR      R2,[R1, #+0]
   \   0000001C   0x2080             MOVS     R0,#+128
     47          
     48            /* Wait for counter to reach compare value */
     49            while (!(LPTMR0_CSR & LPTMR_CSR_TCF_MASK));
   \                     ??time_delay_ms_0: (+1)
   \   0000001E   0x680A             LDR      R2,[R1, #+0]
   \   00000020   0x4002             ANDS     R2,R2,R0
   \   00000022   0xD0FC             BEQ      ??time_delay_ms_0
     50          
     51            /* Disable counter and Clear Timer Compare Flag */
     52            LPTMR0_CSR &= ~LPTMR_CSR_TEN_MASK;
   \   00000024   0x6808             LDR      R0,[R1, #+0]
   \   00000026   0x2201             MOVS     R2,#+1
   \   00000028   0x4390             BICS     R0,R0,R2
   \   0000002A   0x6008             STR      R0,[R1, #+0]
     53          
     54            return;
   \   0000002C   0x4770             BX       LR               ;; return
     55          }
     56          

   \                                 In section .text, align 4, keep-with-next
     57          void lptmr_isr(void)
     58          {
   \                     lptmr_isr: (+1)
   \   00000000   0xB580             PUSH     {R7,LR}
     59            
     60            printf("\n****LPT ISR entered*****\r\n");
   \   00000002   0xBF00             Nop      
   \   00000004   0x....             ADR.N    R0,?_0
   \   00000006   0x.... 0x....      BL       printf
     61          
     62            // enable timer
     63            // enable interrupts
     64            // clear the flag
     65            LPTMR0_CSR |=  LPTMR_CSR_TCF_MASK;   // write 1 to TCF to clear the LPT timer compare flag
   \   0000000A   0x....             LDR      R0,??DataTable7_1  ;; 0x40040000
   \   0000000C   0x6801             LDR      R1,[R0, #+0]
   \   0000000E   0x2280             MOVS     R2,#+128
   \   00000010   0x430A             ORRS     R2,R2,R1
   \   00000012   0x6002             STR      R2,[R0, #+0]
     66            LPTMR0_CSR = ( LPTMR_CSR_TEN_MASK | LPTMR_CSR_TIE_MASK | LPTMR_CSR_TCF_MASK  );
   \   00000014   0x21C1             MOVS     R1,#+193
   \   00000016   0x6001             STR      R1,[R0, #+0]
     67          
     68          }
   \   00000018   0xBD01             POP      {R0,PC}          ;; return
     69          /*******************************************************************************
     70          *
     71          *   PROCEDURE NAME:
     72          *       lptmr_init -
     73          *
     74          *******************************************************************************/

   \                                 In section .text, align 4, keep-with-next
     75          void lptmr_init(int count, int clock_source)
     76          {
   \                     lptmr_init: (+1)
   \   00000000   0xB570             PUSH     {R4-R6,LR}
   \   00000002   0x0004             MOVS     R4,R0
     77              SIM_SCGC5 |= SIM_SCGC5_LPTMR_MASK;
   \   00000004   0x2501             MOVS     R5,#+1
   \   00000006   0x....             LDR      R0,??DataTable7  ;; 0x40048038
   \   00000008   0x6802             LDR      R2,[R0, #+0]
   \   0000000A   0x432A             ORRS     R2,R2,R5
   \   0000000C   0x6002             STR      R2,[R0, #+0]
     78          
     79              LPTMR0_PSR = ( LPTMR_PSR_PRESCALE(0) // 0000 is div 2
     80                           | LPTMR_PSR_PBYP_MASK  // LPO feeds directly to LPT
     81                           | LPTMR_PSR_PCS(clock_source)) ; // use the choice of clock
   \   0000000E   0x....             LDR      R6,??DataTable7_1  ;; 0x40040000
   \   00000010   0x0788             LSLS     R0,R1,#+30
   \   00000012   0x0F80             LSRS     R0,R0,#+30
   \   00000014   0x2204             MOVS     R2,#+4
   \   00000016   0x4302             ORRS     R2,R2,R0
   \   00000018   0x6072             STR      R2,[R6, #+4]
     82              if (clock_source== 0)
   \   0000001A   0x2900             CMP      R1,#+0
   \   0000001C   0xD102             BNE      ??lptmr_init_0
     83                printf("\n LPTMR Clock source is the MCGIRCLK \n\r");
   \   0000001E   0xBF00             Nop      
   \   00000020   0x....             ADR.N    R0,?_1
   \   00000022   0xE00A             B        ??lptmr_init_1
     84              if (clock_source== 1)
   \                     ??lptmr_init_0: (+1)
   \   00000024   0x2901             CMP      R1,#+1
   \   00000026   0xD101             BNE      ??lptmr_init_2
     85                printf("\n LPTMR Clock source is the LPOCLK \n\r");
   \   00000028   0x....             ADR.N    R0,?_2
   \   0000002A   0xE006             B        ??lptmr_init_1
     86              if (clock_source== 2)
   \                     ??lptmr_init_2: (+1)
   \   0000002C   0x2902             CMP      R1,#+2
   \   0000002E   0xD101             BNE      ??lptmr_init_3
     87                printf("\n LPTMR Clock source is the ERCLK32 \n\r");
   \   00000030   0x....             ADR.N    R0,?_3
   \   00000032   0xE002             B        ??lptmr_init_1
     88              if (clock_source== 3)
   \                     ??lptmr_init_3: (+1)
   \   00000034   0x2903             CMP      R1,#+3
   \   00000036   0xD102             BNE      ??lptmr_init_4
     89                printf("\n LPTMR Clock source is the OSCERCLK \n\r");
   \   00000038   0x....             ADR.N    R0,?_4
   \                     ??lptmr_init_1: (+1)
   \   0000003A   0x.... 0x....      BL       printf
     90                       
     91              LPTMR0_CMR = LPTMR_CMR_COMPARE(count);  //Set compare value
   \                     ??lptmr_init_4: (+1)
   \   0000003E   0xB2A0             UXTH     R0,R4
   \   00000040   0x60B0             STR      R0,[R6, #+8]
     92          
     93              LPTMR0_CSR =(  LPTMR_CSR_TCF_MASK   // Clear any pending interrupt
     94                           | LPTMR_CSR_TIE_MASK   // LPT interrupt enabled
     95                           | LPTMR_CSR_TPS(0)     //TMR pin select
     96                           |!LPTMR_CSR_TPP_MASK   //TMR Pin polarity
     97                           |!LPTMR_CSR_TFC_MASK   // Timer Free running counter is reset whenever TMR counter equals compare
     98                           |!LPTMR_CSR_TMS_MASK   //LPTMR0 as Timer
     99                          );
   \   00000042   0x20C0             MOVS     R0,#+192
   \   00000044   0x6030             STR      R0,[R6, #+0]
    100              LPTMR0_CSR |= LPTMR_CSR_TEN_MASK;   //Turn on LPT and start counting
   \   00000046   0x6830             LDR      R0,[R6, #+0]
   \   00000048   0x4305             ORRS     R5,R5,R0
   \   0000004A   0x6035             STR      R5,[R6, #+0]
    101          }
   \   0000004C   0xBD70             POP      {R4-R6,PC}       ;; return

   \                                 In section .text, align 4, keep-with-next
   \                     ??DataTable7:
   \   00000000   0x40048038         DC32     0x40048038

   \                                 In section .text, align 4, keep-with-next
   \                     ??DataTable7_1:
   \   00000000   0x40040000         DC32     0x40040000

   \                                 In section .text, align 4, keep-with-next
   \                     ?_0:
   \   00000000   0x0A 0x2A          DC8 "\012****LPT ISR entered*****\015\012"
   \              0x2A 0x2A    
   \              0x2A 0x4C    
   \              0x50 0x54    
   \              0x20 0x49    
   \              0x53 0x52    
   \              0x20 0x65    
   \              0x6E 0x74    
   \              0x65 0x72    
   \              0x65 0x64    
   \              0x2A 0x2A    
   \              0x2A 0x2A    
   \              0x2A 0x0D    
   \              0x0A 0x00    

   \                                 In section .text, align 4, keep-with-next
   \                     ?_1:
   \   00000000   0x0A 0x20          DC8 "\012 LPTMR Clock source is the MCGIRCLK \012\015"
   \              0x4C 0x50    
   \              0x54 0x4D    
   \              0x52 0x20    
   \              0x43 0x6C    
   \              0x6F 0x63    
   \              0x6B 0x20    
   \              0x73 0x6F    
   \              0x75 0x72    
   \              0x63 0x65    
   \              0x20 0x69    
   \              0x73 0x20    
   \              0x74 0x68    
   \              0x65 0x20    
   \              0x4D 0x43    
   \              0x47 0x49    
   \              0x52 0x43    
   \              0x4C 0x4B    
   \              0x20 0x0A    
   \              0x0D 0x00    

   \                                 In section .text, align 4, keep-with-next
   \                     ?_2:
   \   00000000   0x0A 0x20          DC8 "\012 LPTMR Clock source is the LPOCLK \012\015"
   \              0x4C 0x50    
   \              0x54 0x4D    
   \              0x52 0x20    
   \              0x43 0x6C    
   \              0x6F 0x63    
   \              0x6B 0x20    
   \              0x73 0x6F    
   \              0x75 0x72    
   \              0x63 0x65    
   \              0x20 0x69    
   \              0x73 0x20    
   \              0x74 0x68    
   \              0x65 0x20    
   \              0x4C 0x50    
   \              0x4F 0x43    
   \              0x4C 0x4B    
   \              0x20 0x0A    
   \              0x0D 0x00    
   \   00000026   0x00 0x00          DC8 0, 0

   \                                 In section .text, align 4, keep-with-next
   \                     ?_3:
   \   00000000   0x0A 0x20          DC8 "\012 LPTMR Clock source is the ERCLK32 \012\015"
   \              0x4C 0x50    
   \              0x54 0x4D    
   \              0x52 0x20    
   \              0x43 0x6C    
   \              0x6F 0x63    
   \              0x6B 0x20    
   \              0x73 0x6F    
   \              0x75 0x72    
   \              0x63 0x65    
   \              0x20 0x69    
   \              0x73 0x20    
   \              0x74 0x68    
   \              0x65 0x20    
   \              0x45 0x52    
   \              0x43 0x4C    
   \              0x4B 0x33    
   \              0x32 0x20    
   \              0x0A 0x0D    
   \              0x00         
   \   00000027   0x00               DC8 0

   \                                 In section .text, align 4, keep-with-next
   \                     ?_4:
   \   00000000   0x0A 0x20          DC8 "\012 LPTMR Clock source is the OSCERCLK \012\015"
   \              0x4C 0x50    
   \              0x54 0x4D    
   \              0x52 0x20    
   \              0x43 0x6C    
   \              0x6F 0x63    
   \              0x6B 0x20    
   \              0x73 0x6F    
   \              0x75 0x72    
   \              0x63 0x65    
   \              0x20 0x69    
   \              0x73 0x20    
   \              0x74 0x68    
   \              0x65 0x20    
   \              0x4F 0x53    
   \              0x43 0x45    
   \              0x52 0x43    
   \              0x4C 0x4B    
   \              0x20 0x0A    
   \              0x0D 0x00    

   Maximum stack usage in bytes:

   .cstack Function
   ------- --------
      16   lptmr_init
        16   -> printf
       8   lptmr_isr
         8   -> printf
       0   time_delay_ms


   Section sizes:

   Bytes  Function/Label
   -----  --------------
       4  ??DataTable7
       4  ??DataTable7_1
      28  ?_0
      40  ?_1
      40  ?_2
      40  ?_3
      40  ?_4
      78  lptmr_init
      26  lptmr_isr
      46  time_delay_ms

 
 346 bytes in section .text
 
 346 bytes of CODE memory

Errors: none
Warnings: none
