###############################################################################
#
# IAR ANSI C/C++ Compiler V7.40.3.8902/W32 for ARM        30/Nov/2015  21:44:54
# Copyright 1999-2015 IAR Systems AB.
#
#    Cpu mode     =  thumb
#    Endian       =  little
#    Source file  =  
#        D:\My Project\ZhiyunKangkai\KL25 CMSIS USB Stack MSD With
#        FatFs\kl25_sc_rev10\klxx-sc-baremetal\src\drivers\rcm\rcm.c
#    Command line =  
#        "D:\My Project\ZhiyunKangkai\KL25 CMSIS USB Stack MSD With
#        FatFs\kl25_sc_rev10\klxx-sc-baremetal\src\drivers\rcm\rcm.c" -D IAR -D
#        FREEDOM -lCN "D:\My Project\ZhiyunKangkai\KL25 CMSIS USB Stack MSD
#        With
#        FatFs\kl25_sc_rev10\klxx-sc-baremetal\build\iar\platinum\FLASH_128KB\List\"
#        -lB "D:\My Project\ZhiyunKangkai\KL25 CMSIS USB Stack MSD With
#        FatFs\kl25_sc_rev10\klxx-sc-baremetal\build\iar\platinum\FLASH_128KB\List\"
#        -o "D:\My Project\ZhiyunKangkai\KL25 CMSIS USB Stack MSD With
#        FatFs\kl25_sc_rev10\klxx-sc-baremetal\build\iar\platinum\FLASH_128KB\Obj\"
#        --debug --endian=little --cpu=Cortex-M0+ -e --fpu=None --dlib_config
#        "C:\Program Files (x86)\IAR Systems\Embedded Workbench
#        7.2\arm\INC\c\DLib_Config_Normal.h" -I "D:\My
#        Project\ZhiyunKangkai\KL25 CMSIS USB Stack MSD With
#        FatFs\kl25_sc_rev10\klxx-sc-baremetal\build\iar\platinum\..\..\..\src\projects\platinum\"
#        -I "D:\My Project\ZhiyunKangkai\KL25 CMSIS USB Stack MSD With
#        FatFs\kl25_sc_rev10\klxx-sc-baremetal\build\iar\platinum\..\..\..\src\common\"
#        -I "D:\My Project\ZhiyunKangkai\KL25 CMSIS USB Stack MSD With
#        FatFs\kl25_sc_rev10\klxx-sc-baremetal\build\iar\platinum\..\..\..\src\cpu\"
#        -I "D:\My Project\ZhiyunKangkai\KL25 CMSIS USB Stack MSD With
#        FatFs\kl25_sc_rev10\klxx-sc-baremetal\build\iar\platinum\..\..\..\src\cpu\headers\"
#        -I "D:\My Project\ZhiyunKangkai\KL25 CMSIS USB Stack MSD With
#        FatFs\kl25_sc_rev10\klxx-sc-baremetal\build\iar\platinum\..\..\..\src\drivers\llwu\"
#        -I "D:\My Project\ZhiyunKangkai\KL25 CMSIS USB Stack MSD With
#        FatFs\kl25_sc_rev10\klxx-sc-baremetal\build\iar\platinum\..\..\..\src\drivers\lptmr\"
#        -I "D:\My Project\ZhiyunKangkai\KL25 CMSIS USB Stack MSD With
#        FatFs\kl25_sc_rev10\klxx-sc-baremetal\build\iar\platinum\..\..\..\src\drivers\mcg\"
#        -I "D:\My Project\ZhiyunKangkai\KL25 CMSIS USB Stack MSD With
#        FatFs\kl25_sc_rev10\klxx-sc-baremetal\build\iar\platinum\..\..\..\src\drivers\pmc\"
#        -I "D:\My Project\ZhiyunKangkai\KL25 CMSIS USB Stack MSD With
#        FatFs\kl25_sc_rev10\klxx-sc-baremetal\build\iar\platinum\..\..\..\src\drivers\rcm\"
#        -I "D:\My Project\ZhiyunKangkai\KL25 CMSIS USB Stack MSD With
#        FatFs\kl25_sc_rev10\klxx-sc-baremetal\build\iar\platinum\..\..\..\src\drivers\rtc\"
#        -I "D:\My Project\ZhiyunKangkai\KL25 CMSIS USB Stack MSD With
#        FatFs\kl25_sc_rev10\klxx-sc-baremetal\build\iar\platinum\..\..\..\src\drivers\smc\"
#        -I "D:\My Project\ZhiyunKangkai\KL25 CMSIS USB Stack MSD With
#        FatFs\kl25_sc_rev10\klxx-sc-baremetal\build\iar\platinum\..\..\..\src\drivers\uart\"
#        -I "D:\My Project\ZhiyunKangkai\KL25 CMSIS USB Stack MSD With
#        FatFs\kl25_sc_rev10\klxx-sc-baremetal\build\iar\platinum\..\..\..\src\drivers\wdog\"
#        -I "D:\My Project\ZhiyunKangkai\KL25 CMSIS USB Stack MSD With
#        FatFs\kl25_sc_rev10\klxx-sc-baremetal\build\iar\platinum\..\..\..\src\drivers\cmp\"
#        -I "D:\My Project\ZhiyunKangkai\KL25 CMSIS USB Stack MSD With
#        FatFs\kl25_sc_rev10\klxx-sc-baremetal\build\iar\platinum\..\..\..\src\platforms\"
#        -I "D:\My Project\ZhiyunKangkai\KL25 CMSIS USB Stack MSD With
#        FatFs\kl25_sc_rev10\klxx-sc-baremetal\build\iar\platinum\..\" -Oh
#    List file    =  
#        D:\My Project\ZhiyunKangkai\KL25 CMSIS USB Stack MSD With
#        FatFs\kl25_sc_rev10\klxx-sc-baremetal\build\iar\platinum\FLASH_128KB\List\rcm.lst
#    Object file  =  
#        D:\My Project\ZhiyunKangkai\KL25 CMSIS USB Stack MSD With
#        FatFs\kl25_sc_rev10\klxx-sc-baremetal\build\iar\platinum\FLASH_128KB\Obj\rcm.o
#
###############################################################################

D:\My Project\ZhiyunKangkai\KL25 CMSIS USB Stack MSD With FatFs\kl25_sc_rev10\klxx-sc-baremetal\src\drivers\rcm\rcm.c
      1          /*
      2           * File:        rcm.c
      3           * Purpose:     Provides routines for the reset controller module
      4           *              
      5           */
      6          
      7          #include "common.h"
      8          #include "rcm.h"
      9          
     10          /* OutSRS routine - checks the value in the SRS registers and sends
     11           * messages to the terminal announcing the status at the start of the 
     12           * code.
     13           */

   \                                 In section .text, align 4, keep-with-next
     14          void outSRS(void){                         //[outSRS]
   \                     outSRS: (+1)
   \   00000000   0xB5F8             PUSH     {R3-R7,LR}
     15          
     16            
     17          	if (RCM_SRS1 & RCM_SRS1_SACKERR_MASK)
   \   00000002   0x....             LDR      R4,??DataTable18  ;; 0x4007f000
   \   00000004   0x7860             LDRB     R0,[R4, #+1]
   \   00000006   0x0680             LSLS     R0,R0,#+26
   \   00000008   0xD503             BPL      ??outSRS_0
     18          		printf("\n\rStop Mode Acknowledge Error Reset");
   \   0000000A   0xBF00             Nop      
   \   0000000C   0x....             ADR.N    R0,?_0
   \   0000000E   0x.... 0x....      BL       printf
     19          	if (RCM_SRS1 & RCM_SRS1_MDM_AP_MASK)
   \                     ??outSRS_0: (+1)
   \   00000012   0x2708             MOVS     R7,#+8
   \   00000014   0x7860             LDRB     R0,[R4, #+1]
   \   00000016   0x4238             TST      R0,R7
   \   00000018   0xD003             BEQ      ??outSRS_1
     20          		printf("\n\rMDM-AP Reset");
   \   0000001A   0xBF00             Nop      
   \   0000001C   0x....             ADR.N    R0,?_1
   \   0000001E   0x.... 0x....      BL       printf
     21          	if (RCM_SRS1 & RCM_SRS1_SW_MASK)
   \                     ??outSRS_1: (+1)
   \   00000022   0x2504             MOVS     R5,#+4
   \   00000024   0x7860             LDRB     R0,[R4, #+1]
   \   00000026   0x4228             TST      R0,R5
   \   00000028   0xD003             BEQ      ??outSRS_2
     22          		printf("\n\rSoftware Reset");
   \   0000002A   0xBF00             Nop      
   \   0000002C   0x....             ADR.N    R0,?_2
   \   0000002E   0x.... 0x....      BL       printf
     23          	if (RCM_SRS1 & RCM_SRS1_LOCKUP_MASK)
   \                     ??outSRS_2: (+1)
   \   00000032   0x2602             MOVS     R6,#+2
   \   00000034   0x7860             LDRB     R0,[R4, #+1]
   \   00000036   0x4230             TST      R0,R6
   \   00000038   0xD003             BEQ      ??outSRS_3
     24          		printf("\n\rCore Lockup Event Reset");
   \   0000003A   0xBF00             Nop      
   \   0000003C   0x....             ADR.N    R0,?_3
   \   0000003E   0x.... 0x....      BL       printf
     25          	
     26          	if (RCM_SRS0 & RCM_SRS0_POR_MASK)
   \                     ??outSRS_3: (+1)
   \   00000042   0x7820             LDRB     R0,[R4, #+0]
   \   00000044   0x0600             LSLS     R0,R0,#+24
   \   00000046   0xD502             BPL      ??outSRS_4
     27          		printf("\n\rPower-on Reset");
   \   00000048   0x....             ADR.N    R0,?_4
   \   0000004A   0x.... 0x....      BL       printf
     28          	if (RCM_SRS0 & RCM_SRS0_PIN_MASK)
   \                     ??outSRS_4: (+1)
   \   0000004E   0x7820             LDRB     R0,[R4, #+0]
   \   00000050   0x0640             LSLS     R0,R0,#+25
   \   00000052   0xD502             BPL      ??outSRS_5
     29          		printf("\n\rExternal Pin Reset");
   \   00000054   0x....             ADR.N    R0,?_5
   \   00000056   0x.... 0x....      BL       printf
     30          	if (RCM_SRS0 & RCM_SRS0_WDOG_MASK)
   \                     ??outSRS_5: (+1)
   \   0000005A   0x7820             LDRB     R0,[R4, #+0]
   \   0000005C   0x0680             LSLS     R0,R0,#+26
   \   0000005E   0xD502             BPL      ??outSRS_6
     31          		printf("\n\rWatchdog(COP) Reset");
   \   00000060   0x....             ADR.N    R0,?_6
   \   00000062   0x.... 0x....      BL       printf
     32          	if (RCM_SRS0 & RCM_SRS0_LOC_MASK)
   \                     ??outSRS_6: (+1)
   \   00000066   0x7820             LDRB     R0,[R4, #+0]
   \   00000068   0x4228             TST      R0,R5
   \   0000006A   0xD002             BEQ      ??outSRS_7
     33          		printf("\n\rLoss of External Clock Reset");
   \   0000006C   0x....             ADR.N    R0,?_7
   \   0000006E   0x.... 0x....      BL       printf
     34          	if (RCM_SRS0 & RCM_SRS0_LOL_MASK)
   \                     ??outSRS_7: (+1)
   \   00000072   0x7820             LDRB     R0,[R4, #+0]
   \   00000074   0x4238             TST      R0,R7
   \   00000076   0xD002             BEQ      ??outSRS_8
     35          		printf("\n\rLoss of Lock in PLL Reset");
   \   00000078   0x....             ADR.N    R0,?_8
   \   0000007A   0x.... 0x....      BL       printf
     36          	if (RCM_SRS0 & RCM_SRS0_LVD_MASK)
   \                     ??outSRS_8: (+1)
   \   0000007E   0x7820             LDRB     R0,[R4, #+0]
   \   00000080   0x4230             TST      R0,R6
   \   00000082   0xD002             BEQ      ??outSRS_9
     37          		printf("\n\rLow-voltage Detect Reset");
   \   00000084   0x....             ADR.N    R0,?_9
   \   00000086   0x.... 0x....      BL       printf
     38          	if (RCM_SRS0 & RCM_SRS0_WAKEUP_MASK)
   \                     ??outSRS_9: (+1)
   \   0000008A   0x7820             LDRB     R0,[R4, #+0]
   \   0000008C   0x07C0             LSLS     R0,R0,#+31
   \   0000008E   0xD53A             BPL      ??outSRS_10
     39                  {
     40                    printf("\n\r[outSRS]Wakeup bit set from low power mode ");
   \   00000090   0x....             ADR.N    R0,?_10
   \   00000092   0x.... 0x....      BL       printf
     41                    if ((SMC_PMCTRL & SMC_PMCTRL_STOPM_MASK)== 3)
   \   00000096   0x2507             MOVS     R5,#+7
   \   00000098   0x....             LDR      R6,??DataTable18_1  ;; 0x4007e001
   \   0000009A   0x7830             LDRB     R0,[R6, #+0]
   \   0000009C   0x4028             ANDS     R0,R0,R5
   \   0000009E   0x2803             CMP      R0,#+3
   \   000000A0   0xD103             BNE      ??outSRS_11
     42                      printf("LLS exit ") ;
   \   000000A2   0xBF00             Nop      
   \   000000A4   0x....             ADR.N    R0,?_11
   \   000000A6   0x.... 0x....      BL       printf
     43                    if (((SMC_PMCTRL & SMC_PMCTRL_STOPM_MASK)== 4) && ((SMC_STOPCTRL & SMC_STOPCTRL_VLLSM_MASK)== 0))
   \                     ??outSRS_11: (+1)
   \   000000AA   0x7830             LDRB     R0,[R6, #+0]
   \   000000AC   0x4028             ANDS     R0,R0,R5
   \   000000AE   0x2804             CMP      R0,#+4
   \   000000B0   0xD105             BNE      ??outSRS_12
   \   000000B2   0x7870             LDRB     R0,[R6, #+1]
   \   000000B4   0x4228             TST      R0,R5
   \   000000B6   0xD102             BNE      ??outSRS_12
     44                      printf("VLLS0 exit ") ;
   \   000000B8   0x....             ADR.N    R0,?_12
   \   000000BA   0x.... 0x....      BL       printf
     45                    if (((SMC_PMCTRL & SMC_PMCTRL_STOPM_MASK)== 4) && ((SMC_STOPCTRL & SMC_STOPCTRL_VLLSM_MASK)== 1))
   \                     ??outSRS_12: (+1)
   \   000000BE   0x7830             LDRB     R0,[R6, #+0]
   \   000000C0   0x4028             ANDS     R0,R0,R5
   \   000000C2   0x2804             CMP      R0,#+4
   \   000000C4   0xD107             BNE      ??outSRS_13
   \   000000C6   0x7870             LDRB     R0,[R6, #+1]
   \   000000C8   0x4028             ANDS     R0,R0,R5
   \   000000CA   0x2801             CMP      R0,#+1
   \   000000CC   0xD103             BNE      ??outSRS_13
     46                      printf("VLLS1 exit ") ;
   \   000000CE   0xBF00             Nop      
   \   000000D0   0x....             ADR.N    R0,?_13
   \   000000D2   0x.... 0x....      BL       printf
     47                    if (((SMC_PMCTRL & SMC_PMCTRL_STOPM_MASK)== 4) && ((SMC_STOPCTRL & SMC_STOPCTRL_VLLSM_MASK)== 2))
   \                     ??outSRS_13: (+1)
   \   000000D6   0x7830             LDRB     R0,[R6, #+0]
   \   000000D8   0x4028             ANDS     R0,R0,R5
   \   000000DA   0x2804             CMP      R0,#+4
   \   000000DC   0xD107             BNE      ??outSRS_14
   \   000000DE   0x7870             LDRB     R0,[R6, #+1]
   \   000000E0   0x4028             ANDS     R0,R0,R5
   \   000000E2   0x2802             CMP      R0,#+2
   \   000000E4   0xD103             BNE      ??outSRS_14
     48                      printf("VLLS2 exit") ;
   \   000000E6   0xBF00             Nop      
   \   000000E8   0x....             ADR.N    R0,?_14
   \   000000EA   0x.... 0x....      BL       printf
     49                    if (((SMC_PMCTRL & SMC_PMCTRL_STOPM_MASK)== 4) && ((SMC_STOPCTRL & SMC_STOPCTRL_VLLSM_MASK)== 3))
   \                     ??outSRS_14: (+1)
   \   000000EE   0x7830             LDRB     R0,[R6, #+0]
   \   000000F0   0x4028             ANDS     R0,R0,R5
   \   000000F2   0x2804             CMP      R0,#+4
   \   000000F4   0xD107             BNE      ??outSRS_10
   \   000000F6   0x7870             LDRB     R0,[R6, #+1]
   \   000000F8   0x4005             ANDS     R5,R5,R0
   \   000000FA   0x2D03             CMP      R5,#+3
   \   000000FC   0xD103             BNE      ??outSRS_10
     50                      printf("VLLS3 exit ") ; 
   \   000000FE   0xBF00             Nop      
   \   00000100   0x....             ADR.N    R0,?_15
   \   00000102   0x.... 0x....      BL       printf
     51          	}
     52          
     53                  if ((RCM_SRS0 == 0) && (RCM_SRS1 == 0)) 
   \                     ??outSRS_10: (+1)
   \   00000106   0x7820             LDRB     R0,[R4, #+0]
   \   00000108   0x2800             CMP      R0,#+0
   \   0000010A   0xD10A             BNE      ??outSRS_15
   \   0000010C   0x7860             LDRB     R0,[R4, #+1]
   \   0000010E   0x2800             CMP      R0,#+0
   \   00000110   0xD107             BNE      ??outSRS_15
     54                  {
     55          	       printf("[outSRS]RCM_SRS0 is ZERO   = %#02X \r\n\r", (RCM_SRS0))  ;
   \   00000112   0x7821             LDRB     R1,[R4, #+0]
   \   00000114   0x....             ADR.N    R0,?_16
   \   00000116   0x.... 0x....      BL       printf
     56          	       printf("[outSRS]RCM_SRS1 is ZERO   = %#02X \r\n\r", (RCM_SRS1))  ;	 
   \   0000011A   0x7861             LDRB     R1,[R4, #+1]
   \   0000011C   0x....             ADR.N    R0,?_17
   \   0000011E   0x.... 0x....      BL       printf
     57                  }
     58            }
   \                     ??outSRS_15: (+1)
   \   00000122   0xBDF1             POP      {R0,R4-R7,PC}    ;; return

   \                                 In section .text, align 4, keep-with-next
   \                     ??DataTable18:
   \   00000000   0x4007F000         DC32     0x4007f000

   \                                 In section .text, align 4, keep-with-next
   \                     ??DataTable18_1:
   \   00000000   0x4007E001         DC32     0x4007e001

   \                                 In section .text, align 4, keep-with-next
   \                     ?_0:
   \   00000000   0x0A 0x0D          DC8 "\012\015Stop Mode Acknowledge Error Reset"
   \              0x53 0x74    
   \              0x6F 0x70    
   \              0x20 0x4D    
   \              0x6F 0x64    
   \              0x65 0x20    
   \              0x41 0x63    
   \              0x6B 0x6E    
   \              0x6F 0x77    
   \              0x6C 0x65    
   \              0x64 0x67    
   \              0x65 0x20    
   \              0x45 0x72    
   \              0x72 0x6F    
   \              0x72 0x20    
   \              0x52 0x65    
   \              0x73 0x65    
   \              0x74 0x00    

   \                                 In section .text, align 4, keep-with-next
   \                     ?_1:
   \   00000000   0x0A 0x0D          DC8 "\012\015MDM-AP Reset"
   \              0x4D 0x44    
   \              0x4D 0x2D    
   \              0x41 0x50    
   \              0x20 0x52    
   \              0x65 0x73    
   \              0x65 0x74    
   \              0x00         
   \   0000000F   0x00               DC8 0

   \                                 In section .text, align 4, keep-with-next
   \                     ?_2:
   \   00000000   0x0A 0x0D          DC8 "\012\015Software Reset"
   \              0x53 0x6F    
   \              0x66 0x74    
   \              0x77 0x61    
   \              0x72 0x65    
   \              0x20 0x52    
   \              0x65 0x73    
   \              0x65 0x74    
   \              0x00         
   \   00000011   0x00 0x00          DC8 0, 0, 0
   \              0x00         

   \                                 In section .text, align 4, keep-with-next
   \                     ?_3:
   \   00000000   0x0A 0x0D          DC8 "\012\015Core Lockup Event Reset"
   \              0x43 0x6F    
   \              0x72 0x65    
   \              0x20 0x4C    
   \              0x6F 0x63    
   \              0x6B 0x75    
   \              0x70 0x20    
   \              0x45 0x76    
   \              0x65 0x6E    
   \              0x74 0x20    
   \              0x52 0x65    
   \              0x73 0x65    
   \              0x74 0x00    
   \   0000001A   0x00 0x00          DC8 0, 0

   \                                 In section .text, align 4, keep-with-next
   \                     ?_4:
   \   00000000   0x0A 0x0D          DC8 "\012\015Power-on Reset"
   \              0x50 0x6F    
   \              0x77 0x65    
   \              0x72 0x2D    
   \              0x6F 0x6E    
   \              0x20 0x52    
   \              0x65 0x73    
   \              0x65 0x74    
   \              0x00         
   \   00000011   0x00 0x00          DC8 0, 0, 0
   \              0x00         

   \                                 In section .text, align 4, keep-with-next
   \                     ?_5:
   \   00000000   0x0A 0x0D          DC8 "\012\015External Pin Reset"
   \              0x45 0x78    
   \              0x74 0x65    
   \              0x72 0x6E    
   \              0x61 0x6C    
   \              0x20 0x50    
   \              0x69 0x6E    
   \              0x20 0x52    
   \              0x65 0x73    
   \              0x65 0x74    
   \              0x00         
   \   00000015   0x00 0x00          DC8 0, 0, 0
   \              0x00         

   \                                 In section .text, align 4, keep-with-next
   \                     ?_6:
   \   00000000   0x0A 0x0D          DC8 "\012\015Watchdog(COP) Reset"
   \              0x57 0x61    
   \              0x74 0x63    
   \              0x68 0x64    
   \              0x6F 0x67    
   \              0x28 0x43    
   \              0x4F 0x50    
   \              0x29 0x20    
   \              0x52 0x65    
   \              0x73 0x65    
   \              0x74 0x00    
   \   00000016   0x00 0x00          DC8 0, 0

   \                                 In section .text, align 4, keep-with-next
   \                     ?_7:
   \   00000000   0x0A 0x0D          DC8 "\012\015Loss of External Clock Reset"
   \              0x4C 0x6F    
   \              0x73 0x73    
   \              0x20 0x6F    
   \              0x66 0x20    
   \              0x45 0x78    
   \              0x74 0x65    
   \              0x72 0x6E    
   \              0x61 0x6C    
   \              0x20 0x43    
   \              0x6C 0x6F    
   \              0x63 0x6B    
   \              0x20 0x52    
   \              0x65 0x73    
   \              0x65 0x74    
   \              0x00         
   \   0000001F   0x00               DC8 0

   \                                 In section .text, align 4, keep-with-next
   \                     ?_8:
   \   00000000   0x0A 0x0D          DC8 "\012\015Loss of Lock in PLL Reset"
   \              0x4C 0x6F    
   \              0x73 0x73    
   \              0x20 0x6F    
   \              0x66 0x20    
   \              0x4C 0x6F    
   \              0x63 0x6B    
   \              0x20 0x69    
   \              0x6E 0x20    
   \              0x50 0x4C    
   \              0x4C 0x20    
   \              0x52 0x65    
   \              0x73 0x65    
   \              0x74 0x00    

   \                                 In section .text, align 4, keep-with-next
   \                     ?_9:
   \   00000000   0x0A 0x0D          DC8 "\012\015Low-voltage Detect Reset"
   \              0x4C 0x6F    
   \              0x77 0x2D    
   \              0x76 0x6F    
   \              0x6C 0x74    
   \              0x61 0x67    
   \              0x65 0x20    
   \              0x44 0x65    
   \              0x74 0x65    
   \              0x63 0x74    
   \              0x20 0x52    
   \              0x65 0x73    
   \              0x65 0x74    
   \              0x00         
   \   0000001B   0x00               DC8 0

   \                                 In section .text, align 4, keep-with-next
   \                     ?_10:
   \   00000000   0x0A 0x0D          DC8 "\012\015[outSRS]Wakeup bit set from low power mode "
   \              0x5B 0x6F    
   \              0x75 0x74    
   \              0x53 0x52    
   \              0x53 0x5D    
   \              0x57 0x61    
   \              0x6B 0x65    
   \              0x75 0x70    
   \              0x20 0x62    
   \              0x69 0x74    
   \              0x20 0x73    
   \              0x65 0x74    
   \              0x20 0x66    
   \              0x72 0x6F    
   \              0x6D 0x20    
   \              0x6C 0x6F    
   \              0x77 0x20    
   \              0x70 0x6F    
   \              0x77 0x65    
   \              0x72 0x20    
   \              0x6D 0x6F    
   \              0x64 0x65    
   \              0x20 0x00    
   \   0000002E   0x00 0x00          DC8 0, 0

   \                                 In section .text, align 4, keep-with-next
   \                     ?_11:
   \   00000000   0x4C 0x4C          DC8 "LLS exit "
   \              0x53 0x20    
   \              0x65 0x78    
   \              0x69 0x74    
   \              0x20 0x00    
   \   0000000A   0x00 0x00          DC8 0, 0

   \                                 In section .text, align 4, keep-with-next
   \                     ?_12:
   \   00000000   0x56 0x4C          DC8 "VLLS0 exit "
   \              0x4C 0x53    
   \              0x30 0x20    
   \              0x65 0x78    
   \              0x69 0x74    
   \              0x20 0x00    

   \                                 In section .text, align 4, keep-with-next
   \                     ?_13:
   \   00000000   0x56 0x4C          DC8 "VLLS1 exit "
   \              0x4C 0x53    
   \              0x31 0x20    
   \              0x65 0x78    
   \              0x69 0x74    
   \              0x20 0x00    

   \                                 In section .text, align 4, keep-with-next
   \                     ?_14:
   \   00000000   0x56 0x4C          DC8 "VLLS2 exit"
   \              0x4C 0x53    
   \              0x32 0x20    
   \              0x65 0x78    
   \              0x69 0x74    
   \              0x00         
   \   0000000B   0x00               DC8 0

   \                                 In section .text, align 4, keep-with-next
   \                     ?_15:
   \   00000000   0x56 0x4C          DC8 "VLLS3 exit "
   \              0x4C 0x53    
   \              0x33 0x20    
   \              0x65 0x78    
   \              0x69 0x74    
   \              0x20 0x00    

   \                                 In section .text, align 4, keep-with-next
   \                     ?_16:
   \   00000000   0x5B 0x6F          DC8 "[outSRS]RCM_SRS0 is ZERO   = %#02X \015\012\015"
   \              0x75 0x74    
   \              0x53 0x52    
   \              0x53 0x5D    
   \              0x52 0x43    
   \              0x4D 0x5F    
   \              0x53 0x52    
   \              0x53 0x30    
   \              0x20 0x69    
   \              0x73 0x20    
   \              0x5A 0x45    
   \              0x52 0x4F    
   \              0x20 0x20    
   \              0x20 0x3D    
   \              0x20 0x25    
   \              0x23 0x30    
   \              0x32 0x58    
   \              0x20 0x0D    
   \              0x0A 0x0D    
   \              0x00         
   \   00000027   0x00               DC8 0

   \                                 In section .text, align 4, keep-with-next
   \                     ?_17:
   \   00000000   0x5B 0x6F          DC8 "[outSRS]RCM_SRS1 is ZERO   = %#02X \015\012\015"
   \              0x75 0x74    
   \              0x53 0x52    
   \              0x53 0x5D    
   \              0x52 0x43    
   \              0x4D 0x5F    
   \              0x53 0x52    
   \              0x53 0x31    
   \              0x20 0x69    
   \              0x73 0x20    
   \              0x5A 0x45    
   \              0x52 0x4F    
   \              0x20 0x20    
   \              0x20 0x3D    
   \              0x20 0x25    
   \              0x23 0x30    
   \              0x32 0x58    
   \              0x20 0x0D    
   \              0x0A 0x0D    
   \              0x00         
   \   00000027   0x00               DC8 0
     59          

   Maximum stack usage in bytes:

   .cstack Function
   ------- --------
      24   outSRS
        24   -> printf


   Section sizes:

   Bytes  Function/Label
   -----  --------------
       4  ??DataTable18
       4  ??DataTable18_1
      36  ?_0
      16  ?_1
      48  ?_10
      12  ?_11
      12  ?_12
      12  ?_13
      12  ?_14
      12  ?_15
      40  ?_16
      40  ?_17
      20  ?_2
      28  ?_3
      20  ?_4
      24  ?_5
      24  ?_6
      32  ?_7
      28  ?_8
      28  ?_9
     292  outSRS

 
 744 bytes in section .text
 
 744 bytes of CODE memory

Errors: none
Warnings: none
