###############################################################################
#
# IAR ANSI C/C++ Compiler V7.40.3.8902/W32 for ARM        30/Nov/2015  21:44:55
# Copyright 1999-2015 IAR Systems AB.
#
#    Cpu mode     =  thumb
#    Endian       =  little
#    Source file  =  
#        D:\My Project\ZhiyunKangkai\KL25 CMSIS USB Stack MSD With
#        FatFs\kl25_sc_rev10\klxx-sc-baremetal\src\cpu\start.c
#    Command line =  
#        "D:\My Project\ZhiyunKangkai\KL25 CMSIS USB Stack MSD With
#        FatFs\kl25_sc_rev10\klxx-sc-baremetal\src\cpu\start.c" -D IAR -D
#        FREEDOM -lCN "D:\My Project\ZhiyunKangkai\KL25 CMSIS USB Stack MSD
#        With
#        FatFs\kl25_sc_rev10\klxx-sc-baremetal\build\iar\platinum\FLASH_128KB\List\"
#        -lB "D:\My Project\ZhiyunKangkai\KL25 CMSIS USB Stack MSD With
#        FatFs\kl25_sc_rev10\klxx-sc-baremetal\build\iar\platinum\FLASH_128KB\List\"
#        -o "D:\My Project\ZhiyunKangkai\KL25 CMSIS USB Stack MSD With
#        FatFs\kl25_sc_rev10\klxx-sc-baremetal\build\iar\platinum\FLASH_128KB\Obj\"
#        --debug --endian=little --cpu=Cortex-M0+ -e --fpu=None --dlib_config
#        "C:\Program Files (x86)\IAR Systems\Embedded Workbench
#        7.2\arm\INC\c\DLib_Config_Normal.h" -I "D:\My
#        Project\ZhiyunKangkai\KL25 CMSIS USB Stack MSD With
#        FatFs\kl25_sc_rev10\klxx-sc-baremetal\build\iar\platinum\..\..\..\src\projects\platinum\"
#        -I "D:\My Project\ZhiyunKangkai\KL25 CMSIS USB Stack MSD With
#        FatFs\kl25_sc_rev10\klxx-sc-baremetal\build\iar\platinum\..\..\..\src\common\"
#        -I "D:\My Project\ZhiyunKangkai\KL25 CMSIS USB Stack MSD With
#        FatFs\kl25_sc_rev10\klxx-sc-baremetal\build\iar\platinum\..\..\..\src\cpu\"
#        -I "D:\My Project\ZhiyunKangkai\KL25 CMSIS USB Stack MSD With
#        FatFs\kl25_sc_rev10\klxx-sc-baremetal\build\iar\platinum\..\..\..\src\cpu\headers\"
#        -I "D:\My Project\ZhiyunKangkai\KL25 CMSIS USB Stack MSD With
#        FatFs\kl25_sc_rev10\klxx-sc-baremetal\build\iar\platinum\..\..\..\src\drivers\llwu\"
#        -I "D:\My Project\ZhiyunKangkai\KL25 CMSIS USB Stack MSD With
#        FatFs\kl25_sc_rev10\klxx-sc-baremetal\build\iar\platinum\..\..\..\src\drivers\lptmr\"
#        -I "D:\My Project\ZhiyunKangkai\KL25 CMSIS USB Stack MSD With
#        FatFs\kl25_sc_rev10\klxx-sc-baremetal\build\iar\platinum\..\..\..\src\drivers\mcg\"
#        -I "D:\My Project\ZhiyunKangkai\KL25 CMSIS USB Stack MSD With
#        FatFs\kl25_sc_rev10\klxx-sc-baremetal\build\iar\platinum\..\..\..\src\drivers\pmc\"
#        -I "D:\My Project\ZhiyunKangkai\KL25 CMSIS USB Stack MSD With
#        FatFs\kl25_sc_rev10\klxx-sc-baremetal\build\iar\platinum\..\..\..\src\drivers\rcm\"
#        -I "D:\My Project\ZhiyunKangkai\KL25 CMSIS USB Stack MSD With
#        FatFs\kl25_sc_rev10\klxx-sc-baremetal\build\iar\platinum\..\..\..\src\drivers\rtc\"
#        -I "D:\My Project\ZhiyunKangkai\KL25 CMSIS USB Stack MSD With
#        FatFs\kl25_sc_rev10\klxx-sc-baremetal\build\iar\platinum\..\..\..\src\drivers\smc\"
#        -I "D:\My Project\ZhiyunKangkai\KL25 CMSIS USB Stack MSD With
#        FatFs\kl25_sc_rev10\klxx-sc-baremetal\build\iar\platinum\..\..\..\src\drivers\uart\"
#        -I "D:\My Project\ZhiyunKangkai\KL25 CMSIS USB Stack MSD With
#        FatFs\kl25_sc_rev10\klxx-sc-baremetal\build\iar\platinum\..\..\..\src\drivers\wdog\"
#        -I "D:\My Project\ZhiyunKangkai\KL25 CMSIS USB Stack MSD With
#        FatFs\kl25_sc_rev10\klxx-sc-baremetal\build\iar\platinum\..\..\..\src\drivers\cmp\"
#        -I "D:\My Project\ZhiyunKangkai\KL25 CMSIS USB Stack MSD With
#        FatFs\kl25_sc_rev10\klxx-sc-baremetal\build\iar\platinum\..\..\..\src\platforms\"
#        -I "D:\My Project\ZhiyunKangkai\KL25 CMSIS USB Stack MSD With
#        FatFs\kl25_sc_rev10\klxx-sc-baremetal\build\iar\platinum\..\" -Oh
#    List file    =  
#        D:\My Project\ZhiyunKangkai\KL25 CMSIS USB Stack MSD With
#        FatFs\kl25_sc_rev10\klxx-sc-baremetal\build\iar\platinum\FLASH_128KB\List\start.lst
#    Object file  =  
#        D:\My Project\ZhiyunKangkai\KL25 CMSIS USB Stack MSD With
#        FatFs\kl25_sc_rev10\klxx-sc-baremetal\build\iar\platinum\FLASH_128KB\Obj\start.o
#
###############################################################################

D:\My Project\ZhiyunKangkai\KL25 CMSIS USB Stack MSD With FatFs\kl25_sc_rev10\klxx-sc-baremetal\src\cpu\start.c
      1          /*
      2           * File:	start.c
      3           * Purpose:	Kinetis L Family start up routines. 
      4           *
      5           * Notes:		
      6           */
      7          
      8          #include "start.h"
      9          #include "common.h"
     10          #include "sysinit.h"
     11          #include "rcm.h"
     12          
     13          
     14          /********************************************************************/
     15          /*!
     16           * \brief   Kinetis L Family Start
     17           * \return  None
     18           *
     19           * This function calls all of the necessary startup routines and then 
     20           * branches to the main process.
     21           */

   \                                 In section .text, align 2, keep-with-next
     22          void start(void)
     23          {            
   \                     start: (+1)
   \   00000000   0xB580             PUSH     {R7,LR}
     24          		/* Disable the watchdog timer */
     25              SIM_COPC = 0x00;
   \   00000002   0x2000             MOVS     R0,#+0
   \   00000004   0x....             LDR      R1,??DataTable44  ;; 0x40048100
   \   00000006   0x6008             STR      R0,[R1, #+0]
     26              
     27          #ifndef CMSIS    // If conforming to CMSIS, we do not need to perform this code
     28          
     29          
     30          	/* Copy any vector or data sections that need to be in RAM */
     31          	common_startup();
   \   00000008   0x.... 0x....      BL       common_startup
     32          #endif
     33          
     34          	/* Perform clock initialization, default UART initialization,
     35               * initializes clock out function, and enables the abort button
     36               */
     37          	sysinit();
   \   0000000C   0x.... 0x....      BL       sysinit
     38                  
     39                  printf("\n\r\n\r");
   \   00000010   0x....             LDR      R0,??DataTable44_1
   \   00000012   0x.... 0x....      BL       printf
     40          	
     41          	/* Determine the last cause(s) of reset */
     42          	outSRS();	
   \   00000016   0x.... 0x....      BL       outSRS
     43          	
     44          	/* Determine specific Kinetis L Family device and revision */
     45          	cpu_identify();
   \   0000001A   0x.... 0x....      BL       cpu_identify
     46          	
     47          #ifndef CMSIS    // If conforming to CMSIS, we do not need to perform this code
     48          	/* Jump to main process */
     49          	main();
   \   0000001E   0x.... 0x....      BL       main
     50          
     51          	/* No actions to perform after this so wait forever */
     52          	while(1);
   \                     ??start_0: (+1)
   \   00000022   0xE7FE             B        ??start_0
     53          #endif 
     54          }
     55          /********************************************************************/
     56          /*!
     57           * \brief   Kinetis L Family Identify
     58           * \return  None
     59           *
     60           * This is primarly a reporting function that displays information
     61           * about the specific CPU to the default terminal including:
     62           * - Kinetis family
     63           * - package
     64           * - die revision
     65           * - P-flash size
     66           * - Ram size
     67           */

   \                                 In section .text, align 4, keep-with-next
     68          void cpu_identify (void)
     69          {
   \                     cpu_identify: (+1)
   \   00000000   0xB570             PUSH     {R4-R6,LR}
     70            uint16 temp;
     71              /* Determine the Kinetis family */
     72              switch((SIM_SDID & SIM_SDID_FAMID(0x7))>>SIM_SDID_FAMID_SHIFT) 
   \   00000002   0x2607             MOVS     R6,#+7
   \   00000004   0x....             LDR      R4,??DataTable44_2  ;; 0x40048024
   \   00000006   0x6820             LDR      R0,[R4, #+0]
   \   00000008   0x0F00             LSRS     R0,R0,#+28
   \   0000000A   0x4030             ANDS     R0,R0,R6
   \   0000000C   0xD006             BEQ      ??cpu_identify_2
   \   0000000E   0x2802             CMP      R0,#+2
   \   00000010   0xD008             BEQ      ??cpu_identify_3
   \   00000012   0xD305             BCC      ??cpu_identify_4
   \   00000014   0x2804             CMP      R0,#+4
   \   00000016   0xD009             BEQ      ??cpu_identify_5
   \   00000018   0xD306             BCC      ??cpu_identify_6
   \   0000001A   0xE009             B        ??cpu_identify_7
     73              {  
     74              	case 0x0:
     75              		printf("\n\rKL0");
   \                     ??cpu_identify_2: (+1)
   \   0000001C   0x....             ADR.N    R0,?_1
   \   0000001E   0xE008             B        ??cpu_identify_8
     76              		break;
     77              	case 0x1:
     78              		printf("\n\rKL1");
   \                     ??cpu_identify_4: (+1)
   \   00000020   0x....             ADR.N    R0,?_2
   \   00000022   0xE006             B        ??cpu_identify_8
     79              		break;
     80              	case 0x2:
     81              		printf("\n\rKL2");
   \                     ??cpu_identify_3: (+1)
   \   00000024   0x....             ADR.N    R0,?_3
   \   00000026   0xE004             B        ??cpu_identify_8
     82              		break;
     83              	case 0x3:
     84              		printf("\n\rKL3");
   \                     ??cpu_identify_6: (+1)
   \   00000028   0x....             ADR.N    R0,?_4
   \   0000002A   0xE002             B        ??cpu_identify_8
     85              		break;
     86              	case 0x4:
     87              		printf("\n\rKL4");
   \                     ??cpu_identify_5: (+1)
   \   0000002C   0x....             ADR.N    R0,?_5
   \   0000002E   0xE000             B        ??cpu_identify_8
     88              		break;
     89          	default:
     90          		printf("\n\rUnrecognized Kinetis family device.\n\r");  
   \                     ??cpu_identify_7: (+1)
   \   00000030   0x....             ADR.N    R0,?_6
   \                     ??cpu_identify_8: (+1)
   \   00000032   0x.... 0x....      BL       printf
     91          		break;  	
     92              }
     93              
     94              /* Determine Sub-Family ID */
     95              switch((SIM_SDID & SIM_SDID_SUBFAMID(0x7))>>SIM_SDID_SUBFAMID_SHIFT) 
   \   00000036   0x6820             LDR      R0,[R4, #+0]
   \   00000038   0x0E00             LSRS     R0,R0,#+24
   \   0000003A   0x4030             ANDS     R0,R0,R6
   \   0000003C   0x2804             CMP      R0,#+4
   \   0000003E   0xD002             BEQ      ??cpu_identify_9
   \   00000040   0x2805             CMP      R0,#+5
   \   00000042   0xD002             BEQ      ??cpu_identify_10
   \   00000044   0xE003             B        ??cpu_identify_11
     96              {  
     97              	case 0x4:
     98              		printf("4");
   \                     ??cpu_identify_9: (+1)
   \   00000046   0x....             ADR      R0,??DataTable45  ;; "4"
   \   00000048   0xE003             B        ??cpu_identify_12
     99              		break;
    100              	case 0x5:
    101              		printf("5");
   \                     ??cpu_identify_10: (+1)
   \   0000004A   0x....             ADR      R0,??DataTable45_1  ;; "5"
   \   0000004C   0xE001             B        ??cpu_identify_12
    102              		break;
    103          	default:
    104          		printf("\n\rUnrecognized Kinetis sub-family device.\n\r");  
   \                     ??cpu_identify_11: (+1)
   \   0000004E   0xBF00             Nop      
   \   00000050   0x....             ADR.N    R0,?_9
   \                     ??cpu_identify_12: (+1)
   \   00000052   0x.... 0x....      BL       printf
    105          		break;  	
    106              }
    107              
    108              /* Determine the package size */
    109              switch((SIM_SDID & SIM_SDID_PINID(0xF))>>SIM_SDID_PINID_SHIFT) 
   \   00000056   0x250F             MOVS     R5,#+15
   \   00000058   0x6820             LDR      R0,[R4, #+0]
   \   0000005A   0x4028             ANDS     R0,R0,R5
   \   0000005C   0x2808             CMP      R0,#+8
   \   0000005E   0xD81B             BHI      ??cpu_identify_13
   \   00000060   0xA101             ADR      R1,??cpu_identify_0
   \   00000062   0x5C09             LDRB     R1,[R1, R0]
   \   00000064   0x448F             ADD      PC,PC,R1
   \   00000066   0xBF00             Nop      
   \                     ??cpu_identify_0:
   \   00000068   0x0A 0x10          DC8      0xA,0x10,0x14,0x30
   \              0x14 0x30    
   \   0000006C   0x18 0x1C          DC8      0x18,0x1C,0x22,0x30
   \              0x22 0x30    
   \   00000070   0x2A 0x00          DC8      0x2A,0x0
    110              {  
    111              	case 0x0:
    112              		printf("16pin       ");
   \                     ??cpu_identify_14: (+1)
   \   00000072   0xBF00             Nop      
   \   00000074   0x....             ADR.N    R0,?_10
   \   00000076   0xE010             B        ??cpu_identify_15
    113              		break;
    114              	case 0x1:
    115              		printf("24pin       ");
   \                     ??cpu_identify_16: (+1)
   \   00000078   0x....             ADR.N    R0,?_11
   \   0000007A   0xE00E             B        ??cpu_identify_15
    116              		break;
    117              	case 0x2:
    118              		printf("32pin      ");
   \                     ??cpu_identify_17: (+1)
   \   0000007C   0x....             ADR.N    R0,?_12
   \   0000007E   0xE00C             B        ??cpu_identify_15
    119              		break;
    120              	case 0x4:
    121              		printf("48pin      ");
   \                     ??cpu_identify_18: (+1)
   \   00000080   0x....             ADR.N    R0,?_13
   \   00000082   0xE00A             B        ??cpu_identify_15
    122              		break;
    123              	case 0x5:
    124              		printf("64pin      ");
   \                     ??cpu_identify_19: (+1)
   \   00000084   0x....             ADR.N    R0,?_14
   \   00000086   0x.... 0x....      BL       printf
    125                  case 0x6:
    126              		printf("80pin      ");
   \                     ??cpu_identify_20: (+1)
   \   0000008A   0xBF00             Nop      
   \   0000008C   0x....             ADR.N    R0,?_15
   \   0000008E   0x.... 0x....      BL       printf
    127                  case 0x8:
    128              		printf("100pin      ");        
   \                     ??cpu_identify_21: (+1)
   \   00000092   0xBF00             Nop      
   \   00000094   0x....             ADR.N    R0,?_16
   \   00000096   0xE000             B        ??cpu_identify_15
    129              		break;
    130          	default:
    131          		printf("\n\rUnrecognized Kinetis package code.      ");  
   \                     ??cpu_identify_13: (+1)
   \   00000098   0x....             ADR.N    R0,?_17
   \                     ??cpu_identify_15: (+1)
   \   0000009A   0x.... 0x....      BL       printf
    132          		break;  	
    133              }
    134              
    135              /* Determine Attribute ID */
    136              switch((SIM_SDID & SIM_SDID_SERIESID(0x7))>>SIM_SDID_SERIESID_SHIFT) 
   \   0000009E   0x6820             LDR      R0,[R4, #+0]
   \   000000A0   0x0D00             LSRS     R0,R0,#+20
   \   000000A2   0x4030             ANDS     R0,R0,R6
   \   000000A4   0x2801             CMP      R0,#+1
   \   000000A6   0xD101             BNE      ??cpu_identify_22
    137              {  
    138              	case 0x1:
    139              		printf("\n\rLow Power Line with Cortex M0+\n\r\n\r");
   \   000000A8   0x....             LDR      R0,??DataTable45_2
   \   000000AA   0xE000             B        ??cpu_identify_23
    140              		break;
    141          	default:
    142          		printf("\n\rUnrecognized Kinetis family attribute.\n\r");  
   \                     ??cpu_identify_22: (+1)
   \   000000AC   0x....             LDR      R0,??DataTable45_3
   \                     ??cpu_identify_23: (+1)
   \   000000AE   0x.... 0x....      BL       printf
    143          		break;  	
    144              }
    145              
    146              /* Determine the System SRAM Size */
    147              switch((SIM_SDID & SIM_SDID_SRAMSIZE(0x7))>>SIM_SDID_SRAMSIZE_SHIFT) 
   \   000000B2   0x6820             LDR      R0,[R4, #+0]
   \   000000B4   0x0C00             LSRS     R0,R0,#+16
   \   000000B6   0x4006             ANDS     R6,R6,R0
   \   000000B8   0x2E07             CMP      R6,#+7
   \   000000BA   0xD817             BHI      ??cpu_identify_24
   \   000000BC   0xA001             ADR      R0,??cpu_identify_1
   \   000000BE   0x5D80             LDRB     R0,[R0, R6]
   \   000000C0   0x4487             ADD      PC,PC,R0
   \   000000C2   0xBF00             Nop      
   \                     ??cpu_identify_1:
   \   000000C4   0x08 0x0C          DC8      0x8,0xC,0x10,0x14
   \              0x10 0x14    
   \   000000C8   0x18 0x1C          DC8      0x18,0x1C,0x20,0x24
   \              0x20 0x24    
    148              {  
    149              	case 0x0:
    150                    printf("SRAM Size: 0.5 KB\n\r");
   \                     ??cpu_identify_25: (+1)
   \   000000CC   0x....             LDR      R0,??DataTable45_4
   \   000000CE   0xE00E             B        ??cpu_identify_26
    151              		break;
    152                  case 0x1:
    153                    printf("SRAM Size:  1 KB\n\r");
   \                     ??cpu_identify_27: (+1)
   \   000000D0   0x....             LDR      R0,??DataTable45_5
   \   000000D2   0xE00C             B        ??cpu_identify_26
    154                    break;
    155                  case 0x2:
    156                    printf("SRAM Size:  2 KB\n\r");
   \                     ??cpu_identify_28: (+1)
   \   000000D4   0x....             LDR      R0,??DataTable45_6
   \   000000D6   0xE00A             B        ??cpu_identify_26
    157                    break;
    158                  case 0x3:
    159                    printf("SRAM Size:  4 KB\n\r");
   \                     ??cpu_identify_29: (+1)
   \   000000D8   0x....             LDR      R0,??DataTable45_7
   \   000000DA   0xE008             B        ??cpu_identify_26
    160                    break;
    161                  case 0x4:
    162                    printf("SRAM Size:  8 KB\n\r");
   \                     ??cpu_identify_30: (+1)
   \   000000DC   0x....             LDR      R0,??DataTable45_8
   \   000000DE   0xE006             B        ??cpu_identify_26
    163                    break;
    164                  case 0x5:
    165                    printf("SRAM Size:  16 KB\n\r");
   \                     ??cpu_identify_31: (+1)
   \   000000E0   0x....             LDR      R0,??DataTable45_9
   \   000000E2   0xE004             B        ??cpu_identify_26
    166                    break;
    167                  case 0x6:
    168                    printf("SRAM Size:  32 KB\n\r");
   \                     ??cpu_identify_32: (+1)
   \   000000E4   0x....             LDR      R0,??DataTable45_10
   \   000000E6   0xE002             B        ??cpu_identify_26
    169                    break;
    170                  case 0x7:
    171                    printf("SRAM Size:  64 KB\n\r");
   \                     ??cpu_identify_33: (+1)
   \   000000E8   0x....             LDR      R0,??DataTable45_11
   \   000000EA   0xE000             B        ??cpu_identify_26
    172                    break;
    173          	default:
    174          		printf("\n\rUnrecognized SRAM Size.\n\r");  
   \                     ??cpu_identify_24: (+1)
   \   000000EC   0x....             LDR      R0,??DataTable45_12
   \                     ??cpu_identify_26: (+1)
   \   000000EE   0x.... 0x....      BL       printf
    175          		break;  	
    176              }                
    177          
    178              /* Determine the revision ID */
    179              temp = ((SIM_SDID_REVID(0xF))>>SIM_SDID_REVID_SHIFT);
    180              printf("Silicon rev %d\n\r ", temp);
   \   000000F2   0x210F             MOVS     R1,#+15
   \   000000F4   0x....             LDR      R0,??DataTable45_13
   \   000000F6   0x.... 0x....      BL       printf
    181              
    182              /* Determine the flash revision */
    183              //flash_identify();    
    184              
    185              /* Determine the P-flash size */
    186            switch((SIM_FCFG1 & SIM_FCFG1_PFSIZE(0xF))>>SIM_FCFG1_PFSIZE_SHIFT)
   \   000000FA   0x6AA0             LDR      R0,[R4, #+40]
   \   000000FC   0x0E00             LSRS     R0,R0,#+24
   \   000000FE   0x4005             ANDS     R5,R5,R0
   \   00000100   0xD00C             BEQ      ??cpu_identify_34
   \   00000102   0x2D01             CMP      R5,#+1
   \   00000104   0xD00C             BEQ      ??cpu_identify_35
   \   00000106   0x2D03             CMP      R5,#+3
   \   00000108   0xD00C             BEQ      ??cpu_identify_36
   \   0000010A   0x2D05             CMP      R5,#+5
   \   0000010C   0xD00C             BEQ      ??cpu_identify_37
   \   0000010E   0x2D07             CMP      R5,#+7
   \   00000110   0xD00E             BEQ      ??cpu_identify_38
   \   00000112   0x2D09             CMP      R5,#+9
   \   00000114   0xD00A             BEQ      ??cpu_identify_39
   \   00000116   0x2D0F             CMP      R5,#+15
   \   00000118   0xD00A             BEQ      ??cpu_identify_38
   \   0000011A   0xE00B             B        ??cpu_identify_40
    187              {
    188            	case 0x0:
    189              		printf("Flash size:  8 KB program flash, 0.25 KB protection region");
   \                     ??cpu_identify_34: (+1)
   \   0000011C   0x....             LDR      R0,??DataTable45_14
   \   0000011E   0xE00A             B        ??cpu_identify_41
    190              		break;
    191              	case 0x1:
    192              		printf("Flash size:  16 KB program flash, 0.5 KB protection region	");
   \                     ??cpu_identify_35: (+1)
   \   00000120   0x....             LDR      R0,??DataTable45_15
   \   00000122   0xE008             B        ??cpu_identify_41
    193              		break;
    194                  case 0x3:
    195              		printf("Flash size:  32 KB program flash, 1 KB protection region	");
   \                     ??cpu_identify_36: (+1)
   \   00000124   0x....             ADR.N    R0,?_32
   \   00000126   0xE006             B        ??cpu_identify_41
    196              		break;
    197              	case 0x5:
    198              		printf("Flash size:  64 KB program flash, 2 KB protection region	");
   \                     ??cpu_identify_37: (+1)
   \   00000128   0x....             ADR.N    R0,?_33
   \   0000012A   0xE004             B        ??cpu_identify_41
    199              		break;
    200                  case 0x7:
    201              		printf("Flash size:  128 KB program flash, 4 KB protection region	");
    202              		break;
    203                  case 0x9:
    204              		printf("Flash size:  256 KB program flash, 4 KB protection region	");
   \                     ??cpu_identify_39: (+1)
   \   0000012C   0x....             ADR.N    R0,?_35
   \   0000012E   0xE002             B        ??cpu_identify_41
    205              		break;
    206                  case 0xF:
    207              		printf("Flash size:  128 KB program flash, 4 KB protection region	");
   \                     ??cpu_identify_38: (+1)
   \   00000130   0x....             ADR.N    R0,?_34
   \   00000132   0xE000             B        ??cpu_identify_41
    208              		break;
    209          	default:
    210          		printf("ERR!! Undefined flash size\n\r");  
   \                     ??cpu_identify_40: (+1)
   \   00000134   0x....             ADR.N    R0,?_36
   \                     ??cpu_identify_41: (+1)
   \   00000136   0x.... 0x....      BL       printf
    211          		break;  	  		
    212              }
    213          }
   \   0000013A   0xBD70             POP      {R4-R6,PC}       ;; return
    214          /********************************************************************/
    215          /*!
    216           * \brief   flash Identify
    217           * \return  None
    218           *
    219           * This is primarly a reporting function that displays information
    220           * about the specific flash parameters and flash version ID for 
    221           * the current device. These parameters are obtained using a special
    222           * flash command call "read resource." The first four bytes returned
    223           * are the flash parameter revision, and the second four bytes are
    224           * the flash version ID.
    225           */

   \                                 In section .text, align 4, keep-with-next
    226          void flash_identify (void)
    227          {
   \                     flash_identify: (+1)
   \   00000000   0xB5F8             PUSH     {R3-R7,LR}
    228              /* Get the flash parameter version */
    229          
    230              /* Write the flash FCCOB registers with the values for a read resource command */
    231              FTFA_FCCOB0 = 0x03;
   \   00000002   0x....             LDR      R4,??DataTable45_16  ;; 0x40020000
   \   00000004   0x2703             MOVS     R7,#+3
   \   00000006   0x71E7             STRB     R7,[R4, #+7]
    232              FTFA_FCCOB1 = 0x00;
   \   00000008   0x2500             MOVS     R5,#+0
   \   0000000A   0x71A5             STRB     R5,[R4, #+6]
    233              FTFA_FCCOB2 = 0x00;
   \   0000000C   0x7165             STRB     R5,[R4, #+5]
    234              FTFA_FCCOB3 = 0x00;
   \   0000000E   0x7125             STRB     R5,[R4, #+4]
    235              FTFA_FCCOB8 = 0x01;
   \   00000010   0x2601             MOVS     R6,#+1
   \   00000012   0x73E6             STRB     R6,[R4, #+15]
   \   00000014   0x2080             MOVS     R0,#+128
   \   00000016   0x7020             STRB     R0,[R4, #+0]
    236          
    237              /* All required FCCOBx registers are written, so launch the command */
    238              FTFA_FSTAT = FTFA_FSTAT_CCIF_MASK;
    239          
    240              /* Wait for the command to complete */
    241              while(!(FTFA_FSTAT & FTFA_FSTAT_CCIF_MASK));
   \                     ??flash_identify_0: (+1)
   \   00000018   0x7820             LDRB     R0,[R4, #+0]
   \   0000001A   0x0600             LSLS     R0,R0,#+24
   \   0000001C   0xD5FC             BPL      ??flash_identify_0
    242              
    243              printf("Flash parameter version %d ",FTFA_FCCOB4);
   \   0000001E   0x7AE1             LDRB     R1,[R4, #+11]
   \   00000020   0x....             ADR.N    R0,?_37
   \   00000022   0x.... 0x....      BL       printf
   \   00000026   0x7AA1             LDRB     R1,[R4, #+10]
   \   00000028   0x....             ADR.N    R0,?_38
    244              printf(" %d ",FTFA_FCCOB5);
   \   0000002A   0x.... 0x....      BL       printf
    245              printf(" %d ",FTFA_FCCOB6);
   \   0000002E   0x7A61             LDRB     R1,[R4, #+9]
   \   00000030   0x....             ADR.N    R0,?_38
   \   00000032   0x.... 0x....      BL       printf
    246              printf(" %d\n\r",FTFA_FCCOB7);
   \   00000036   0x7A21             LDRB     R1,[R4, #+8]
   \   00000038   0x....             ADR.N    R0,?_39
   \   0000003A   0x.... 0x....      BL       printf
    247          
    248              /* Get the flash version ID */   
    249          
    250              /* Write the flash FCCOB registers with the values for a read resource command */
    251              FTFA_FCCOB0 = 0x03;
   \   0000003E   0x71E7             STRB     R7,[R4, #+7]
    252              FTFA_FCCOB1 = 0x00;
   \   00000040   0x71A5             STRB     R5,[R4, #+6]
    253              FTFA_FCCOB2 = 0x00;
   \   00000042   0x7165             STRB     R5,[R4, #+5]
    254              FTFA_FCCOB3 = 0x04;
   \   00000044   0x2004             MOVS     R0,#+4
   \   00000046   0x7120             STRB     R0,[R4, #+4]
    255              FTFA_FCCOB8 = 0x01;
   \   00000048   0x73E6             STRB     R6,[R4, #+15]
    256          
    257              /* All required FCCOBx registers are written, so launch the command */
    258              FTFA_FSTAT = FTFA_FSTAT_CCIF_MASK;
   \   0000004A   0x2080             MOVS     R0,#+128
   \   0000004C   0x7020             STRB     R0,[R4, #+0]
    259          
    260              /* Wait for the command to complete */
    261              while(!(FTFA_FSTAT & FTFA_FSTAT_CCIF_MASK));
   \                     ??flash_identify_1: (+1)
   \   0000004E   0x7820             LDRB     R0,[R4, #+0]
   \   00000050   0x0600             LSLS     R0,R0,#+24
   \   00000052   0xD5FC             BPL      ??flash_identify_1
    262          
    263              printf("Flash version ID %d ",FTFA_FCCOB4);  
   \   00000054   0x7AE1             LDRB     R1,[R4, #+11]
   \   00000056   0xBF00             Nop      
   \   00000058   0x....             ADR.N    R0,?_40
   \   0000005A   0x.... 0x....      BL       printf
    264              printf(" %d",FTFA_FCCOB5);  
   \   0000005E   0x7AA1             LDRB     R1,[R4, #+10]
   \   00000060   0x....             ADR      R0,??DataTable45_17  ;; " %d"
   \   00000062   0x.... 0x....      BL       printf
    265              printf(" %d ",FTFA_FCCOB6);  
   \   00000066   0x7A61             LDRB     R1,[R4, #+9]
   \   00000068   0x....             ADR.N    R0,?_38
   \   0000006A   0x.... 0x....      BL       printf
    266              printf("%d\n\r",FTFA_FCCOB7);  
   \   0000006E   0x7A21             LDRB     R1,[R4, #+8]
   \   00000070   0x....             ADR.N    R0,?_42
   \   00000072   0x.... 0x....      BL       printf
    267          }
   \   00000076   0xBDF1             POP      {R0,R4-R7,PC}    ;; return

   \                                 In section .text, align 4, keep-with-next
   \                     ??DataTable44:
   \   00000000   0x40048100         DC32     0x40048100

   \                                 In section .text, align 4, keep-with-next
   \                     ??DataTable44_1:
   \   00000000   0x........         DC32     ?_0

   \                                 In section .text, align 4, keep-with-next
   \                     ??DataTable44_2:
   \   00000000   0x40048024         DC32     0x40048024

   \                                 In section .text, align 4, keep-with-next
   \                     ?_32:
   \   00000000   0x46 0x6C          DC8 46H, 6CH, 61H, 73H, 68H, 20H, 73H, 69H
   \              0x61 0x73    
   \              0x68 0x20    
   \              0x73 0x69    
   \   00000008   0x7A 0x65          DC8 7AH, 65H, 3AH, 20H, 20H, 33H, 32H, 20H
   \              0x3A 0x20    
   \              0x20 0x33    
   \              0x32 0x20    
   \   00000010   0x4B 0x42          DC8 4BH, 42H, 20H, 70H, 72H, 6FH, 67H, 72H
   \              0x20 0x70    
   \              0x72 0x6F    
   \              0x67 0x72    
   \   00000018   0x61 0x6D          DC8 61H, 6DH, 20H, 66H, 6CH, 61H, 73H, 68H
   \              0x20 0x66    
   \              0x6C 0x61    
   \              0x73 0x68    
   \   00000020   0x2C 0x20          DC8 2CH, 20H, 31H, 20H, 4BH, 42H, 20H, 70H
   \              0x31 0x20    
   \              0x4B 0x42    
   \              0x20 0x70    
   \   00000028   0x72 0x6F          DC8 72H, 6FH, 74H, 65H, 63H, 74H, 69H, 6FH
   \              0x74 0x65    
   \              0x63 0x74    
   \              0x69 0x6F    
   \   00000030   0x6E 0x20          DC8 6EH, 20H, 72H, 65H, 67H, 69H, 6FH, 6EH
   \              0x72 0x65    
   \              0x67 0x69    
   \              0x6F 0x6E    
   \   00000038   0x09 0x00          DC8 9, 0
   \   0000003A   0x00 0x00          DC8 0, 0

   \                                 In section .text, align 4, keep-with-next
   \                     ?_33:
   \   00000000   0x46 0x6C          DC8 46H, 6CH, 61H, 73H, 68H, 20H, 73H, 69H
   \              0x61 0x73    
   \              0x68 0x20    
   \              0x73 0x69    
   \   00000008   0x7A 0x65          DC8 7AH, 65H, 3AH, 20H, 20H, 36H, 34H, 20H
   \              0x3A 0x20    
   \              0x20 0x36    
   \              0x34 0x20    
   \   00000010   0x4B 0x42          DC8 4BH, 42H, 20H, 70H, 72H, 6FH, 67H, 72H
   \              0x20 0x70    
   \              0x72 0x6F    
   \              0x67 0x72    
   \   00000018   0x61 0x6D          DC8 61H, 6DH, 20H, 66H, 6CH, 61H, 73H, 68H
   \              0x20 0x66    
   \              0x6C 0x61    
   \              0x73 0x68    
   \   00000020   0x2C 0x20          DC8 2CH, 20H, 32H, 20H, 4BH, 42H, 20H, 70H
   \              0x32 0x20    
   \              0x4B 0x42    
   \              0x20 0x70    
   \   00000028   0x72 0x6F          DC8 72H, 6FH, 74H, 65H, 63H, 74H, 69H, 6FH
   \              0x74 0x65    
   \              0x63 0x74    
   \              0x69 0x6F    
   \   00000030   0x6E 0x20          DC8 6EH, 20H, 72H, 65H, 67H, 69H, 6FH, 6EH
   \              0x72 0x65    
   \              0x67 0x69    
   \              0x6F 0x6E    
   \   00000038   0x09 0x00          DC8 9, 0
   \   0000003A   0x00 0x00          DC8 0, 0

   \                                 In section .text, align 4, keep-with-next
   \                     ?_35:
   \   00000000   0x46 0x6C          DC8 46H, 6CH, 61H, 73H, 68H, 20H, 73H, 69H
   \              0x61 0x73    
   \              0x68 0x20    
   \              0x73 0x69    
   \   00000008   0x7A 0x65          DC8 7AH, 65H, 3AH, 20H, 20H, 32H, 35H, 36H
   \              0x3A 0x20    
   \              0x20 0x32    
   \              0x35 0x36    
   \   00000010   0x20 0x4B          DC8 20H, 4BH, 42H, 20H, 70H, 72H, 6FH, 67H
   \              0x42 0x20    
   \              0x70 0x72    
   \              0x6F 0x67    
   \   00000018   0x72 0x61          DC8 72H, 61H, 6DH, 20H, 66H, 6CH, 61H, 73H
   \              0x6D 0x20    
   \              0x66 0x6C    
   \              0x61 0x73    
   \   00000020   0x68 0x2C          DC8 68H, 2CH, 20H, 34H, 20H, 4BH, 42H, 20H
   \              0x20 0x34    
   \              0x20 0x4B    
   \              0x42 0x20    
   \   00000028   0x70 0x72          DC8 70H, 72H, 6FH, 74H, 65H, 63H, 74H, 69H
   \              0x6F 0x74    
   \              0x65 0x63    
   \              0x74 0x69    
   \   00000030   0x6F 0x6E          DC8 6FH, 6EH, 20H, 72H, 65H, 67H, 69H, 6FH
   \              0x20 0x72    
   \              0x65 0x67    
   \              0x69 0x6F    
   \   00000038   0x6E 0x09          DC8 6EH, 9, 0
   \              0x00         
   \   0000003B   0x00               DC8 0

   \                                 In section .text, align 4, keep-with-next
   \                     ?_34:
   \   00000000   0x46 0x6C          DC8 46H, 6CH, 61H, 73H, 68H, 20H, 73H, 69H
   \              0x61 0x73    
   \              0x68 0x20    
   \              0x73 0x69    
   \   00000008   0x7A 0x65          DC8 7AH, 65H, 3AH, 20H, 20H, 31H, 32H, 38H
   \              0x3A 0x20    
   \              0x20 0x31    
   \              0x32 0x38    
   \   00000010   0x20 0x4B          DC8 20H, 4BH, 42H, 20H, 70H, 72H, 6FH, 67H
   \              0x42 0x20    
   \              0x70 0x72    
   \              0x6F 0x67    
   \   00000018   0x72 0x61          DC8 72H, 61H, 6DH, 20H, 66H, 6CH, 61H, 73H
   \              0x6D 0x20    
   \              0x66 0x6C    
   \              0x61 0x73    
   \   00000020   0x68 0x2C          DC8 68H, 2CH, 20H, 34H, 20H, 4BH, 42H, 20H
   \              0x20 0x34    
   \              0x20 0x4B    
   \              0x42 0x20    
   \   00000028   0x70 0x72          DC8 70H, 72H, 6FH, 74H, 65H, 63H, 74H, 69H
   \              0x6F 0x74    
   \              0x65 0x63    
   \              0x74 0x69    
   \   00000030   0x6F 0x6E          DC8 6FH, 6EH, 20H, 72H, 65H, 67H, 69H, 6FH
   \              0x20 0x72    
   \              0x65 0x67    
   \              0x69 0x6F    
   \   00000038   0x6E 0x09          DC8 6EH, 9, 0
   \              0x00         
   \   0000003B   0x00               DC8 0

   \                                 In section .text, align 4, keep-with-next
   \                     ?_36:
   \   00000000   0x45 0x52          DC8 "ERR!! Undefined flash size\012\015"
   \              0x52 0x21    
   \              0x21 0x20    
   \              0x55 0x6E    
   \              0x64 0x65    
   \              0x66 0x69    
   \              0x6E 0x65    
   \              0x64 0x20    
   \              0x66 0x6C    
   \              0x61 0x73    
   \              0x68 0x20    
   \              0x73 0x69    
   \              0x7A 0x65    
   \              0x0A 0x0D    
   \              0x00         
   \   0000001D   0x00 0x00          DC8 0, 0, 0
   \              0x00         

   \                                 In section .text, align 4, keep-with-next
   \                     ??DataTable45:
   \   00000000   0x34 0x00          DC8      "4",0x0,0x0
   \              0x00 0x00    

   \                                 In section .text, align 4, keep-with-next
   \                     ??DataTable45_1:
   \   00000000   0x35 0x00          DC8      "5",0x0,0x0
   \              0x00 0x00    

   \                                 In section .text, align 4, keep-with-next
   \                     ??DataTable45_2:
   \   00000000   0x........         DC32     ?_18

   \                                 In section .text, align 4, keep-with-next
   \                     ??DataTable45_3:
   \   00000000   0x........         DC32     ?_19

   \                                 In section .text, align 4, keep-with-next
   \                     ??DataTable45_4:
   \   00000000   0x........         DC32     ?_20

   \                                 In section .text, align 4, keep-with-next
   \                     ??DataTable45_5:
   \   00000000   0x........         DC32     ?_21

   \                                 In section .text, align 4, keep-with-next
   \                     ??DataTable45_6:
   \   00000000   0x........         DC32     ?_22

   \                                 In section .text, align 4, keep-with-next
   \                     ??DataTable45_7:
   \   00000000   0x........         DC32     ?_23

   \                                 In section .text, align 4, keep-with-next
   \                     ??DataTable45_8:
   \   00000000   0x........         DC32     ?_24

   \                                 In section .text, align 4, keep-with-next
   \                     ??DataTable45_9:
   \   00000000   0x........         DC32     ?_25

   \                                 In section .text, align 4, keep-with-next
   \                     ??DataTable45_10:
   \   00000000   0x........         DC32     ?_26

   \                                 In section .text, align 4, keep-with-next
   \                     ??DataTable45_11:
   \   00000000   0x........         DC32     ?_27

   \                                 In section .text, align 4, keep-with-next
   \                     ??DataTable45_12:
   \   00000000   0x........         DC32     ?_28

   \                                 In section .text, align 4, keep-with-next
   \                     ??DataTable45_13:
   \   00000000   0x........         DC32     ?_29

   \                                 In section .text, align 4, keep-with-next
   \                     ??DataTable45_14:
   \   00000000   0x........         DC32     ?_30

   \                                 In section .text, align 4, keep-with-next
   \                     ??DataTable45_15:
   \   00000000   0x........         DC32     ?_31

   \                                 In section .text, align 4, keep-with-next
   \                     ??DataTable45_16:
   \   00000000   0x40020000         DC32     0x40020000

   \                                 In section .text, align 4, keep-with-next
   \                     ??DataTable45_17:
   \   00000000   0x20 0x25          DC8      " %d"
   \              0x64 0x00    

   \                                 In section .text, align 4, keep-with-next
   \                     ?_1:
   \   00000000   0x0A 0x0D          DC8 "\012\015KL0"
   \              0x4B 0x4C    
   \              0x30 0x00    
   \   00000006   0x00 0x00          DC8 0, 0

   \                                 In section .text, align 4, keep-with-next
   \                     ?_2:
   \   00000000   0x0A 0x0D          DC8 "\012\015KL1"
   \              0x4B 0x4C    
   \              0x31 0x00    
   \   00000006   0x00 0x00          DC8 0, 0

   \                                 In section .text, align 4, keep-with-next
   \                     ?_3:
   \   00000000   0x0A 0x0D          DC8 "\012\015KL2"
   \              0x4B 0x4C    
   \              0x32 0x00    
   \   00000006   0x00 0x00          DC8 0, 0

   \                                 In section .text, align 4, keep-with-next
   \                     ?_4:
   \   00000000   0x0A 0x0D          DC8 "\012\015KL3"
   \              0x4B 0x4C    
   \              0x33 0x00    
   \   00000006   0x00 0x00          DC8 0, 0

   \                                 In section .text, align 4, keep-with-next
   \                     ?_5:
   \   00000000   0x0A 0x0D          DC8 "\012\015KL4"
   \              0x4B 0x4C    
   \              0x34 0x00    
   \   00000006   0x00 0x00          DC8 0, 0

   \                                 In section .text, align 4, keep-with-next
   \                     ?_6:
   \   00000000   0x0A 0x0D          DC8 "\012\015Unrecognized Kinetis family device.\012\015"
   \              0x55 0x6E    
   \              0x72 0x65    
   \              0x63 0x6F    
   \              0x67 0x6E    
   \              0x69 0x7A    
   \              0x65 0x64    
   \              0x20 0x4B    
   \              0x69 0x6E    
   \              0x65 0x74    
   \              0x69 0x73    
   \              0x20 0x66    
   \              0x61 0x6D    
   \              0x69 0x6C    
   \              0x79 0x20    
   \              0x64 0x65    
   \              0x76 0x69    
   \              0x63 0x65    
   \              0x2E 0x0A    
   \              0x0D 0x00    

   \                                 In section .text, align 4, keep-with-next
   \                     ?_9:
   \   00000000   0x0A 0x0D          DC8 "\012\015Unrecognized Kinetis sub-family device.\012\015"
   \              0x55 0x6E    
   \              0x72 0x65    
   \              0x63 0x6F    
   \              0x67 0x6E    
   \              0x69 0x7A    
   \              0x65 0x64    
   \              0x20 0x4B    
   \              0x69 0x6E    
   \              0x65 0x74    
   \              0x69 0x73    
   \              0x20 0x73    
   \              0x75 0x62    
   \              0x2D 0x66    
   \              0x61 0x6D    
   \              0x69 0x6C    
   \              0x79 0x20    
   \              0x64 0x65    
   \              0x76 0x69    
   \              0x63 0x65    
   \              0x2E 0x0A    
   \              0x0D 0x00    

   \                                 In section .text, align 4, keep-with-next
   \                     ?_10:
   \   00000000   0x31 0x36          DC8 "16pin       "
   \              0x70 0x69    
   \              0x6E 0x20    
   \              0x20 0x20    
   \              0x20 0x20    
   \              0x20 0x20    
   \              0x00         
   \   0000000D   0x00 0x00          DC8 0, 0, 0
   \              0x00         

   \                                 In section .text, align 4, keep-with-next
   \                     ?_11:
   \   00000000   0x32 0x34          DC8 "24pin       "
   \              0x70 0x69    
   \              0x6E 0x20    
   \              0x20 0x20    
   \              0x20 0x20    
   \              0x20 0x20    
   \              0x00         
   \   0000000D   0x00 0x00          DC8 0, 0, 0
   \              0x00         

   \                                 In section .text, align 4, keep-with-next
   \                     ?_12:
   \   00000000   0x33 0x32          DC8 "32pin      "
   \              0x70 0x69    
   \              0x6E 0x20    
   \              0x20 0x20    
   \              0x20 0x20    
   \              0x20 0x00    

   \                                 In section .text, align 4, keep-with-next
   \                     ?_13:
   \   00000000   0x34 0x38          DC8 "48pin      "
   \              0x70 0x69    
   \              0x6E 0x20    
   \              0x20 0x20    
   \              0x20 0x20    
   \              0x20 0x00    

   \                                 In section .text, align 4, keep-with-next
   \                     ?_14:
   \   00000000   0x36 0x34          DC8 "64pin      "
   \              0x70 0x69    
   \              0x6E 0x20    
   \              0x20 0x20    
   \              0x20 0x20    
   \              0x20 0x00    

   \                                 In section .text, align 4, keep-with-next
   \                     ?_15:
   \   00000000   0x38 0x30          DC8 "80pin      "
   \              0x70 0x69    
   \              0x6E 0x20    
   \              0x20 0x20    
   \              0x20 0x20    
   \              0x20 0x00    

   \                                 In section .text, align 4, keep-with-next
   \                     ?_16:
   \   00000000   0x31 0x30          DC8 "100pin      "
   \              0x30 0x70    
   \              0x69 0x6E    
   \              0x20 0x20    
   \              0x20 0x20    
   \              0x20 0x20    
   \              0x00         
   \   0000000D   0x00 0x00          DC8 0, 0, 0
   \              0x00         

   \                                 In section .text, align 4, keep-with-next
   \                     ?_17:
   \   00000000   0x0A 0x0D          DC8 "\012\015Unrecognized Kinetis package code.      "
   \              0x55 0x6E    
   \              0x72 0x65    
   \              0x63 0x6F    
   \              0x67 0x6E    
   \              0x69 0x7A    
   \              0x65 0x64    
   \              0x20 0x4B    
   \              0x69 0x6E    
   \              0x65 0x74    
   \              0x69 0x73    
   \              0x20 0x70    
   \              0x61 0x63    
   \              0x6B 0x61    
   \              0x67 0x65    
   \              0x20 0x63    
   \              0x6F 0x64    
   \              0x65 0x2E    
   \              0x20 0x20    
   \              0x20 0x20    
   \              0x20 0x20    
   \              0x00         
   \   0000002B   0x00               DC8 0

   \                                 In section .text, align 4, keep-with-next
   \                     ?_37:
   \   00000000   0x46 0x6C          DC8 "Flash parameter version %d "
   \              0x61 0x73    
   \              0x68 0x20    
   \              0x70 0x61    
   \              0x72 0x61    
   \              0x6D 0x65    
   \              0x74 0x65    
   \              0x72 0x20    
   \              0x76 0x65    
   \              0x72 0x73    
   \              0x69 0x6F    
   \              0x6E 0x20    
   \              0x25 0x64    
   \              0x20 0x00    

   \                                 In section .text, align 4, keep-with-next
   \                     ?_38:
   \   00000000   0x20 0x25          DC8 " %d "
   \              0x64 0x20    
   \              0x00         
   \   00000005   0x00 0x00          DC8 0, 0, 0
   \              0x00         

   \                                 In section .text, align 4, keep-with-next
   \                     ?_39:
   \   00000000   0x20 0x25          DC8 " %d\012\015"
   \              0x64 0x0A    
   \              0x0D 0x00    
   \   00000006   0x00 0x00          DC8 0, 0

   \                                 In section .text, align 4, keep-with-next
   \                     ?_40:
   \   00000000   0x46 0x6C          DC8 "Flash version ID %d "
   \              0x61 0x73    
   \              0x68 0x20    
   \              0x76 0x65    
   \              0x72 0x73    
   \              0x69 0x6F    
   \              0x6E 0x20    
   \              0x49 0x44    
   \              0x20 0x25    
   \              0x64 0x20    
   \              0x00         
   \   00000015   0x00 0x00          DC8 0, 0, 0
   \              0x00         

   \                                 In section .text, align 4, keep-with-next
   \                     ?_42:
   \   00000000   0x25 0x64          DC8 "%d\012\015"
   \              0x0A 0x0D    
   \              0x00         
   \   00000005   0x00 0x00          DC8 0, 0, 0
   \              0x00         

   \                                 In section .rodata, align 4, keep-with-next
   \                     ?_0:
   \   00000000   0x0A 0x0D          DC8 "\012\015\012\015"
   \              0x0A 0x0D    
   \              0x00         
   \   00000005   0x00 0x00          DC8 0, 0, 0
   \              0x00         

   \                                 In section .rodata, align 2, keep-with-next
   \                     ?_7:
   \   00000000   0x34 0x00          DC8 "4"

   \                                 In section .rodata, align 2, keep-with-next
   \                     ?_8:
   \   00000000   0x35 0x00          DC8 "5"

   \                                 In section .rodata, align 4, keep-with-next
   \                     ?_18:
   \   00000000   0x0A 0x0D          DC8 "\012\015Low Power Line with Cortex M0+\012\015\012\015"
   \              0x4C 0x6F    
   \              0x77 0x20    
   \              0x50 0x6F    
   \              0x77 0x65    
   \              0x72 0x20    
   \              0x4C 0x69    
   \              0x6E 0x65    
   \              0x20 0x77    
   \              0x69 0x74    
   \              0x68 0x20    
   \              0x43 0x6F    
   \              0x72 0x74    
   \              0x65 0x78    
   \              0x20 0x4D    
   \              0x30 0x2B    
   \              0x0A 0x0D    
   \              0x0A 0x0D    
   \              0x00         
   \   00000025   0x00 0x00          DC8 0, 0, 0
   \              0x00         

   \                                 In section .rodata, align 4, keep-with-next
   \                     ?_19:
   \   00000000   0x0A 0x0D          DC8 "\012\015Unrecognized Kinetis family attribute.\012\015"
   \              0x55 0x6E    
   \              0x72 0x65    
   \              0x63 0x6F    
   \              0x67 0x6E    
   \              0x69 0x7A    
   \              0x65 0x64    
   \              0x20 0x4B    
   \              0x69 0x6E    
   \              0x65 0x74    
   \              0x69 0x73    
   \              0x20 0x66    
   \              0x61 0x6D    
   \              0x69 0x6C    
   \              0x79 0x20    
   \              0x61 0x74    
   \              0x74 0x72    
   \              0x69 0x62    
   \              0x75 0x74    
   \              0x65 0x2E    
   \              0x0A 0x0D    
   \              0x00         
   \   0000002B   0x00               DC8 0

   \                                 In section .rodata, align 4, keep-with-next
   \                     ?_20:
   \   00000000   0x53 0x52          DC8 "SRAM Size: 0.5 KB\012\015"
   \              0x41 0x4D    
   \              0x20 0x53    
   \              0x69 0x7A    
   \              0x65 0x3A    
   \              0x20 0x30    
   \              0x2E 0x35    
   \              0x20 0x4B    
   \              0x42 0x0A    
   \              0x0D 0x00    

   \                                 In section .rodata, align 4, keep-with-next
   \                     ?_21:
   \   00000000   0x53 0x52          DC8 "SRAM Size:  1 KB\012\015"
   \              0x41 0x4D    
   \              0x20 0x53    
   \              0x69 0x7A    
   \              0x65 0x3A    
   \              0x20 0x20    
   \              0x31 0x20    
   \              0x4B 0x42    
   \              0x0A 0x0D    
   \              0x00         
   \   00000013   0x00               DC8 0

   \                                 In section .rodata, align 4, keep-with-next
   \                     ?_22:
   \   00000000   0x53 0x52          DC8 "SRAM Size:  2 KB\012\015"
   \              0x41 0x4D    
   \              0x20 0x53    
   \              0x69 0x7A    
   \              0x65 0x3A    
   \              0x20 0x20    
   \              0x32 0x20    
   \              0x4B 0x42    
   \              0x0A 0x0D    
   \              0x00         
   \   00000013   0x00               DC8 0

   \                                 In section .rodata, align 4, keep-with-next
   \                     ?_23:
   \   00000000   0x53 0x52          DC8 "SRAM Size:  4 KB\012\015"
   \              0x41 0x4D    
   \              0x20 0x53    
   \              0x69 0x7A    
   \              0x65 0x3A    
   \              0x20 0x20    
   \              0x34 0x20    
   \              0x4B 0x42    
   \              0x0A 0x0D    
   \              0x00         
   \   00000013   0x00               DC8 0

   \                                 In section .rodata, align 4, keep-with-next
   \                     ?_24:
   \   00000000   0x53 0x52          DC8 "SRAM Size:  8 KB\012\015"
   \              0x41 0x4D    
   \              0x20 0x53    
   \              0x69 0x7A    
   \              0x65 0x3A    
   \              0x20 0x20    
   \              0x38 0x20    
   \              0x4B 0x42    
   \              0x0A 0x0D    
   \              0x00         
   \   00000013   0x00               DC8 0

   \                                 In section .rodata, align 4, keep-with-next
   \                     ?_25:
   \   00000000   0x53 0x52          DC8 "SRAM Size:  16 KB\012\015"
   \              0x41 0x4D    
   \              0x20 0x53    
   \              0x69 0x7A    
   \              0x65 0x3A    
   \              0x20 0x20    
   \              0x31 0x36    
   \              0x20 0x4B    
   \              0x42 0x0A    
   \              0x0D 0x00    

   \                                 In section .rodata, align 4, keep-with-next
   \                     ?_26:
   \   00000000   0x53 0x52          DC8 "SRAM Size:  32 KB\012\015"
   \              0x41 0x4D    
   \              0x20 0x53    
   \              0x69 0x7A    
   \              0x65 0x3A    
   \              0x20 0x20    
   \              0x33 0x32    
   \              0x20 0x4B    
   \              0x42 0x0A    
   \              0x0D 0x00    

   \                                 In section .rodata, align 4, keep-with-next
   \                     ?_27:
   \   00000000   0x53 0x52          DC8 "SRAM Size:  64 KB\012\015"
   \              0x41 0x4D    
   \              0x20 0x53    
   \              0x69 0x7A    
   \              0x65 0x3A    
   \              0x20 0x20    
   \              0x36 0x34    
   \              0x20 0x4B    
   \              0x42 0x0A    
   \              0x0D 0x00    

   \                                 In section .rodata, align 4, keep-with-next
   \                     ?_28:
   \   00000000   0x0A 0x0D          DC8 "\012\015Unrecognized SRAM Size.\012\015"
   \              0x55 0x6E    
   \              0x72 0x65    
   \              0x63 0x6F    
   \              0x67 0x6E    
   \              0x69 0x7A    
   \              0x65 0x64    
   \              0x20 0x53    
   \              0x52 0x41    
   \              0x4D 0x20    
   \              0x53 0x69    
   \              0x7A 0x65    
   \              0x2E 0x0A    
   \              0x0D 0x00    

   \                                 In section .rodata, align 4, keep-with-next
   \                     ?_29:
   \   00000000   0x53 0x69          DC8 "Silicon rev %d\012\015 "
   \              0x6C 0x69    
   \              0x63 0x6F    
   \              0x6E 0x20    
   \              0x72 0x65    
   \              0x76 0x20    
   \              0x25 0x64    
   \              0x0A 0x0D    
   \              0x20 0x00    
   \   00000012   0x00 0x00          DC8 0, 0

   \                                 In section .rodata, align 4, keep-with-next
   \                     ?_30:
   \   00000000   0x46 0x6C          DC8 46H, 6CH, 61H, 73H, 68H, 20H, 73H, 69H
   \              0x61 0x73    
   \              0x68 0x20    
   \              0x73 0x69    
   \   00000008   0x7A 0x65          DC8 7AH, 65H, 3AH, 20H, 20H, 38H, 20H, 4BH
   \              0x3A 0x20    
   \              0x20 0x38    
   \              0x20 0x4B    
   \   00000010   0x42 0x20          DC8 42H, 20H, 70H, 72H, 6FH, 67H, 72H, 61H
   \              0x70 0x72    
   \              0x6F 0x67    
   \              0x72 0x61    
   \   00000018   0x6D 0x20          DC8 6DH, 20H, 66H, 6CH, 61H, 73H, 68H, 2CH
   \              0x66 0x6C    
   \              0x61 0x73    
   \              0x68 0x2C    
   \   00000020   0x20 0x30          DC8 20H, 30H, 2EH, 32H, 35H, 20H, 4BH, 42H
   \              0x2E 0x32    
   \              0x35 0x20    
   \              0x4B 0x42    
   \   00000028   0x20 0x70          DC8 20H, 70H, 72H, 6FH, 74H, 65H, 63H, 74H
   \              0x72 0x6F    
   \              0x74 0x65    
   \              0x63 0x74    
   \   00000030   0x69 0x6F          DC8 69H, 6FH, 6EH, 20H, 72H, 65H, 67H, 69H
   \              0x6E 0x20    
   \              0x72 0x65    
   \              0x67 0x69    
   \   00000038   0x6F 0x6E          DC8 6FH, 6EH, 0
   \              0x00         
   \   0000003B   0x00               DC8 0

   \                                 In section .rodata, align 4, keep-with-next
   \                     ?_31:
   \   00000000   0x46 0x6C          DC8 46H, 6CH, 61H, 73H, 68H, 20H, 73H, 69H
   \              0x61 0x73    
   \              0x68 0x20    
   \              0x73 0x69    
   \   00000008   0x7A 0x65          DC8 7AH, 65H, 3AH, 20H, 20H, 31H, 36H, 20H
   \              0x3A 0x20    
   \              0x20 0x31    
   \              0x36 0x20    
   \   00000010   0x4B 0x42          DC8 4BH, 42H, 20H, 70H, 72H, 6FH, 67H, 72H
   \              0x20 0x70    
   \              0x72 0x6F    
   \              0x67 0x72    
   \   00000018   0x61 0x6D          DC8 61H, 6DH, 20H, 66H, 6CH, 61H, 73H, 68H
   \              0x20 0x66    
   \              0x6C 0x61    
   \              0x73 0x68    
   \   00000020   0x2C 0x20          DC8 2CH, 20H, 30H, 2EH, 35H, 20H, 4BH, 42H
   \              0x30 0x2E    
   \              0x35 0x20    
   \              0x4B 0x42    
   \   00000028   0x20 0x70          DC8 20H, 70H, 72H, 6FH, 74H, 65H, 63H, 74H
   \              0x72 0x6F    
   \              0x74 0x65    
   \              0x63 0x74    
   \   00000030   0x69 0x6F          DC8 69H, 6FH, 6EH, 20H, 72H, 65H, 67H, 69H
   \              0x6E 0x20    
   \              0x72 0x65    
   \              0x67 0x69    
   \   00000038   0x6F 0x6E          DC8 6FH, 6EH, 9, 0
   \              0x09 0x00    

   \                                 In section .rodata, align 4, keep-with-next
   \                     ?_41:
   \   00000000   0x20 0x25          DC8 " %d"
   \              0x64 0x00    
    268          /********************************************************************/
    269          

   Maximum stack usage in bytes:

   .cstack Function
   ------- --------
      16   cpu_identify
        16   -> printf
      24   flash_identify
        24   -> printf
       8   start
         8   -> common_startup
         8   -> cpu_identify
         8   -> main
         8   -> outSRS
         8   -> printf
         8   -> sysinit


   Section sizes:

   Bytes  Function/Label
   -----  --------------
       4  ??DataTable44
       4  ??DataTable44_1
       4  ??DataTable44_2
       4  ??DataTable45
       4  ??DataTable45_1
       4  ??DataTable45_10
       4  ??DataTable45_11
       4  ??DataTable45_12
       4  ??DataTable45_13
       4  ??DataTable45_14
       4  ??DataTable45_15
       4  ??DataTable45_16
       4  ??DataTable45_17
       4  ??DataTable45_2
       4  ??DataTable45_3
       4  ??DataTable45_4
       4  ??DataTable45_5
       4  ??DataTable45_6
       4  ??DataTable45_7
       4  ??DataTable45_8
       4  ??DataTable45_9
       8  ?_0
       8  ?_1
      16  ?_10
      16  ?_11
      12  ?_12
      12  ?_13
      12  ?_14
      12  ?_15
      16  ?_16
      44  ?_17
      40  ?_18
      44  ?_19
       8  ?_2
      20  ?_20
      20  ?_21
      20  ?_22
      20  ?_23
      20  ?_24
      20  ?_25
      20  ?_26
      20  ?_27
      28  ?_28
      20  ?_29
       8  ?_3
      60  ?_30
      60  ?_31
      60  ?_32
      60  ?_33
      60  ?_34
      60  ?_35
      32  ?_36
      28  ?_37
       8  ?_38
       8  ?_39
       8  ?_4
      24  ?_40
       4  ?_41
       8  ?_42
       8  ?_5
      40  ?_6
       2  ?_7
       2  ?_8
      44  ?_9
     316  cpu_identify
     120  flash_identify
      36  start

 
   428 bytes in section .rodata
 1 168 bytes in section .text
 
 1 168 bytes of CODE  memory
   428 bytes of CONST memory

Errors: none
Warnings: none
