###############################################################################
#
# IAR ANSI C/C++ Compiler V7.40.3.8902/W32 for ARM        30/Nov/2015  21:44:55
# Copyright 1999-2015 IAR Systems AB.
#
#    Cpu mode     =  thumb
#    Endian       =  little
#    Source file  =  
#        D:\My Project\ZhiyunKangkai\KL25 CMSIS USB Stack MSD With
#        FatFs\kl25_sc_rev10\klxx-sc-baremetal\src\common\startup.c
#    Command line =  
#        "D:\My Project\ZhiyunKangkai\KL25 CMSIS USB Stack MSD With
#        FatFs\kl25_sc_rev10\klxx-sc-baremetal\src\common\startup.c" -D IAR -D
#        FREEDOM -lCN "D:\My Project\ZhiyunKangkai\KL25 CMSIS USB Stack MSD
#        With
#        FatFs\kl25_sc_rev10\klxx-sc-baremetal\build\iar\platinum\FLASH_128KB\List\"
#        -lB "D:\My Project\ZhiyunKangkai\KL25 CMSIS USB Stack MSD With
#        FatFs\kl25_sc_rev10\klxx-sc-baremetal\build\iar\platinum\FLASH_128KB\List\"
#        -o "D:\My Project\ZhiyunKangkai\KL25 CMSIS USB Stack MSD With
#        FatFs\kl25_sc_rev10\klxx-sc-baremetal\build\iar\platinum\FLASH_128KB\Obj\"
#        --debug --endian=little --cpu=Cortex-M0+ -e --fpu=None --dlib_config
#        "C:\Program Files (x86)\IAR Systems\Embedded Workbench
#        7.2\arm\INC\c\DLib_Config_Normal.h" -I "D:\My
#        Project\ZhiyunKangkai\KL25 CMSIS USB Stack MSD With
#        FatFs\kl25_sc_rev10\klxx-sc-baremetal\build\iar\platinum\..\..\..\src\projects\platinum\"
#        -I "D:\My Project\ZhiyunKangkai\KL25 CMSIS USB Stack MSD With
#        FatFs\kl25_sc_rev10\klxx-sc-baremetal\build\iar\platinum\..\..\..\src\common\"
#        -I "D:\My Project\ZhiyunKangkai\KL25 CMSIS USB Stack MSD With
#        FatFs\kl25_sc_rev10\klxx-sc-baremetal\build\iar\platinum\..\..\..\src\cpu\"
#        -I "D:\My Project\ZhiyunKangkai\KL25 CMSIS USB Stack MSD With
#        FatFs\kl25_sc_rev10\klxx-sc-baremetal\build\iar\platinum\..\..\..\src\cpu\headers\"
#        -I "D:\My Project\ZhiyunKangkai\KL25 CMSIS USB Stack MSD With
#        FatFs\kl25_sc_rev10\klxx-sc-baremetal\build\iar\platinum\..\..\..\src\drivers\llwu\"
#        -I "D:\My Project\ZhiyunKangkai\KL25 CMSIS USB Stack MSD With
#        FatFs\kl25_sc_rev10\klxx-sc-baremetal\build\iar\platinum\..\..\..\src\drivers\lptmr\"
#        -I "D:\My Project\ZhiyunKangkai\KL25 CMSIS USB Stack MSD With
#        FatFs\kl25_sc_rev10\klxx-sc-baremetal\build\iar\platinum\..\..\..\src\drivers\mcg\"
#        -I "D:\My Project\ZhiyunKangkai\KL25 CMSIS USB Stack MSD With
#        FatFs\kl25_sc_rev10\klxx-sc-baremetal\build\iar\platinum\..\..\..\src\drivers\pmc\"
#        -I "D:\My Project\ZhiyunKangkai\KL25 CMSIS USB Stack MSD With
#        FatFs\kl25_sc_rev10\klxx-sc-baremetal\build\iar\platinum\..\..\..\src\drivers\rcm\"
#        -I "D:\My Project\ZhiyunKangkai\KL25 CMSIS USB Stack MSD With
#        FatFs\kl25_sc_rev10\klxx-sc-baremetal\build\iar\platinum\..\..\..\src\drivers\rtc\"
#        -I "D:\My Project\ZhiyunKangkai\KL25 CMSIS USB Stack MSD With
#        FatFs\kl25_sc_rev10\klxx-sc-baremetal\build\iar\platinum\..\..\..\src\drivers\smc\"
#        -I "D:\My Project\ZhiyunKangkai\KL25 CMSIS USB Stack MSD With
#        FatFs\kl25_sc_rev10\klxx-sc-baremetal\build\iar\platinum\..\..\..\src\drivers\uart\"
#        -I "D:\My Project\ZhiyunKangkai\KL25 CMSIS USB Stack MSD With
#        FatFs\kl25_sc_rev10\klxx-sc-baremetal\build\iar\platinum\..\..\..\src\drivers\wdog\"
#        -I "D:\My Project\ZhiyunKangkai\KL25 CMSIS USB Stack MSD With
#        FatFs\kl25_sc_rev10\klxx-sc-baremetal\build\iar\platinum\..\..\..\src\drivers\cmp\"
#        -I "D:\My Project\ZhiyunKangkai\KL25 CMSIS USB Stack MSD With
#        FatFs\kl25_sc_rev10\klxx-sc-baremetal\build\iar\platinum\..\..\..\src\platforms\"
#        -I "D:\My Project\ZhiyunKangkai\KL25 CMSIS USB Stack MSD With
#        FatFs\kl25_sc_rev10\klxx-sc-baremetal\build\iar\platinum\..\" -Oh
#    List file    =  
#        D:\My Project\ZhiyunKangkai\KL25 CMSIS USB Stack MSD With
#        FatFs\kl25_sc_rev10\klxx-sc-baremetal\build\iar\platinum\FLASH_128KB\List\startup.lst
#    Object file  =  
#        D:\My Project\ZhiyunKangkai\KL25 CMSIS USB Stack MSD With
#        FatFs\kl25_sc_rev10\klxx-sc-baremetal\build\iar\platinum\FLASH_128KB\Obj\startup.o
#
###############################################################################

D:\My Project\ZhiyunKangkai\KL25 CMSIS USB Stack MSD With FatFs\kl25_sc_rev10\klxx-sc-baremetal\src\common\startup.c
      1          /*
      2           * File:    startup.c
      3           * Purpose: Generic Kinetis startup code
      4           *
      5           * Notes:
      6           */
      7          
      8          #include "common.h"
      9          
     10          #if (defined(IAR))
     11          	#pragma section = ".data"
     12          	#pragma section = ".data_init"
     13          	#pragma section = ".bss"
     14          	#pragma section = "CodeRelocate"
     15          	#pragma section = "CodeRelocateRam"
     16          #endif
     17          
     18          /********************************************************************/

   \                                 In section .text, align 4, keep-with-next
     19          void
     20          common_startup(void)
     21          {
   \                     common_startup: (+1)
   \   00000000   0xB510             PUSH     {R4,LR}
     22          
     23          #if (defined(CW))	
     24              extern char __START_BSS[];
     25              extern char __END_BSS[];
     26              extern uint32 __DATA_ROM[];
     27              extern uint32 __DATA_RAM[];
     28              extern char __DATA_END[];
     29          #endif
     30          
     31              /* Declare a counter we'll use in all of the copy loops */
     32              uint32 n;
     33          
     34          #ifndef KEIL
     35              /* Declare pointers for various data sections. These pointers
     36               * are initialized using values pulled in from the linker file
     37               */
     38              uint8 * data_ram, * data_rom, * data_rom_end;
     39              uint8 * bss_start, * bss_end;
     40          #endif
     41          
     42          #if (defined(KEIL))
     43          	extern uint32 Image$$VECTOR_ROM$$Base[];
     44          	extern uint32 Image$$VECTOR_RAM$$Base[];
     45          	#define __VECTOR_TABLE Image$$VECTOR_ROM$$Base  
     46          	#define __VECTOR_RAM Image$$VECTOR_RAM$$Base  
     47          #elif (defined(IAR))
     48          	/* Addresses for VECTOR_TABLE and VECTOR_RAM come from the linker file */
     49          	extern uint32 __VECTOR_TABLE[];
     50          	extern uint32 __VECTOR_RAM[];
     51          #elif (defined(CW))
     52                  #define __VECTOR_TABLE __vector_table  
     53          	#define __VECTOR_RAM   __vector_ram
     54          	extern uint32 __VECTOR_TABLE[];
     55          	extern uint32 __VECTOR_RAM[];
     56          #endif
     57          	
     58              /* Copy the vector table to RAM */
     59              if (__VECTOR_RAM != __VECTOR_TABLE)
   \   00000002   0x4910             LDR      R1,??common_startup_0
   \   00000004   0x4C10             LDR      R4,??common_startup_0+0x4
   \   00000006   0x428C             CMP      R4,R1
   \   00000008   0xD004             BEQ      ??common_startup_1
     60              {
     61                  for (n = 0; n < 0x104; n++)
     62                      __VECTOR_RAM[n] = __VECTOR_TABLE[n];
   \   0000000A   0x2282             MOVS     R2,#+130
   \   0000000C   0x00D2             LSLS     R2,R2,#+3        ;; #+1040
   \   0000000E   0x0020             MOVS     R0,R4
   \   00000010   0x.... 0x....      BL       __aeabi_memcpy4
     63              }
     64              /* Point the VTOR to the new copy of the vector table */
     65              write_vtor((uint32)__VECTOR_RAM);    
   \                     ??common_startup_1: (+1)
   \   00000014   0x0020             MOVS     R0,R4
   \   00000016   0x.... 0x....      BL       write_vtor
     66              
     67              /* Get the addresses for the .data section (initialized data section) */
     68              #if (defined(CW))
     69                  data_ram = (uint8 *)__DATA_RAM;
     70          	data_rom = (uint8 *)__DATA_ROM;
     71          	data_rom_end  = (uint8 *)__DATA_END; /* This is actually a RAM address in CodeWarrior */
     72          	n = data_rom_end - data_ram;
     73              #elif (defined(IAR))
     74          	data_ram = __section_begin(".data");
     75          	data_rom = __section_begin(".data_init");
     76          	data_rom_end = __section_end(".data_init");
     77          	n = data_rom_end - data_rom;
   \   0000001A   0x490C             LDR      R1,??common_startup_0+0x8
   \   0000001C   0x480C             LDR      R0,??common_startup_0+0xC
   \   0000001E   0x1A42             SUBS     R2,R0,R1
     78              #endif		
     79          
     80          #ifndef __CC_ARM
     81          		
     82          	/* Copy initialized data from ROM to RAM */
     83          	while (n--)
   \   00000020   0xD002             BEQ      ??common_startup_2
     84          		*data_ram++ = *data_rom++;
   \   00000022   0x480C             LDR      R0,??common_startup_0+0x10
   \   00000024   0x.... 0x....      BL       __aeabi_memcpy
     85          	
     86          	
     87              /* Get the addresses for the .bss section (zero-initialized data) */
     88              #if (defined(CW))
     89          	bss_start = (uint8 *)__START_BSS;
     90          	bss_end = (uint8 *)__END_BSS;
     91              #elif (defined(IAR))
     92          	bss_start = __section_begin(".bss");
     93          	bss_end = __section_end(".bss");
     94              #endif
     95          	
     96          
     97              /* Clear the zero-initialized data section */
     98              n = bss_end - bss_start;
   \                     ??common_startup_2: (+1)
   \   00000028   0x480B             LDR      R0,??common_startup_0+0x14
   \   0000002A   0x490C             LDR      R1,??common_startup_0+0x18
   \   0000002C   0x1A09             SUBS     R1,R1,R0
     99              while(n--)
   \   0000002E   0xD001             BEQ      ??common_startup_3
    100                *bss_start++ = 0;
   \   00000030   0x.... 0x....      BL       __aeabi_memclr
    101          #endif
    102          
    103              /* Get addresses for any code sections that need to be copied from ROM to RAM.
    104               * The IAR tools have a predefined keyword that can be used to mark individual
    105               * functions for execution from RAM. Add "__ramfunc" before the return type in
    106               * the function prototype for any routines you need to execute from RAM instead
    107               * of ROM. ex: __ramfunc void foo(void);
    108               */
    109              #if (defined(IAR))
    110            	uint8* code_relocate_ram = __section_begin("CodeRelocateRam");
    111          	uint8* code_relocate = __section_begin("CodeRelocate");
    112                  uint8* code_relocate_end = __section_end("CodeRelocate");
    113          
    114                  /* Copy functions from ROM to RAM */
    115                  n = code_relocate_end - code_relocate;
   \                     ??common_startup_3: (+1)
   \   00000034   0x490A             LDR      R1,??common_startup_0+0x1C
   \   00000036   0x480B             LDR      R0,??common_startup_0+0x20
   \   00000038   0x1A42             SUBS     R2,R0,R1
    116                  while (n--)
   \   0000003A   0xD002             BEQ      ??common_startup_4
    117                    *code_relocate_ram++ = *code_relocate++;
   \   0000003C   0x480A             LDR      R0,??common_startup_0+0x24
   \   0000003E   0x.... 0x....      BL       __aeabi_memcpy
    118              #endif
    119          }
   \                     ??common_startup_4: (+1)
   \   00000042   0xBD10             POP      {R4,PC}          ;; return
   \                     ??common_startup_0:
   \   00000044   0x........         DC32     __VECTOR_TABLE
   \   00000048   0x........         DC32     __VECTOR_RAM
   \   0000004C   0x........         DC32     SFB(`.data_init`)
   \   00000050   0x........         DC32     SFE(`.data_init`)
   \   00000054   0x........         DC32     SFB(`.data`)
   \   00000058   0x........         DC32     SFB(`.bss`)
   \   0000005C   0x........         DC32     SFE(`.bss`)
   \   00000060   0x........         DC32     SFB(CodeRelocate)
   \   00000064   0x........         DC32     SFE(CodeRelocate)
   \   00000068   0x........         DC32     SFB(CodeRelocateRam)
    120          /********************************************************************/

   Maximum stack usage in bytes:

   .cstack Function
   ------- --------
       8   common_startup
         8   -> __aeabi_memclr
         8   -> __aeabi_memcpy
         8   -> __aeabi_memcpy4
         8   -> write_vtor


   Section sizes:

   Bytes  Function/Label
   -----  --------------
     108  common_startup

 
 108 bytes in section .text
 
 108 bytes of CODE memory

Errors: none
Warnings: none
