###############################################################################
#
# IAR ANSI C/C++ Compiler V7.40.3.8902/W32 for ARM        18/Feb/2016  22:52:39
# Copyright 1999-2015 IAR Systems AB.
#
#    Cpu mode     =  thumb
#    Endian       =  little
#    Source file  =  
#        D:\My Project\SDCardJicheng\KL25 CMSIS USB Stack MSD With
#        FatFs\kl25_sc_rev10\klxx-sc-baremetal\src\projects\KL25_USB_MSD\fatdemo.c
#    Command line =  
#        "D:\My Project\SDCardJicheng\KL25 CMSIS USB Stack MSD With
#        FatFs\kl25_sc_rev10\klxx-sc-baremetal\src\projects\KL25_USB_MSD\fatdemo.c"
#        -D IAR -D FREEDOM -D SD_DISK_ENABLE -lCN "D:\My
#        Project\SDCardJicheng\KL25 CMSIS USB Stack MSD With
#        FatFs\kl25_sc_rev10\klxx-sc-baremetal\build\iar\KL25_USB_MSD\FLASH_128KB\List\"
#        -lB "D:\My Project\SDCardJicheng\KL25 CMSIS USB Stack MSD With
#        FatFs\kl25_sc_rev10\klxx-sc-baremetal\build\iar\KL25_USB_MSD\FLASH_128KB\List\"
#        -o "D:\My Project\SDCardJicheng\KL25 CMSIS USB Stack MSD With
#        FatFs\kl25_sc_rev10\klxx-sc-baremetal\build\iar\KL25_USB_MSD\FLASH_128KB\Obj\"
#        --no_cse --no_unroll --no_inline --no_code_motion --no_tbaa
#        --no_clustering --no_scheduling --debug --endian=little
#        --cpu=Cortex-M0+ -e --fpu=None --dlib_config "C:\Program Files
#        (x86)\IAR Systems\Embedded Workbench
#        7.2\arm\INC\c\DLib_Config_Normal.h" -I "D:\My
#        Project\SDCardJicheng\KL25 CMSIS USB Stack MSD With
#        FatFs\kl25_sc_rev10\klxx-sc-baremetal\build\iar\KL25_USB_MSD\..\..\..\src\projects\KL25_USB_MSD\"
#        -I "D:\My Project\SDCardJicheng\KL25 CMSIS USB Stack MSD With
#        FatFs\kl25_sc_rev10\klxx-sc-baremetal\build\iar\KL25_USB_MSD\..\..\..\src\common\"
#        -I "D:\My Project\SDCardJicheng\KL25 CMSIS USB Stack MSD With
#        FatFs\kl25_sc_rev10\klxx-sc-baremetal\build\iar\KL25_USB_MSD\..\..\..\src\cpu\"
#        -I "D:\My Project\SDCardJicheng\KL25 CMSIS USB Stack MSD With
#        FatFs\kl25_sc_rev10\klxx-sc-baremetal\build\iar\KL25_USB_MSD\..\..\..\src\cpu\headers\"
#        -I "D:\My Project\SDCardJicheng\KL25 CMSIS USB Stack MSD With
#        FatFs\kl25_sc_rev10\klxx-sc-baremetal\build\iar\KL25_USB_MSD\..\..\..\src\drivers\i2c\"
#        -I "D:\My Project\SDCardJicheng\KL25 CMSIS USB Stack MSD With
#        FatFs\kl25_sc_rev10\klxx-sc-baremetal\build\iar\KL25_USB_MSD\..\..\..\src\drivers\llwu\"
#        -I "D:\My Project\SDCardJicheng\KL25 CMSIS USB Stack MSD With
#        FatFs\kl25_sc_rev10\klxx-sc-baremetal\build\iar\KL25_USB_MSD\..\..\..\src\drivers\lptmr\"
#        -I "D:\My Project\SDCardJicheng\KL25 CMSIS USB Stack MSD With
#        FatFs\kl25_sc_rev10\klxx-sc-baremetal\build\iar\KL25_USB_MSD\..\..\..\src\drivers\mcg\"
#        -I "D:\My Project\SDCardJicheng\KL25 CMSIS USB Stack MSD With
#        FatFs\kl25_sc_rev10\klxx-sc-baremetal\build\iar\KL25_USB_MSD\..\..\..\src\drivers\pmc\"
#        -I "D:\My Project\SDCardJicheng\KL25 CMSIS USB Stack MSD With
#        FatFs\kl25_sc_rev10\klxx-sc-baremetal\build\iar\KL25_USB_MSD\..\..\..\src\drivers\rcm\"
#        -I "D:\My Project\SDCardJicheng\KL25 CMSIS USB Stack MSD With
#        FatFs\kl25_sc_rev10\klxx-sc-baremetal\build\iar\KL25_USB_MSD\..\..\..\src\drivers\rtc\"
#        -I "D:\My Project\SDCardJicheng\KL25 CMSIS USB Stack MSD With
#        FatFs\kl25_sc_rev10\klxx-sc-baremetal\build\iar\KL25_USB_MSD\..\..\..\src\drivers\smc\"
#        -I "D:\My Project\SDCardJicheng\KL25 CMSIS USB Stack MSD With
#        FatFs\kl25_sc_rev10\klxx-sc-baremetal\build\iar\KL25_USB_MSD\..\..\..\src\drivers\uart\"
#        -I "D:\My Project\SDCardJicheng\KL25 CMSIS USB Stack MSD With
#        FatFs\kl25_sc_rev10\klxx-sc-baremetal\build\iar\KL25_USB_MSD\..\..\..\src\drivers\wdog\"
#        -I "D:\My Project\SDCardJicheng\KL25 CMSIS USB Stack MSD With
#        FatFs\kl25_sc_rev10\klxx-sc-baremetal\build\iar\KL25_USB_MSD\..\..\..\src\drivers\cmp\"
#        -I "D:\My Project\SDCardJicheng\KL25 CMSIS USB Stack MSD With
#        FatFs\kl25_sc_rev10\klxx-sc-baremetal\build\iar\KL25_USB_MSD\..\..\..\src\platforms\"
#        -I "D:\My Project\SDCardJicheng\KL25 CMSIS USB Stack MSD With
#        FatFs\kl25_sc_rev10\klxx-sc-baremetal\build\iar\KL25_USB_MSD\..\" -I
#        "D:\My Project\SDCardJicheng\KL25 CMSIS USB Stack MSD With
#        FatFs\kl25_sc_rev10\klxx-sc-baremetal\build\iar\KL25_USB_MSD\..\..\..\src\projects\KL25_USB_MSD\CMSIS
#        USB Stack\inc\" -I "D:\My Project\SDCardJicheng\KL25 CMSIS USB Stack
#        MSD With
#        FatFs\kl25_sc_rev10\klxx-sc-baremetal\build\iar\KL25_USB_MSD\..\..\..\src\projects\KL25_USB_MSD\CMSIS
#        USB Stack\Porting use\" -I "D:\My Project\SDCardJicheng\KL25 CMSIS USB
#        Stack MSD With
#        FatFs\kl25_sc_rev10\klxx-sc-baremetal\build\iar\KL25_USB_MSD\..\..\..\src\projects\KL25_USB_MSD\SPI_SDCard\"
#        -I "D:\My Project\SDCardJicheng\KL25 CMSIS USB Stack MSD With
#        FatFs\kl25_sc_rev10\klxx-sc-baremetal\build\iar\KL25_USB_MSD\..\..\..\src\projects\KL25_USB_MSD\FATFS\"
#        -I "D:\My Project\SDCardJicheng\KL25 CMSIS USB Stack MSD With
#        FatFs\kl25_sc_rev10\klxx-sc-baremetal\build\iar\KL25_USB_MSD\..\..\..\src\projects\KL25_USB_MSD\FATFS\fsl_sd_disk\"
#        -Ol
#    List file    =  
#        D:\My Project\SDCardJicheng\KL25 CMSIS USB Stack MSD With
#        FatFs\kl25_sc_rev10\klxx-sc-baremetal\build\iar\KL25_USB_MSD\FLASH_128KB\List\fatdemo.lst
#    Object file  =  
#        D:\My Project\SDCardJicheng\KL25 CMSIS USB Stack MSD With
#        FatFs\kl25_sc_rev10\klxx-sc-baremetal\build\iar\KL25_USB_MSD\FLASH_128KB\Obj\fatdemo.o
#
###############################################################################

D:\My Project\SDCardJicheng\KL25 CMSIS USB Stack MSD With FatFs\kl25_sc_rev10\klxx-sc-baremetal\src\projects\KL25_USB_MSD\fatdemo.c
      1          #include "common.h"
      2          #include "diskio.h"
      3          #include "ff.h"
      4          

   \                                 In section .bss, align 4
      5          FATFS FatFs; /* FatFs system object */
   \                     FatFs:
   \   00000000                      DS8 1096

   \                                 In section .bss, align 4
      6          FATFS *fs;   /* for f_getfree */
   \                     fs:
   \   00000000                      DS8 4

   \                                 In section .bss, align 4
      7          uint32_t NumOfFreeClusters;
   \                     NumOfFreeClusters:
   \   00000000                      DS8 4

   \                                 In section .data, align 4
      8          uint8_t ft[] = {0,12,16,32};/* FAT Type */
   \                     ft:
   \   00000000   0x00 0x0C          DC8 0, 12, 16, 32
   \              0x10 0x20    

   \                                 In section .bss, align 1
      9          FRESULT fr; /* FatFs return code */
   \                     fr:
   \   00000000                      DS8 1

   \                                 In section .bss, align 4
     10          FIL f_file; /* File object */
   \                     f_file:
   \   00000000                      DS8 36

   \                                 In section .data, align 4
     11          uint8_t TextToWrite[]={"Hello FatFs!"};
   \                     TextToWrite:
   \   00000000   0x48 0x65          DC8 "Hello FatFs!"
   \              0x6C 0x6C    
   \              0x6F 0x20    
   \              0x46 0x61    
   \              0x74 0x46    
   \              0x73 0x21    
   \              0x00         
   \   0000000D   0x00 0x00          DC8 0, 0, 0
   \              0x00         

   \                                 In section .bss, align 4
     12          uint32_t BytesWriten = 0;
   \                     BytesWriten:
   \   00000000                      DS8 4
     13          
     14          /*FUNCTION*----------------------------------------------------------------
     15          *
     16          * Function Name  : Display_File_Info
     17          * Returned Value : None
     18          * Comments       : This function is to display file information
     19          *
     20          *END*--------------------------------------------------------------------*/

   \                                 In section .text, align 2, keep-with-next
     21          static void Display_File_Info(FILINFO*Finfo) 
     22          {
   \                     Display_File_Info: (+1)
   \   00000000   0xB570             PUSH     {R4-R6,LR}
   \   00000002   0xB08A             SUB      SP,SP,#+40
     23          	printf("    %c%c%c%c%c %u/%02u/%02u %02u:%02u %9lu  %s\n\r", 
     24          			(Finfo->fattrib & AM_DIR) ? 'D' : '-',
     25          			(Finfo->fattrib & AM_RDO) ? 'R' : '-',
     26          			(Finfo->fattrib & AM_HID) ? 'H' : '-',
     27          			(Finfo->fattrib & AM_SYS) ? 'S' : '-',
     28          			(Finfo->fattrib & AM_ARC) ? 'A' : '-',
     29          			(Finfo->fdate.Bits.year) + YEAR_ORIGIN, (Finfo->fdate.Bits.month), Finfo->fdate.Bits.day,
     30          			(Finfo->ftime.Bits.hour), (Finfo->ftime.Bits.minute),
     31          			Finfo->fsize, (Finfo->lfname[0])?&Finfo->lfname[0]:&Finfo->fname[0]);
   \   00000004   0x6981             LDR      R1,[R0, #+24]
   \   00000006   0x7809             LDRB     R1,[R1, #+0]
   \   00000008   0x2900             CMP      R1,#+0
   \   0000000A   0xD001             BEQ      ??Display_File_Info_0
   \   0000000C   0x6983             LDR      R3,[R0, #+24]
   \   0000000E   0xE001             B        ??Display_File_Info_1
   \                     ??Display_File_Info_0: (+1)
   \   00000010   0x0003             MOVS     R3,R0
   \   00000012   0x3309             ADDS     R3,R3,#+9
   \                     ??Display_File_Info_1: (+1)
   \   00000014   0x7A01             LDRB     R1,[R0, #+8]
   \   00000016   0x0689             LSLS     R1,R1,#+26
   \   00000018   0xD501             BPL      ??Display_File_Info_2
   \   0000001A   0x2541             MOVS     R5,#+65
   \   0000001C   0xE000             B        ??Display_File_Info_3
   \                     ??Display_File_Info_2: (+1)
   \   0000001E   0x252D             MOVS     R5,#+45
   \                     ??Display_File_Info_3: (+1)
   \   00000020   0x7A01             LDRB     R1,[R0, #+8]
   \   00000022   0x0749             LSLS     R1,R1,#+29
   \   00000024   0xD501             BPL      ??Display_File_Info_4
   \   00000026   0x2653             MOVS     R6,#+83
   \   00000028   0xE000             B        ??Display_File_Info_5
   \                     ??Display_File_Info_4: (+1)
   \   0000002A   0x262D             MOVS     R6,#+45
   \                     ??Display_File_Info_5: (+1)
   \   0000002C   0x7A01             LDRB     R1,[R0, #+8]
   \   0000002E   0x0789             LSLS     R1,R1,#+30
   \   00000030   0xD501             BPL      ??Display_File_Info_6
   \   00000032   0x2448             MOVS     R4,#+72
   \   00000034   0xE000             B        ??Display_File_Info_7
   \                     ??Display_File_Info_6: (+1)
   \   00000036   0x242D             MOVS     R4,#+45
   \                     ??Display_File_Info_7: (+1)
   \   00000038   0x7A01             LDRB     R1,[R0, #+8]
   \   0000003A   0x07C9             LSLS     R1,R1,#+31
   \   0000003C   0xD501             BPL      ??Display_File_Info_8
   \   0000003E   0x2252             MOVS     R2,#+82
   \   00000040   0xE000             B        ??Display_File_Info_9
   \                     ??Display_File_Info_8: (+1)
   \   00000042   0x222D             MOVS     R2,#+45
   \                     ??Display_File_Info_9: (+1)
   \   00000044   0x7A01             LDRB     R1,[R0, #+8]
   \   00000046   0x06C9             LSLS     R1,R1,#+27
   \   00000048   0xD501             BPL      ??Display_File_Info_10
   \   0000004A   0x2144             MOVS     R1,#+68
   \   0000004C   0xE000             B        ??Display_File_Info_11
   \                     ??Display_File_Info_10: (+1)
   \   0000004E   0x212D             MOVS     R1,#+45
   \                     ??Display_File_Info_11: (+1)
   \   00000050   0x9308             STR      R3,[SP, #+32]
   \   00000052   0x6803             LDR      R3,[R0, #+0]
   \   00000054   0x9307             STR      R3,[SP, #+28]
   \   00000056   0x88C3             LDRH     R3,[R0, #+6]
   \   00000058   0xB29B             UXTH     R3,R3
   \   0000005A   0x095B             LSRS     R3,R3,#+5
   \   0000005C   0x069B             LSLS     R3,R3,#+26       ;; ZeroExtS R3,R3,#+26,#+26
   \   0000005E   0x0E9B             LSRS     R3,R3,#+26
   \   00000060   0x9306             STR      R3,[SP, #+24]
   \   00000062   0x88C3             LDRH     R3,[R0, #+6]
   \   00000064   0xB29B             UXTH     R3,R3
   \   00000066   0x0ADB             LSRS     R3,R3,#+11
   \   00000068   0xB29B             UXTH     R3,R3
   \   0000006A   0x9305             STR      R3,[SP, #+20]
   \   0000006C   0x7903             LDRB     R3,[R0, #+4]
   \   0000006E   0x06DB             LSLS     R3,R3,#+27       ;; ZeroExtS R3,R3,#+27,#+27
   \   00000070   0x0EDB             LSRS     R3,R3,#+27
   \   00000072   0x9304             STR      R3,[SP, #+16]
   \   00000074   0x8883             LDRH     R3,[R0, #+4]
   \   00000076   0xB29B             UXTH     R3,R3
   \   00000078   0x095B             LSRS     R3,R3,#+5
   \   0000007A   0x071B             LSLS     R3,R3,#+28       ;; ZeroExtS R3,R3,#+28,#+28
   \   0000007C   0x0F1B             LSRS     R3,R3,#+28
   \   0000007E   0x9303             STR      R3,[SP, #+12]
   \   00000080   0x8880             LDRH     R0,[R0, #+4]
   \   00000082   0xB280             UXTH     R0,R0
   \   00000084   0x0A40             LSRS     R0,R0,#+9
   \   00000086   0xB280             UXTH     R0,R0
   \   00000088   0x....             LDR      R3,??DataTable2  ;; 0x7bc
   \   0000008A   0x18C0             ADDS     R0,R0,R3
   \   0000008C   0x9002             STR      R0,[SP, #+8]
   \   0000008E   0x9501             STR      R5,[SP, #+4]
   \   00000090   0x9600             STR      R6,[SP, #+0]
   \   00000092   0x0023             MOVS     R3,R4
   \   00000094   0x....             LDR      R0,??DataTable2_1
   \   00000096   0x.... 0x....      BL       printf
     32          }
   \   0000009A   0xB00A             ADD      SP,SP,#+40
   \   0000009C   0xBD70             POP      {R4-R6,PC}       ;; return
     33          
     34          /*FUNCTION*----------------------------------------------------------------
     35          *
     36          * Function Name  : List_Directory
     37          * Returned Value : FR_OK: sucessful, != FR_OK: failed
     38          * Comments       : List and display all the file and directory in the specified directory
     39          *
     40          *END*--------------------------------------------------------------------*/

   \                                 In section .text, align 2, keep-with-next
     41          static FRESULT List_Directory(const TCHAR *path)
     42          {
   \                     List_Directory: (+1)
   \   00000000   0xB5F1             PUSH     {R0,R4-R7,LR}
   \   00000002   0xB092             SUB      SP,SP,#+72
     43            FRESULT ErrorCode = FR_OK; /* return code */
   \   00000004   0x2400             MOVS     R4,#+0
     44            FILINFO Finfo;      /* File object */
     45            DIR dir;				  /* Directory object */
     46            uint16_t dir_no = 0, file_no = 0;
   \   00000006   0x2500             MOVS     R5,#+0
   \   00000008   0x2700             MOVS     R7,#+0
     47            uint32_t size = 0;
   \   0000000A   0x2600             MOVS     R6,#+0
     48            printf("Directory listing...\n\r");
   \   0000000C   0x....             LDR      R0,??DataTable2_2
   \   0000000E   0x.... 0x....      BL       printf
     49          #if _USE_LFN
     50            /* Allocate memory for Finfo->lfname */
     51            Finfo.lfname = ff_memalloc(_MAX_LFN);
   \   00000012   0x20FF             MOVS     R0,#+255
   \   00000014   0x.... 0x....      BL       ff_memalloc
   \   00000018   0x9006             STR      R0,[SP, #+24]
     52          #endif
     53            /* Open root directory */
     54            ErrorCode = f_opendir(&dir, path);
   \   0000001A   0x9912             LDR      R1,[SP, #+72]
   \   0000001C   0xA808             ADD      R0,SP,#+32
   \   0000001E   0x.... 0x....      BL       f_opendir
   \   00000022   0x0004             MOVS     R4,R0
     55            if (FR_OK != ErrorCode)  
   \   00000024   0xB2E4             UXTB     R4,R4
   \   00000026   0x2C00             CMP      R4,#+0
   \   00000028   0xD009             BEQ      ??List_Directory_0
     56              return(ErrorCode);
   \   0000002A   0x0020             MOVS     R0,R4
   \   0000002C   0xB2C0             UXTB     R0,R0
   \                     ??List_Directory_1: (+1)
   \   0000002E   0xB013             ADD      SP,SP,#+76
   \   00000030   0xBDF0             POP      {R4-R7,PC}       ;; return
     57            
     58            for(;;) 
     59            {
     60              ErrorCode = f_readdir(&dir, &Finfo);
     61              if ((ErrorCode != FR_OK) || !Finfo.fname[0])
     62              {
     63                break;
     64              }
     65              if (Finfo.fattrib & AM_DIR) 
     66              {
     67                dir_no++;
     68              } 
     69              else 
     70              {
     71                file_no++; 
   \                     ??List_Directory_2: (+1)
   \   00000032   0x1C7F             ADDS     R7,R7,#+1
     72                size += Finfo.fsize;
   \   00000034   0x9800             LDR      R0,[SP, #+0]
   \   00000036   0x1836             ADDS     R6,R6,R0
     73              }
     74              Display_File_Info(&Finfo);   
   \                     ??List_Directory_3: (+1)
   \   00000038   0x4668             MOV      R0,SP
   \   0000003A   0x.... 0x....      BL       Display_File_Info
   \                     ??List_Directory_0: (+1)
   \   0000003E   0x4669             MOV      R1,SP
   \   00000040   0xA808             ADD      R0,SP,#+32
   \   00000042   0x.... 0x....      BL       f_readdir
   \   00000046   0x0004             MOVS     R4,R0
   \   00000048   0xB2E4             UXTB     R4,R4
   \   0000004A   0x2C00             CMP      R4,#+0
   \   0000004C   0xD103             BNE      ??List_Directory_4
   \   0000004E   0x4668             MOV      R0,SP
   \   00000050   0x7A40             LDRB     R0,[R0, #+9]
   \   00000052   0x2800             CMP      R0,#+0
   \   00000054   0xD10D             BNE      ??List_Directory_5
     75            }
     76            
     77            printf("\n\r    %-4u File(s),%10lu bytes total\n    %-4u Dir(s)\n\r\n\r", file_no, size, dir_no);
   \                     ??List_Directory_4: (+1)
   \   00000056   0xB2AD             UXTH     R5,R5
   \   00000058   0x002B             MOVS     R3,R5
   \   0000005A   0x0032             MOVS     R2,R6
   \   0000005C   0xB2BF             UXTH     R7,R7
   \   0000005E   0x0039             MOVS     R1,R7
   \   00000060   0x....             LDR      R0,??DataTable2_3
   \   00000062   0x.... 0x....      BL       printf
     78          #if _USE_LFN
     79            /* Free memory for Finfo->lfname */
     80            ff_memfree(Finfo.lfname);
   \   00000066   0x9806             LDR      R0,[SP, #+24]
   \   00000068   0x.... 0x....      BL       ff_memfree
     81          #endif
     82            return ErrorCode;
   \   0000006C   0x0020             MOVS     R0,R4
   \   0000006E   0xB2C0             UXTB     R0,R0
   \   00000070   0xE7DD             B        ??List_Directory_1
   \                     ??List_Directory_5: (+1)
   \   00000072   0x4668             MOV      R0,SP
   \   00000074   0x7A00             LDRB     R0,[R0, #+8]
   \   00000076   0x06C0             LSLS     R0,R0,#+27
   \   00000078   0xD5DB             BPL      ??List_Directory_2
   \   0000007A   0x1C6D             ADDS     R5,R5,#+1
   \   0000007C   0xE7DC             B        ??List_Directory_3
     83          }
     84          

   \                                 In section .text, align 2, keep-with-next
     85          FRESULT fatdemo(void)
     86          {
   \                     fatdemo: (+1)
   \   00000000   0xB510             PUSH     {R4,LR}
   \   00000002   0xB086             SUB      SP,SP,#+24
     87              FRESULT ErrorCode = FR_OK; /* return code */
   \   00000004   0x2400             MOVS     R4,#+0
     88              
     89              /* Select current logical device driver (0 = USB, 1 = SD) */
     90              printf("Select SD card as current logical device driver\r\n");
   \   00000006   0x....             LDR      R0,??DataTable2_4
   \   00000008   0x.... 0x....      BL       printf
     91              ErrorCode = f_chdrive(SD);
   \   0000000C   0x2001             MOVS     R0,#+1
   \   0000000E   0x.... 0x....      BL       f_chdrive
   \   00000012   0x0004             MOVS     R4,R0
     92              if(FR_OK != ErrorCode)
   \   00000014   0xB2E4             UXTB     R4,R4
   \   00000016   0x2C00             CMP      R4,#+0
   \   00000018   0xD005             BEQ      ??fatdemo_0
     93              {
     94                printf("FR_INVALID_DRIVE \r\n");
   \   0000001A   0x....             LDR      R0,??DataTable2_5
   \   0000001C   0x.... 0x....      BL       printf
     95                return ErrorCode;
   \   00000020   0x0020             MOVS     R0,R4
   \   00000022   0xB2C0             UXTB     R0,R0
   \   00000024   0xE0A5             B        ??fatdemo_1
     96              }
     97              printf("Mounting file system to SD Card volume...\r\n");
   \                     ??fatdemo_0: (+1)
   \   00000026   0x....             LDR      R0,??DataTable2_6
   \   00000028   0x.... 0x....      BL       printf
     98              /* Mount file system to the SDCARD volume */
     99              ErrorCode = f_mount(SD, &FatFs);
   \   0000002C   0x....             LDR      R1,??DataTable2_7
   \   0000002E   0x2001             MOVS     R0,#+1
   \   00000030   0x.... 0x....      BL       f_mount
   \   00000034   0x0004             MOVS     R4,R0
    100              if(FR_OK != ErrorCode)
   \   00000036   0xB2E4             UXTB     R4,R4
   \   00000038   0x2C00             CMP      R4,#+0
   \   0000003A   0xD005             BEQ      ??fatdemo_2
    101              {
    102                printf("Error mounting file system\r\n");
   \   0000003C   0x....             LDR      R0,??DataTable2_8
   \   0000003E   0x.... 0x....      BL       printf
    103                return ErrorCode;
   \   00000042   0x0020             MOVS     R0,R4
   \   00000044   0xB2C0             UXTB     R0,R0
   \   00000046   0xE094             B        ??fatdemo_1
    104              }
    105              /* Get free clusters */
    106              ErrorCode = f_getfree("1:",&NumOfFreeClusters,&fs);
   \                     ??fatdemo_2: (+1)
   \   00000048   0x....             LDR      R2,??DataTable2_9
   \   0000004A   0x....             LDR      R1,??DataTable2_10
   \   0000004C   0x....             ADR      R0,??DataTable2_11  ;; 0x31, 0x3A, 0x00, 0x00
   \   0000004E   0x.... 0x....      BL       f_getfree
   \   00000052   0x0004             MOVS     R4,R0
    107              if(FR_OK != ErrorCode)
   \   00000054   0xB2E4             UXTB     R4,R4
   \   00000056   0x2C00             CMP      R4,#+0
   \   00000058   0xD005             BEQ      ??fatdemo_3
    108              {
    109                printf("Error get free clusters\r\n");
   \   0000005A   0x....             LDR      R0,??DataTable2_12
   \   0000005C   0x.... 0x....      BL       printf
    110                return ErrorCode;
   \   00000060   0x0020             MOVS     R0,R4
   \   00000062   0xB2C0             UXTB     R0,R0
   \   00000064   0xE085             B        ??fatdemo_1
    111              }
    112              printf("-----------------------------------------------------------------------------\n\r");
   \                     ??fatdemo_3: (+1)
   \   00000066   0x....             LDR      R0,??DataTable2_13
   \   00000068   0x.... 0x....      BL       printf
    113              printf("FAT type = FAT%u\n\rBytes/Cluster = %lu\nNumber of FATs = %u\n\r" \
    114                      "Root DIR entries = %u\n\rSectors/FAT = %lu\n\rNumber of clusters = %lu\n\r" \
    115                      "FAT start (lba) = %lu\n\rDIR start (lba,clustor) = %lu\n\rData start (lba) = %lu\n\r\n\r",\
    116                        ft[fs->fs_type & 3], fs->csize * 512UL, fs->n_fats,\
    117                        fs->n_rootdir, fs->fsize, fs->n_fatent - 2, \
    118                        fs->fatbase, fs->dirbase, fs->database);
   \   0000006C   0x....             LDR      R0,??DataTable2_9
   \   0000006E   0x6800             LDR      R0,[R0, #+0]
   \   00000070   0x6B00             LDR      R0,[R0, #+48]
   \   00000072   0x9005             STR      R0,[SP, #+20]
   \   00000074   0x....             LDR      R0,??DataTable2_9
   \   00000076   0x6800             LDR      R0,[R0, #+0]
   \   00000078   0x6AC0             LDR      R0,[R0, #+44]
   \   0000007A   0x9004             STR      R0,[SP, #+16]
   \   0000007C   0x....             LDR      R0,??DataTable2_9
   \   0000007E   0x6800             LDR      R0,[R0, #+0]
   \   00000080   0x6A80             LDR      R0,[R0, #+40]
   \   00000082   0x9003             STR      R0,[SP, #+12]
   \   00000084   0x....             LDR      R0,??DataTable2_9
   \   00000086   0x6800             LDR      R0,[R0, #+0]
   \   00000088   0x69C0             LDR      R0,[R0, #+28]
   \   0000008A   0x1E80             SUBS     R0,R0,#+2
   \   0000008C   0x9002             STR      R0,[SP, #+8]
   \   0000008E   0x....             LDR      R0,??DataTable2_9
   \   00000090   0x6800             LDR      R0,[R0, #+0]
   \   00000092   0x6A00             LDR      R0,[R0, #+32]
   \   00000094   0x9001             STR      R0,[SP, #+4]
   \   00000096   0x....             LDR      R0,??DataTable2_9
   \   00000098   0x6800             LDR      R0,[R0, #+0]
   \   0000009A   0x8900             LDRH     R0,[R0, #+8]
   \   0000009C   0x9000             STR      R0,[SP, #+0]
   \   0000009E   0x....             LDR      R0,??DataTable2_9
   \   000000A0   0x6800             LDR      R0,[R0, #+0]
   \   000000A2   0x78C3             LDRB     R3,[R0, #+3]
   \   000000A4   0x....             LDR      R0,??DataTable2_9
   \   000000A6   0x6800             LDR      R0,[R0, #+0]
   \   000000A8   0x7882             LDRB     R2,[R0, #+2]
   \   000000AA   0x2080             MOVS     R0,#+128
   \   000000AC   0x0080             LSLS     R0,R0,#+2        ;; #+512
   \   000000AE   0x4342             MULS     R2,R0,R2
   \   000000B0   0x....             LDR      R0,??DataTable2_14
   \   000000B2   0x....             LDR      R1,??DataTable2_9
   \   000000B4   0x6809             LDR      R1,[R1, #+0]
   \   000000B6   0x7809             LDRB     R1,[R1, #+0]
   \   000000B8   0x0789             LSLS     R1,R1,#+30       ;; ZeroExtS R1,R1,#+30,#+30
   \   000000BA   0x0F89             LSRS     R1,R1,#+30
   \   000000BC   0x5C41             LDRB     R1,[R0, R1]
   \   000000BE   0x....             LDR      R0,??DataTable2_15
   \   000000C0   0x.... 0x....      BL       printf
    119              
    120              printf("%lu KB total disk space.\n\r%lu KB available.\n\r",(((fs->n_fatent - 2)*(fs->csize ))/2), ((NumOfFreeClusters * (fs->csize ))/2));
   \   000000C4   0x....             LDR      R0,??DataTable2_10
   \   000000C6   0x6800             LDR      R0,[R0, #+0]
   \   000000C8   0x....             LDR      R1,??DataTable2_9
   \   000000CA   0x6809             LDR      R1,[R1, #+0]
   \   000000CC   0x7889             LDRB     R1,[R1, #+2]
   \   000000CE   0x4348             MULS     R0,R1,R0
   \   000000D0   0x0002             MOVS     R2,R0
   \   000000D2   0x0852             LSRS     R2,R2,#+1
   \   000000D4   0x....             LDR      R0,??DataTable2_9
   \   000000D6   0x6800             LDR      R0,[R0, #+0]
   \   000000D8   0x69C0             LDR      R0,[R0, #+28]
   \   000000DA   0x1E80             SUBS     R0,R0,#+2
   \   000000DC   0x....             LDR      R1,??DataTable2_9
   \   000000DE   0x6809             LDR      R1,[R1, #+0]
   \   000000E0   0x7889             LDRB     R1,[R1, #+2]
   \   000000E2   0x4348             MULS     R0,R1,R0
   \   000000E4   0x0001             MOVS     R1,R0
   \   000000E6   0x0849             LSRS     R1,R1,#+1
   \   000000E8   0x....             LDR      R0,??DataTable2_16
   \   000000EA   0x.... 0x....      BL       printf
    121              printf("-----------------------------------------------------------------------------\n\r");
   \   000000EE   0x....             LDR      R0,??DataTable2_13
   \   000000F0   0x.... 0x....      BL       printf
    122              
    123              /* List the file list under root directory */
    124              printf("List the file list under the SD Card Driver root directory. \n\r");
   \   000000F4   0x....             LDR      R0,??DataTable2_17
   \   000000F6   0x.... 0x....      BL       printf
    125              List_Directory("1:");
   \   000000FA   0x....             ADR      R0,??DataTable2_11  ;; 0x31, 0x3A, 0x00, 0x00
   \   000000FC   0x.... 0x....      BL       List_Directory
    126              
    127              printf("Open a test file to be writen\r\n");
   \   00000100   0x....             LDR      R0,??DataTable2_18
   \   00000102   0x.... 0x....      BL       printf
    128              ErrorCode = f_open(&f_file, "FatFs_Test.txt", FA_WRITE | FA_OPEN_ALWAYS);
   \   00000106   0x2212             MOVS     R2,#+18
   \   00000108   0x....             LDR      R1,??DataTable2_19
   \   0000010A   0x....             LDR      R0,??DataTable2_20
   \   0000010C   0x.... 0x....      BL       f_open
   \   00000110   0x0004             MOVS     R4,R0
    129              if(FR_OK != ErrorCode)
   \   00000112   0xB2E4             UXTB     R4,R4
   \   00000114   0x2C00             CMP      R4,#+0
   \   00000116   0xD005             BEQ      ??fatdemo_4
    130              {
    131                printf("Error opening text file\r\n");
   \   00000118   0x....             LDR      R0,??DataTable2_21
   \   0000011A   0x.... 0x....      BL       printf
    132                return ErrorCode;
   \   0000011E   0x0020             MOVS     R0,R4
   \   00000120   0xB2C0             UXTB     R0,R0
   \   00000122   0xE026             B        ??fatdemo_1
    133              }
    134              printf("Write a test string into the file\r\n");
   \                     ??fatdemo_4: (+1)
   \   00000124   0x....             LDR      R0,??DataTable2_22
   \   00000126   0x.... 0x....      BL       printf
    135              ErrorCode = f_write(&f_file, TextToWrite, strlen(TextToWrite), &BytesWriten);
   \   0000012A   0x....             LDR      R0,??DataTable2_23
   \   0000012C   0x.... 0x....      BL       strlen
   \   00000130   0x....             LDR      R3,??DataTable2_24
   \   00000132   0x0002             MOVS     R2,R0
   \   00000134   0x....             LDR      R1,??DataTable2_23
   \   00000136   0x....             LDR      R0,??DataTable2_20
   \   00000138   0x.... 0x....      BL       f_write
   \   0000013C   0x0004             MOVS     R4,R0
    136              if(FR_OK != ErrorCode)
   \   0000013E   0xB2E4             UXTB     R4,R4
   \   00000140   0x2C00             CMP      R4,#+0
   \   00000142   0xD005             BEQ      ??fatdemo_5
    137              {
    138                printf("Error Writing file\r\n");
   \   00000144   0x....             LDR      R0,??DataTable2_25
   \   00000146   0x.... 0x....      BL       printf
    139                return ErrorCode;
   \   0000014A   0x0020             MOVS     R0,R4
   \   0000014C   0xB2C0             UXTB     R0,R0
   \   0000014E   0xE010             B        ??fatdemo_1
    140              }
    141              /* Close the text file */
    142              ErrorCode = f_close(&f_file);
   \                     ??fatdemo_5: (+1)
   \   00000150   0x....             LDR      R0,??DataTable2_20
   \   00000152   0x.... 0x....      BL       f_close
   \   00000156   0x0004             MOVS     R4,R0
    143              if(FR_OK != ErrorCode)
   \   00000158   0xB2E4             UXTB     R4,R4
   \   0000015A   0x2C00             CMP      R4,#+0
   \   0000015C   0xD005             BEQ      ??fatdemo_6
    144              {
    145                printf("Error closing text file\r\n");
   \   0000015E   0x....             LDR      R0,??DataTable2_26
   \   00000160   0x.... 0x....      BL       printf
    146                return ErrorCode;
   \   00000164   0x0020             MOVS     R0,R4
   \   00000166   0xB2C0             UXTB     R0,R0
   \   00000168   0xE003             B        ??fatdemo_1
    147              }
    148              printf("File test finished\r\n");
   \                     ??fatdemo_6: (+1)
   \   0000016A   0x....             LDR      R0,??DataTable2_27
   \   0000016C   0x.... 0x....      BL       printf
    149              
    150              return FR_OK;
   \   00000170   0x2000             MOVS     R0,#+0
   \                     ??fatdemo_1: (+1)
   \   00000172   0xB006             ADD      SP,SP,#+24
   \   00000174   0xBD10             POP      {R4,PC}          ;; return
    151          }

   \                                 In section .text, align 4, keep-with-next
   \                     ??DataTable2:
   \   00000000   0x000007BC         DC32     0x7bc

   \                                 In section .text, align 4, keep-with-next
   \                     ??DataTable2_1:
   \   00000000   0x........         DC32     ?_0

   \                                 In section .text, align 4, keep-with-next
   \                     ??DataTable2_2:
   \   00000000   0x........         DC32     ?_1

   \                                 In section .text, align 4, keep-with-next
   \                     ??DataTable2_3:
   \   00000000   0x........         DC32     ?_2

   \                                 In section .text, align 4, keep-with-next
   \                     ??DataTable2_4:
   \   00000000   0x........         DC32     ?_3

   \                                 In section .text, align 4, keep-with-next
   \                     ??DataTable2_5:
   \   00000000   0x........         DC32     ?_4

   \                                 In section .text, align 4, keep-with-next
   \                     ??DataTable2_6:
   \   00000000   0x........         DC32     ?_5

   \                                 In section .text, align 4, keep-with-next
   \                     ??DataTable2_7:
   \   00000000   0x........         DC32     FatFs

   \                                 In section .text, align 4, keep-with-next
   \                     ??DataTable2_8:
   \   00000000   0x........         DC32     ?_6

   \                                 In section .text, align 4, keep-with-next
   \                     ??DataTable2_9:
   \   00000000   0x........         DC32     fs

   \                                 In section .text, align 4, keep-with-next
   \                     ??DataTable2_10:
   \   00000000   0x........         DC32     NumOfFreeClusters

   \                                 In section .text, align 4, keep-with-next
   \                     ??DataTable2_11:
   \   00000000   0x31 0x3A          DC8      0x31, 0x3A, 0x00, 0x00
   \              0x00 0x00    

   \                                 In section .text, align 4, keep-with-next
   \                     ??DataTable2_12:
   \   00000000   0x........         DC32     ?_8

   \                                 In section .text, align 4, keep-with-next
   \                     ??DataTable2_13:
   \   00000000   0x........         DC32     ?_9

   \                                 In section .text, align 4, keep-with-next
   \                     ??DataTable2_14:
   \   00000000   0x........         DC32     ft

   \                                 In section .text, align 4, keep-with-next
   \                     ??DataTable2_15:
   \   00000000   0x........         DC32     ?_10

   \                                 In section .text, align 4, keep-with-next
   \                     ??DataTable2_16:
   \   00000000   0x........         DC32     ?_11

   \                                 In section .text, align 4, keep-with-next
   \                     ??DataTable2_17:
   \   00000000   0x........         DC32     ?_12

   \                                 In section .text, align 4, keep-with-next
   \                     ??DataTable2_18:
   \   00000000   0x........         DC32     ?_13

   \                                 In section .text, align 4, keep-with-next
   \                     ??DataTable2_19:
   \   00000000   0x........         DC32     ?_14

   \                                 In section .text, align 4, keep-with-next
   \                     ??DataTable2_20:
   \   00000000   0x........         DC32     f_file

   \                                 In section .text, align 4, keep-with-next
   \                     ??DataTable2_21:
   \   00000000   0x........         DC32     ?_15

   \                                 In section .text, align 4, keep-with-next
   \                     ??DataTable2_22:
   \   00000000   0x........         DC32     ?_16

   \                                 In section .text, align 4, keep-with-next
   \                     ??DataTable2_23:
   \   00000000   0x........         DC32     TextToWrite

   \                                 In section .text, align 4, keep-with-next
   \                     ??DataTable2_24:
   \   00000000   0x........         DC32     BytesWriten

   \                                 In section .text, align 4, keep-with-next
   \                     ??DataTable2_25:
   \   00000000   0x........         DC32     ?_17

   \                                 In section .text, align 4, keep-with-next
   \                     ??DataTable2_26:
   \   00000000   0x........         DC32     ?_18

   \                                 In section .text, align 4, keep-with-next
   \                     ??DataTable2_27:
   \   00000000   0x........         DC32     ?_19

   \                                 In section .rodata, align 4
   \                     ?_0:
   \   00000000   0x20 0x20          DC8 "    %c%c%c%c%c %u/%02u/%02u %02u:%02u %9lu  %s\012\015"
   \              0x20 0x20    
   \              0x25 0x63    
   \              0x25 0x63    
   \              0x25 0x63    
   \              0x25 0x63    
   \              0x25 0x63    
   \              0x20 0x25    
   \              0x75 0x2F    
   \              0x25 0x30    
   \              0x32 0x75    
   \              0x2F 0x25    
   \              0x30 0x32    
   \              0x75 0x20    
   \              0x25 0x30    
   \              0x32 0x75    
   \              0x3A 0x25    
   \              0x30 0x32    
   \              0x75 0x20    
   \              0x25 0x39    
   \              0x6C 0x75    
   \              0x20 0x20    
   \              0x25 0x73    
   \              0x0A 0x0D    
   \              0x00         
   \   00000031   0x00 0x00          DC8 0, 0, 0
   \              0x00         

   \                                 In section .rodata, align 4
   \                     ?_1:
   \   00000000   0x44 0x69          DC8 "Directory listing...\012\015"
   \              0x72 0x65    
   \              0x63 0x74    
   \              0x6F 0x72    
   \              0x79 0x20    
   \              0x6C 0x69    
   \              0x73 0x74    
   \              0x69 0x6E    
   \              0x67 0x2E    
   \              0x2E 0x2E    
   \              0x0A 0x0D    
   \              0x00         
   \   00000017   0x00               DC8 0

   \                                 In section .rodata, align 4
   \                     ?_2:
   \   00000000   0x0A 0x0D          DC8 0AH, 0DH, 20H, 20H, 20H, 20H, 25H, 2DH
   \              0x20 0x20    
   \              0x20 0x20    
   \              0x25 0x2D    
   \   00000008   0x34 0x75          DC8 34H, 75H, 20H, 46H, 69H, 6CH, 65H, 28H
   \              0x20 0x46    
   \              0x69 0x6C    
   \              0x65 0x28    
   \   00000010   0x73 0x29          DC8 73H, 29H, 2CH, 25H, 31H, 30H, 6CH, 75H
   \              0x2C 0x25    
   \              0x31 0x30    
   \              0x6C 0x75    
   \   00000018   0x20 0x62          DC8 20H, 62H, 79H, 74H, 65H, 73H, 20H, 74H
   \              0x79 0x74    
   \              0x65 0x73    
   \              0x20 0x74    
   \   00000020   0x6F 0x74          DC8 6FH, 74H, 61H, 6CH, 0AH, 20H, 20H, 20H
   \              0x61 0x6C    
   \              0x0A 0x20    
   \              0x20 0x20    
   \   00000028   0x20 0x25          DC8 20H, 25H, 2DH, 34H, 75H, 20H, 44H, 69H
   \              0x2D 0x34    
   \              0x75 0x20    
   \              0x44 0x69    
   \   00000030   0x72 0x28          DC8 72H, 28H, 73H, 29H, 0AH, 0DH, 0AH, 0DH
   \              0x73 0x29    
   \              0x0A 0x0D    
   \              0x0A 0x0D    
   \   00000038   0x00               DC8 0
   \   00000039   0x00 0x00          DC8 0, 0, 0
   \              0x00         

   \                                 In section .rodata, align 4
   \                     ?_3:
   \   00000000   0x53 0x65          DC8 "Select SD card as current logical device driver\015\012"
   \              0x6C 0x65    
   \              0x63 0x74    
   \              0x20 0x53    
   \              0x44 0x20    
   \              0x63 0x61    
   \              0x72 0x64    
   \              0x20 0x61    
   \              0x73 0x20    
   \              0x63 0x75    
   \              0x72 0x72    
   \              0x65 0x6E    
   \              0x74 0x20    
   \              0x6C 0x6F    
   \              0x67 0x69    
   \              0x63 0x61    
   \              0x6C 0x20    
   \              0x64 0x65    
   \              0x76 0x69    
   \              0x63 0x65    
   \              0x20 0x64    
   \              0x72 0x69    
   \              0x76 0x65    
   \              0x72 0x0D    
   \              0x0A 0x00    
   \   00000032   0x00 0x00          DC8 0, 0

   \                                 In section .rodata, align 4
   \                     ?_4:
   \   00000000   0x46 0x52          DC8 "FR_INVALID_DRIVE \015\012"
   \              0x5F 0x49    
   \              0x4E 0x56    
   \              0x41 0x4C    
   \              0x49 0x44    
   \              0x5F 0x44    
   \              0x52 0x49    
   \              0x56 0x45    
   \              0x20 0x0D    
   \              0x0A 0x00    

   \                                 In section .rodata, align 4
   \                     ?_5:
   \   00000000   0x4D 0x6F          DC8 "Mounting file system to SD Card volume...\015\012"
   \              0x75 0x6E    
   \              0x74 0x69    
   \              0x6E 0x67    
   \              0x20 0x66    
   \              0x69 0x6C    
   \              0x65 0x20    
   \              0x73 0x79    
   \              0x73 0x74    
   \              0x65 0x6D    
   \              0x20 0x74    
   \              0x6F 0x20    
   \              0x53 0x44    
   \              0x20 0x43    
   \              0x61 0x72    
   \              0x64 0x20    
   \              0x76 0x6F    
   \              0x6C 0x75    
   \              0x6D 0x65    
   \              0x2E 0x2E    
   \              0x2E 0x0D    
   \              0x0A 0x00    

   \                                 In section .rodata, align 4
   \                     ?_6:
   \   00000000   0x45 0x72          DC8 "Error mounting file system\015\012"
   \              0x72 0x6F    
   \              0x72 0x20    
   \              0x6D 0x6F    
   \              0x75 0x6E    
   \              0x74 0x69    
   \              0x6E 0x67    
   \              0x20 0x66    
   \              0x69 0x6C    
   \              0x65 0x20    
   \              0x73 0x79    
   \              0x73 0x74    
   \              0x65 0x6D    
   \              0x0D 0x0A    
   \              0x00         
   \   0000001D   0x00 0x00          DC8 0, 0, 0
   \              0x00         

   \                                 In section .rodata, align 4
   \   00000000   0x31 0x3A          DC8 "1:"
   \              0x00         
   \   00000003   0x00               DC8 0

   \                                 In section .rodata, align 4
   \                     ?_8:
   \   00000000   0x45 0x72          DC8 "Error get free clusters\015\012"
   \              0x72 0x6F    
   \              0x72 0x20    
   \              0x67 0x65    
   \              0x74 0x20    
   \              0x66 0x72    
   \              0x65 0x65    
   \              0x20 0x63    
   \              0x6C 0x75    
   \              0x73 0x74    
   \              0x65 0x72    
   \              0x73 0x0D    
   \              0x0A 0x00    
   \   0000001A   0x00 0x00          DC8 0, 0

   \                                 In section .rodata, align 4
   \                     ?_9:
   \   00000000   0x2D 0x2D          DC8 2DH, 2DH, 2DH, 2DH, 2DH, 2DH, 2DH, 2DH
   \              0x2D 0x2D    
   \              0x2D 0x2D    
   \              0x2D 0x2D    
   \   00000008   0x2D 0x2D          DC8 2DH, 2DH, 2DH, 2DH, 2DH, 2DH, 2DH, 2DH
   \              0x2D 0x2D    
   \              0x2D 0x2D    
   \              0x2D 0x2D    
   \   00000010   0x2D 0x2D          DC8 2DH, 2DH, 2DH, 2DH, 2DH, 2DH, 2DH, 2DH
   \              0x2D 0x2D    
   \              0x2D 0x2D    
   \              0x2D 0x2D    
   \   00000018   0x2D 0x2D          DC8 2DH, 2DH, 2DH, 2DH, 2DH, 2DH, 2DH, 2DH
   \              0x2D 0x2D    
   \              0x2D 0x2D    
   \              0x2D 0x2D    
   \   00000020   0x2D 0x2D          DC8 2DH, 2DH, 2DH, 2DH, 2DH, 2DH, 2DH, 2DH
   \              0x2D 0x2D    
   \              0x2D 0x2D    
   \              0x2D 0x2D    
   \   00000028   0x2D 0x2D          DC8 2DH, 2DH, 2DH, 2DH, 2DH, 2DH, 2DH, 2DH
   \              0x2D 0x2D    
   \              0x2D 0x2D    
   \              0x2D 0x2D    
   \   00000030   0x2D 0x2D          DC8 2DH, 2DH, 2DH, 2DH, 2DH, 2DH, 2DH, 2DH
   \              0x2D 0x2D    
   \              0x2D 0x2D    
   \              0x2D 0x2D    
   \   00000038   0x2D 0x2D          DC8 2DH, 2DH, 2DH, 2DH, 2DH, 2DH, 2DH, 2DH
   \              0x2D 0x2D    
   \              0x2D 0x2D    
   \              0x2D 0x2D    
   \   00000040   0x2D 0x2D          DC8 2DH, 2DH, 2DH, 2DH, 2DH, 2DH, 2DH, 2DH
   \              0x2D 0x2D    
   \              0x2D 0x2D    
   \              0x2D 0x2D    
   \   00000048   0x2D 0x2D          DC8 2DH, 2DH, 2DH, 2DH, 2DH, 0AH, 0DH, 0
   \              0x2D 0x2D    
   \              0x2D 0x0A    
   \              0x0D 0x00    

   \                                 In section .rodata, align 4
   \                     ?_10:
   \   00000000   0x46 0x41          DC8 46H, 41H, 54H, 20H, 74H, 79H, 70H, 65H
   \              0x54 0x20    
   \              0x74 0x79    
   \              0x70 0x65    
   \   00000008   0x20 0x3D          DC8 20H, 3DH, 20H, 46H, 41H, 54H, 25H, 75H
   \              0x20 0x46    
   \              0x41 0x54    
   \              0x25 0x75    
   \   00000010   0x0A 0x0D          DC8 0AH, 0DH, 42H, 79H, 74H, 65H, 73H, 2FH
   \              0x42 0x79    
   \              0x74 0x65    
   \              0x73 0x2F    
   \   00000018   0x43 0x6C          DC8 43H, 6CH, 75H, 73H, 74H, 65H, 72H, 20H
   \              0x75 0x73    
   \              0x74 0x65    
   \              0x72 0x20    
   \   00000020   0x3D 0x20          DC8 3DH, 20H, 25H, 6CH, 75H, 0AH, 4EH, 75H
   \              0x25 0x6C    
   \              0x75 0x0A    
   \              0x4E 0x75    
   \   00000028   0x6D 0x62          DC8 6DH, 62H, 65H, 72H, 20H, 6FH, 66H, 20H
   \              0x65 0x72    
   \              0x20 0x6F    
   \              0x66 0x20    
   \   00000030   0x46 0x41          DC8 46H, 41H, 54H, 73H, 20H, 3DH, 20H, 25H
   \              0x54 0x73    
   \              0x20 0x3D    
   \              0x20 0x25    
   \   00000038   0x75 0x0A          DC8 75H, 0AH, 0DH, 52H, 6FH, 6FH, 74H, 20H
   \              0x0D 0x52    
   \              0x6F 0x6F    
   \              0x74 0x20    
   \   00000040   0x44 0x49          DC8 44H, 49H, 52H, 20H, 65H, 6EH, 74H, 72H
   \              0x52 0x20    
   \              0x65 0x6E    
   \              0x74 0x72    
   \   00000048   0x69 0x65          DC8 69H, 65H, 73H, 20H, 3DH, 20H, 25H, 75H
   \              0x73 0x20    
   \              0x3D 0x20    
   \              0x25 0x75    
   \   00000050   0x0A 0x0D          DC8 0AH, 0DH, 53H, 65H, 63H, 74H, 6FH, 72H
   \              0x53 0x65    
   \              0x63 0x74    
   \              0x6F 0x72    
   \   00000058   0x73 0x2F          DC8 73H, 2FH, 46H, 41H, 54H, 20H, 3DH, 20H
   \              0x46 0x41    
   \              0x54 0x20    
   \              0x3D 0x20    
   \   00000060   0x25 0x6C          DC8 25H, 6CH, 75H, 0AH, 0DH, 4EH, 75H, 6DH
   \              0x75 0x0A    
   \              0x0D 0x4E    
   \              0x75 0x6D    
   \   00000068   0x62 0x65          DC8 62H, 65H, 72H, 20H, 6FH, 66H, 20H, 63H
   \              0x72 0x20    
   \              0x6F 0x66    
   \              0x20 0x63    
   \   00000070   0x6C 0x75          DC8 6CH, 75H, 73H, 74H, 65H, 72H, 73H, 20H
   \              0x73 0x74    
   \              0x65 0x72    
   \              0x73 0x20    
   \   00000078   0x3D 0x20          DC8 3DH, 20H, 25H, 6CH, 75H, 0AH, 0DH, 46H
   \              0x25 0x6C    
   \              0x75 0x0A    
   \              0x0D 0x46    
   \   00000080   0x41 0x54          DC8 41H, 54H, 20H, 73H, 74H, 61H, 72H, 74H
   \              0x20 0x73    
   \              0x74 0x61    
   \              0x72 0x74    
   \   00000088   0x20 0x28          DC8 20H, 28H, 6CH, 62H, 61H, 29H, 20H, 3DH
   \              0x6C 0x62    
   \              0x61 0x29    
   \              0x20 0x3D    
   \   00000090   0x20 0x25          DC8 20H, 25H, 6CH, 75H, 0AH, 0DH, 44H, 49H
   \              0x6C 0x75    
   \              0x0A 0x0D    
   \              0x44 0x49    
   \   00000098   0x52 0x20          DC8 52H, 20H, 73H, 74H, 61H, 72H, 74H, 20H
   \              0x73 0x74    
   \              0x61 0x72    
   \              0x74 0x20    
   \   000000A0   0x28 0x6C          DC8 28H, 6CH, 62H, 61H, 2CH, 63H, 6CH, 75H
   \              0x62 0x61    
   \              0x2C 0x63    
   \              0x6C 0x75    
   \   000000A8   0x73 0x74          DC8 73H, 74H, 6FH, 72H, 29H, 20H, 3DH, 20H
   \              0x6F 0x72    
   \              0x29 0x20    
   \              0x3D 0x20    
   \   000000B0   0x25 0x6C          DC8 25H, 6CH, 75H, 0AH, 0DH, 44H, 61H, 74H
   \              0x75 0x0A    
   \              0x0D 0x44    
   \              0x61 0x74    
   \   000000B8   0x61 0x20          DC8 61H, 20H, 73H, 74H, 61H, 72H, 74H, 20H
   \              0x73 0x74    
   \              0x61 0x72    
   \              0x74 0x20    
   \   000000C0   0x28 0x6C          DC8 28H, 6CH, 62H, 61H, 29H, 20H, 3DH, 20H
   \              0x62 0x61    
   \              0x29 0x20    
   \              0x3D 0x20    
   \   000000C8   0x25 0x6C          DC8 25H, 6CH, 75H, 0AH, 0DH, 0AH, 0DH, 0
   \              0x75 0x0A    
   \              0x0D 0x0A    
   \              0x0D 0x00    

   \                                 In section .rodata, align 4
   \                     ?_11:
   \   00000000   0x25 0x6C          DC8 "%lu KB total disk space.\012\015%lu KB available.\012\015"
   \              0x75 0x20    
   \              0x4B 0x42    
   \              0x20 0x74    
   \              0x6F 0x74    
   \              0x61 0x6C    
   \              0x20 0x64    
   \              0x69 0x73    
   \              0x6B 0x20    
   \              0x73 0x70    
   \              0x61 0x63    
   \              0x65 0x2E    
   \              0x0A 0x0D    
   \              0x25 0x6C    
   \              0x75 0x20    
   \              0x4B 0x42    
   \              0x20 0x61    
   \              0x76 0x61    
   \              0x69 0x6C    
   \              0x61 0x62    
   \              0x6C 0x65    
   \              0x2E 0x0A    
   \              0x0D 0x00    
   \   0000002E   0x00 0x00          DC8 0, 0

   \                                 In section .rodata, align 4
   \                     ?_12:
   \   00000000   0x4C 0x69          DC8 4CH, 69H, 73H, 74H, 20H, 74H, 68H, 65H
   \              0x73 0x74    
   \              0x20 0x74    
   \              0x68 0x65    
   \   00000008   0x20 0x66          DC8 20H, 66H, 69H, 6CH, 65H, 20H, 6CH, 69H
   \              0x69 0x6C    
   \              0x65 0x20    
   \              0x6C 0x69    
   \   00000010   0x73 0x74          DC8 73H, 74H, 20H, 75H, 6EH, 64H, 65H, 72H
   \              0x20 0x75    
   \              0x6E 0x64    
   \              0x65 0x72    
   \   00000018   0x20 0x74          DC8 20H, 74H, 68H, 65H, 20H, 53H, 44H, 20H
   \              0x68 0x65    
   \              0x20 0x53    
   \              0x44 0x20    
   \   00000020   0x43 0x61          DC8 43H, 61H, 72H, 64H, 20H, 44H, 72H, 69H
   \              0x72 0x64    
   \              0x20 0x44    
   \              0x72 0x69    
   \   00000028   0x76 0x65          DC8 76H, 65H, 72H, 20H, 72H, 6FH, 6FH, 74H
   \              0x72 0x20    
   \              0x72 0x6F    
   \              0x6F 0x74    
   \   00000030   0x20 0x64          DC8 20H, 64H, 69H, 72H, 65H, 63H, 74H, 6FH
   \              0x69 0x72    
   \              0x65 0x63    
   \              0x74 0x6F    
   \   00000038   0x72 0x79          DC8 72H, 79H, 2EH, 20H, 0AH, 0DH, 0
   \              0x2E 0x20    
   \              0x0A 0x0D    
   \              0x00         
   \   0000003F   0x00               DC8 0

   \                                 In section .rodata, align 4
   \                     ?_13:
   \   00000000   0x4F 0x70          DC8 "Open a test file to be writen\015\012"
   \              0x65 0x6E    
   \              0x20 0x61    
   \              0x20 0x74    
   \              0x65 0x73    
   \              0x74 0x20    
   \              0x66 0x69    
   \              0x6C 0x65    
   \              0x20 0x74    
   \              0x6F 0x20    
   \              0x62 0x65    
   \              0x20 0x77    
   \              0x72 0x69    
   \              0x74 0x65    
   \              0x6E 0x0D    
   \              0x0A 0x00    

   \                                 In section .rodata, align 4
   \                     ?_14:
   \   00000000   0x46 0x61          DC8 "FatFs_Test.txt"
   \              0x74 0x46    
   \              0x73 0x5F    
   \              0x54 0x65    
   \              0x73 0x74    
   \              0x2E 0x74    
   \              0x78 0x74    
   \              0x00         
   \   0000000F   0x00               DC8 0

   \                                 In section .rodata, align 4
   \                     ?_15:
   \   00000000   0x45 0x72          DC8 "Error opening text file\015\012"
   \              0x72 0x6F    
   \              0x72 0x20    
   \              0x6F 0x70    
   \              0x65 0x6E    
   \              0x69 0x6E    
   \              0x67 0x20    
   \              0x74 0x65    
   \              0x78 0x74    
   \              0x20 0x66    
   \              0x69 0x6C    
   \              0x65 0x0D    
   \              0x0A 0x00    
   \   0000001A   0x00 0x00          DC8 0, 0

   \                                 In section .rodata, align 4
   \                     ?_16:
   \   00000000   0x57 0x72          DC8 "Write a test string into the file\015\012"
   \              0x69 0x74    
   \              0x65 0x20    
   \              0x61 0x20    
   \              0x74 0x65    
   \              0x73 0x74    
   \              0x20 0x73    
   \              0x74 0x72    
   \              0x69 0x6E    
   \              0x67 0x20    
   \              0x69 0x6E    
   \              0x74 0x6F    
   \              0x20 0x74    
   \              0x68 0x65    
   \              0x20 0x66    
   \              0x69 0x6C    
   \              0x65 0x0D    
   \              0x0A 0x00    

   \                                 In section .rodata, align 4
   \                     ?_17:
   \   00000000   0x45 0x72          DC8 "Error Writing file\015\012"
   \              0x72 0x6F    
   \              0x72 0x20    
   \              0x57 0x72    
   \              0x69 0x74    
   \              0x69 0x6E    
   \              0x67 0x20    
   \              0x66 0x69    
   \              0x6C 0x65    
   \              0x0D 0x0A    
   \              0x00         
   \   00000015   0x00 0x00          DC8 0, 0, 0
   \              0x00         

   \                                 In section .rodata, align 4
   \                     ?_18:
   \   00000000   0x45 0x72          DC8 "Error closing text file\015\012"
   \              0x72 0x6F    
   \              0x72 0x20    
   \              0x63 0x6C    
   \              0x6F 0x73    
   \              0x69 0x6E    
   \              0x67 0x20    
   \              0x74 0x65    
   \              0x78 0x74    
   \              0x20 0x66    
   \              0x69 0x6C    
   \              0x65 0x0D    
   \              0x0A 0x00    
   \   0000001A   0x00 0x00          DC8 0, 0

   \                                 In section .rodata, align 4
   \                     ?_19:
   \   00000000   0x46 0x69          DC8 "File test finished\015\012"
   \              0x6C 0x65    
   \              0x20 0x74    
   \              0x65 0x73    
   \              0x74 0x20    
   \              0x66 0x69    
   \              0x6E 0x69    
   \              0x73 0x68    
   \              0x65 0x64    
   \              0x0D 0x0A    
   \              0x00         
   \   00000015   0x00 0x00          DC8 0, 0, 0
   \              0x00         

   Maximum stack usage in bytes:

   .cstack Function
   ------- --------
      56   Display_File_Info
        56   -> printf
      96   List_Directory
        20   -> Display_File_Info
        96   -> f_opendir
        96   -> f_readdir
        96   -> ff_memalloc
        96   -> ff_memfree
        96   -> printf
      32   fatdemo
        32   -> List_Directory
        32   -> f_chdrive
        32   -> f_close
        32   -> f_getfree
        32   -> f_mount
        32   -> f_open
        32   -> f_write
        32   -> printf
        32   -> strlen


   Section sizes:

   Bytes  Function/Label
   -----  --------------
       4  ??DataTable2
       4  ??DataTable2_1
       4  ??DataTable2_10
       4  ??DataTable2_11
       4  ??DataTable2_12
       4  ??DataTable2_13
       4  ??DataTable2_14
       4  ??DataTable2_15
       4  ??DataTable2_16
       4  ??DataTable2_17
       4  ??DataTable2_18
       4  ??DataTable2_19
       4  ??DataTable2_2
       4  ??DataTable2_20
       4  ??DataTable2_21
       4  ??DataTable2_22
       4  ??DataTable2_23
       4  ??DataTable2_24
       4  ??DataTable2_25
       4  ??DataTable2_26
       4  ??DataTable2_27
       4  ??DataTable2_3
       4  ??DataTable2_4
       4  ??DataTable2_5
       4  ??DataTable2_6
       4  ??DataTable2_7
       4  ??DataTable2_8
       4  ??DataTable2_9
      52  ?_0
      24  ?_1
     208  ?_10
      48  ?_11
      64  ?_12
      32  ?_13
      16  ?_14
      28  ?_15
      36  ?_16
      24  ?_17
      28  ?_18
      24  ?_19
      60  ?_2
      52  ?_3
      20  ?_4
      44  ?_5
      32  ?_6
       4  ?_7
      28  ?_8
      80  ?_9
       4  BytesWriten
     158  Display_File_Info
    1096  FatFs
     126  List_Directory
       4  NumOfFreeClusters
      16  TextToWrite
      36  f_file
     374  fatdemo
       1  fr
       4  fs
       4  ft

 
 1 145 bytes in section .bss
    20 bytes in section .data
   904 bytes in section .rodata
   770 bytes in section .text
 
   770 bytes of CODE  memory
   904 bytes of CONST memory
 1 165 bytes of DATA  memory

Errors: none
Warnings: 2
