###############################################################################
#
# IAR ANSI C/C++ Compiler V7.40.3.8902/W32 for ARM        18/Feb/2016  23:23:04
# Copyright 1999-2015 IAR Systems AB.
#
#    Cpu mode     =  thumb
#    Endian       =  little
#    Source file  =  
#        D:\My Project\SDCardJicheng\KL25 CMSIS USB Stack MSD With
#        FatFs\kl25_sc_rev10\klxx-sc-baremetal\src\projects\KL25_USB_MSD\main.c
#    Command line =  
#        "D:\My Project\SDCardJicheng\KL25 CMSIS USB Stack MSD With
#        FatFs\kl25_sc_rev10\klxx-sc-baremetal\src\projects\KL25_USB_MSD\main.c"
#        -D IAR -D FREEDOM -D SD_DISK_ENABLE -lCN "D:\My
#        Project\SDCardJicheng\KL25 CMSIS USB Stack MSD With
#        FatFs\kl25_sc_rev10\klxx-sc-baremetal\build\iar\KL25_USB_MSD\FLASH_128KB\List\"
#        -lB "D:\My Project\SDCardJicheng\KL25 CMSIS USB Stack MSD With
#        FatFs\kl25_sc_rev10\klxx-sc-baremetal\build\iar\KL25_USB_MSD\FLASH_128KB\List\"
#        -o "D:\My Project\SDCardJicheng\KL25 CMSIS USB Stack MSD With
#        FatFs\kl25_sc_rev10\klxx-sc-baremetal\build\iar\KL25_USB_MSD\FLASH_128KB\Obj\"
#        --no_cse --no_unroll --no_inline --no_code_motion --no_tbaa
#        --no_clustering --no_scheduling --debug --endian=little
#        --cpu=Cortex-M0+ -e --fpu=None --dlib_config "C:\Program Files
#        (x86)\IAR Systems\Embedded Workbench
#        7.2\arm\INC\c\DLib_Config_Normal.h" -I "D:\My
#        Project\SDCardJicheng\KL25 CMSIS USB Stack MSD With
#        FatFs\kl25_sc_rev10\klxx-sc-baremetal\build\iar\KL25_USB_MSD\..\..\..\src\projects\KL25_USB_MSD\"
#        -I "D:\My Project\SDCardJicheng\KL25 CMSIS USB Stack MSD With
#        FatFs\kl25_sc_rev10\klxx-sc-baremetal\build\iar\KL25_USB_MSD\..\..\..\src\common\"
#        -I "D:\My Project\SDCardJicheng\KL25 CMSIS USB Stack MSD With
#        FatFs\kl25_sc_rev10\klxx-sc-baremetal\build\iar\KL25_USB_MSD\..\..\..\src\cpu\"
#        -I "D:\My Project\SDCardJicheng\KL25 CMSIS USB Stack MSD With
#        FatFs\kl25_sc_rev10\klxx-sc-baremetal\build\iar\KL25_USB_MSD\..\..\..\src\cpu\headers\"
#        -I "D:\My Project\SDCardJicheng\KL25 CMSIS USB Stack MSD With
#        FatFs\kl25_sc_rev10\klxx-sc-baremetal\build\iar\KL25_USB_MSD\..\..\..\src\drivers\i2c\"
#        -I "D:\My Project\SDCardJicheng\KL25 CMSIS USB Stack MSD With
#        FatFs\kl25_sc_rev10\klxx-sc-baremetal\build\iar\KL25_USB_MSD\..\..\..\src\drivers\llwu\"
#        -I "D:\My Project\SDCardJicheng\KL25 CMSIS USB Stack MSD With
#        FatFs\kl25_sc_rev10\klxx-sc-baremetal\build\iar\KL25_USB_MSD\..\..\..\src\drivers\lptmr\"
#        -I "D:\My Project\SDCardJicheng\KL25 CMSIS USB Stack MSD With
#        FatFs\kl25_sc_rev10\klxx-sc-baremetal\build\iar\KL25_USB_MSD\..\..\..\src\drivers\mcg\"
#        -I "D:\My Project\SDCardJicheng\KL25 CMSIS USB Stack MSD With
#        FatFs\kl25_sc_rev10\klxx-sc-baremetal\build\iar\KL25_USB_MSD\..\..\..\src\drivers\pmc\"
#        -I "D:\My Project\SDCardJicheng\KL25 CMSIS USB Stack MSD With
#        FatFs\kl25_sc_rev10\klxx-sc-baremetal\build\iar\KL25_USB_MSD\..\..\..\src\drivers\rcm\"
#        -I "D:\My Project\SDCardJicheng\KL25 CMSIS USB Stack MSD With
#        FatFs\kl25_sc_rev10\klxx-sc-baremetal\build\iar\KL25_USB_MSD\..\..\..\src\drivers\rtc\"
#        -I "D:\My Project\SDCardJicheng\KL25 CMSIS USB Stack MSD With
#        FatFs\kl25_sc_rev10\klxx-sc-baremetal\build\iar\KL25_USB_MSD\..\..\..\src\drivers\smc\"
#        -I "D:\My Project\SDCardJicheng\KL25 CMSIS USB Stack MSD With
#        FatFs\kl25_sc_rev10\klxx-sc-baremetal\build\iar\KL25_USB_MSD\..\..\..\src\drivers\uart\"
#        -I "D:\My Project\SDCardJicheng\KL25 CMSIS USB Stack MSD With
#        FatFs\kl25_sc_rev10\klxx-sc-baremetal\build\iar\KL25_USB_MSD\..\..\..\src\drivers\wdog\"
#        -I "D:\My Project\SDCardJicheng\KL25 CMSIS USB Stack MSD With
#        FatFs\kl25_sc_rev10\klxx-sc-baremetal\build\iar\KL25_USB_MSD\..\..\..\src\drivers\cmp\"
#        -I "D:\My Project\SDCardJicheng\KL25 CMSIS USB Stack MSD With
#        FatFs\kl25_sc_rev10\klxx-sc-baremetal\build\iar\KL25_USB_MSD\..\..\..\src\platforms\"
#        -I "D:\My Project\SDCardJicheng\KL25 CMSIS USB Stack MSD With
#        FatFs\kl25_sc_rev10\klxx-sc-baremetal\build\iar\KL25_USB_MSD\..\" -I
#        "D:\My Project\SDCardJicheng\KL25 CMSIS USB Stack MSD With
#        FatFs\kl25_sc_rev10\klxx-sc-baremetal\build\iar\KL25_USB_MSD\..\..\..\src\projects\KL25_USB_MSD\CMSIS
#        USB Stack\inc\" -I "D:\My Project\SDCardJicheng\KL25 CMSIS USB Stack
#        MSD With
#        FatFs\kl25_sc_rev10\klxx-sc-baremetal\build\iar\KL25_USB_MSD\..\..\..\src\projects\KL25_USB_MSD\CMSIS
#        USB Stack\Porting use\" -I "D:\My Project\SDCardJicheng\KL25 CMSIS USB
#        Stack MSD With
#        FatFs\kl25_sc_rev10\klxx-sc-baremetal\build\iar\KL25_USB_MSD\..\..\..\src\projects\KL25_USB_MSD\SPI_SDCard\"
#        -I "D:\My Project\SDCardJicheng\KL25 CMSIS USB Stack MSD With
#        FatFs\kl25_sc_rev10\klxx-sc-baremetal\build\iar\KL25_USB_MSD\..\..\..\src\projects\KL25_USB_MSD\FATFS\"
#        -I "D:\My Project\SDCardJicheng\KL25 CMSIS USB Stack MSD With
#        FatFs\kl25_sc_rev10\klxx-sc-baremetal\build\iar\KL25_USB_MSD\..\..\..\src\projects\KL25_USB_MSD\FATFS\fsl_sd_disk\"
#        -Ol
#    List file    =  
#        D:\My Project\SDCardJicheng\KL25 CMSIS USB Stack MSD With
#        FatFs\kl25_sc_rev10\klxx-sc-baremetal\build\iar\KL25_USB_MSD\FLASH_128KB\List\main.lst
#    Object file  =  
#        D:\My Project\SDCardJicheng\KL25 CMSIS USB Stack MSD With
#        FatFs\kl25_sc_rev10\klxx-sc-baremetal\build\iar\KL25_USB_MSD\FLASH_128KB\Obj\main.o
#
###############################################################################

D:\My Project\SDCardJicheng\KL25 CMSIS USB Stack MSD With FatFs\kl25_sc_rev10\klxx-sc-baremetal\src\projects\KL25_USB_MSD\main.c
      1          /*
      2           * File:		KL25_USBCDC.c
      3           * Purpose:		Main process
      4           *
      5           */
      6          /*******************************************************************************
      7          *                                 Including files
      8          *******************************************************************************/
      9          #include "common.h"
     10          #include "rl_usb.h"
     11          #include "SPI_kinetis.h"
     12          #include "fsl_sdcard_spi.h"
     13          #include "diskio.h"
     14          #include "ff.h"
     15          #include "fatdemo.h"
     16          
     17          /*******************************************************************************
     18          *                                  Define Macros
     19          *******************************************************************************/
     20          #define Block_Group     (1)
     21          #define SECTER_SIZE     (512)
     22          
     23          /*******************************************************************************
     24          *                                 Global Variables
     25          *******************************************************************************/

   \                                 In section .bss, align 4
     26          U8 BlockBuf[SECTER_SIZE*Block_Group]={0};
   \                     BlockBuf:
   \   00000000                      DS8 512
     27          extern sdspi_card_t g_card;
     28          
     29          typedef enum {
     30              USB_DISCONNECTED,
     31              USB_CONNECTING,
     32              USB_CONNECTED,
     33              USB_CHECK_CONNECTED,
     34              USB_CONFIGURED,
     35              USB_DISCONNECTING,
     36              USB_DISCONNECT_CONNECT
     37          } USB_CONNECT;
     38          
     39          // Global state of usb

   \                                 In section .bss, align 1
     40          USB_CONNECT usb_state;
   \                     usb_state:
   \   00000000                      DS8 1
     41          
     42          
     43          extern uint32_t g_card_initialized;
     44          /*******************************************************************************
     45          *                                 Prototypes
     46          *******************************************************************************/
     47          /* init */

   \                                 In section .text, align 2, keep-with-next
     48          void usbd_msc_init (void)
     49          {
   \                     usbd_msc_init: (+1)
   \   00000000   0xB580             PUSH     {R7,LR}
     50              //USBD_MSC_MemorySize = SDGetCapacity();//SD_GetCapacity()*1024;//Transfer KBytes to Bytes
     51              USBD_MSC_BlockSize  = SECTER_SIZE;
   \   00000002   0x2080             MOVS     R0,#+128
   \   00000004   0x0080             LSLS     R0,R0,#+2        ;; #+512
   \   00000006   0x....             LDR      R1,??DataTable3
   \   00000008   0x6008             STR      R0,[R1, #+0]
     52              USBD_MSC_BlockGroup = Block_Group;
   \   0000000A   0x2001             MOVS     R0,#+1
   \   0000000C   0x....             LDR      R1,??DataTable3_1
   \   0000000E   0x6008             STR      R0,[R1, #+0]
     53              USBD_MSC_BlockCount = SDGetCapacity();//USBD_MSC_MemorySize / USBD_MSC_BlockSize;
   \   00000010   0x.... 0x....      BL       SDGetCapacity
   \   00000014   0x....             LDR      R1,??DataTable3_2
   \   00000016   0x6008             STR      R0,[R1, #+0]
     54              USBD_MSC_BlockBuf   = BlockBuf;
   \   00000018   0x....             LDR      R0,??DataTable3_3
   \   0000001A   0x....             LDR      R1,??DataTable3_4
   \   0000001C   0x6008             STR      R0,[R1, #+0]
     55              
     56              USBD_MSC_MediaReady = __TRUE;
   \   0000001E   0x2001             MOVS     R0,#+1
   \   00000020   0x....             LDR      R1,??DataTable3_5
   \   00000022   0x6008             STR      R0,[R1, #+0]
     57          }
   \   00000024   0xBD01             POP      {R0,PC}          ;; return
     58          /* read */

   \                                 In section .text, align 2, keep-with-next
     59          void usbd_msc_read_sect (U32 block, U8 *buf, U32 num_of_blocks)
     60          {
   \                     usbd_msc_read_sect: (+1)
   \   00000000   0xB580             PUSH     {R7,LR}
   \   00000002   0x0002             MOVS     R2,R0
     61              if (USBD_MSC_MediaReady)
   \   00000004   0x....             LDR      R0,??DataTable3_5
   \   00000006   0x6800             LDR      R0,[R0, #+0]
   \   00000008   0x2800             CMP      R0,#+0
   \   0000000A   0xD003             BEQ      ??usbd_msc_read_sect_0
     62              {
     63                //SD_ReadSector(block,buf);
     64                SDSPI_DRV_ReadBlocks(&g_card, buf, block, 1);
   \   0000000C   0x2301             MOVS     R3,#+1
   \   0000000E   0x....             LDR      R0,??DataTable3_6
   \   00000010   0x.... 0x....      BL       SDSPI_DRV_ReadBlocks
     65              }
     66          }
   \                     ??usbd_msc_read_sect_0: (+1)
   \   00000014   0xBD01             POP      {R0,PC}          ;; return
     67          /* write */

   \                                 In section .text, align 2, keep-with-next
     68          void usbd_msc_write_sect (U32 block, U8 *buf, U32 num_of_blocks)
     69          {
   \                     usbd_msc_write_sect: (+1)
   \   00000000   0xB580             PUSH     {R7,LR}
   \   00000002   0x0002             MOVS     R2,R0
     70              if (USBD_MSC_MediaReady)
   \   00000004   0x....             LDR      R0,??DataTable3_5
   \   00000006   0x6800             LDR      R0,[R0, #+0]
   \   00000008   0x2800             CMP      R0,#+0
   \   0000000A   0xD003             BEQ      ??usbd_msc_write_sect_0
     71              {
     72                //SD_WriteSector(block, buf);
     73                SDSPI_DRV_WriteBlocks(&g_card, buf, block, 1);
   \   0000000C   0x2301             MOVS     R3,#+1
   \   0000000E   0x....             LDR      R0,??DataTable3_6
   \   00000010   0x.... 0x....      BL       SDSPI_DRV_WriteBlocks
     74              }
     75          }
   \                     ??usbd_msc_write_sect_0: (+1)
   \   00000014   0xBD01             POP      {R0,PC}          ;; return

   \                                 In section .text, align 4, keep-with-next
     76          void Delayms(unsigned int cnt)
     77          {
   \                     Delayms: (+1)
   \   00000000   0xB500             PUSH     {LR}
   \   00000002   0xE005             B        ??Delayms_0
     78            unsigned int i;
     79            for(;cnt>0;--cnt)
     80              for(i=500;i>0;--i)
     81              {
     82                asm("nop");
   \                     ??Delayms_1: (+1)
   \   00000004   0xBF00             nop
     83                asm("nop");
   \   00000006   0xBF00             nop
     84              }
   \   00000008   0x1E49             SUBS     R1,R1,#+1
   \                     ??Delayms_2: (+1)
   \   0000000A   0x2900             CMP      R1,#+0
   \   0000000C   0xD1FA             BNE      ??Delayms_1
   \   0000000E   0x1E40             SUBS     R0,R0,#+1
   \                     ??Delayms_0: (+1)
   \   00000010   0x2800             CMP      R0,#+0
   \   00000012   0xD002             BEQ      ??Delayms_3
   \   00000014   0x21FA             MOVS     R1,#+250
   \   00000016   0x0049             LSLS     R1,R1,#+1        ;; #+500
   \   00000018   0xE7F7             B        ??Delayms_2
     85          }
   \                     ??Delayms_3: (+1)
   \   0000001A   0xBD00             POP      {PC}             ;; return
     86          
     87          /*******************************************************************************
     88          *                                 Main Routine
     89          *******************************************************************************/

   \                                 In section .text, align 4, keep-with-next
     90          int main (void)
     91          {
   \                     main: (+1)
   \   00000000   0xB580             PUSH     {R7,LR}
     92              printf("\n\rInitializing SD Card...\r\n");
   \   00000002   0x....             LDR      R0,??DataTable3_7
   \   00000004   0x.... 0x....      BL       printf
     93              /* Initialize SPI driver and SD Card */
     94              if(RES_OK != disk_initialize(SD))
   \   00000008   0x2001             MOVS     R0,#+1
   \   0000000A   0x.... 0x....      BL       disk_initialize
   \   0000000E   0x2800             CMP      R0,#+0
   \   00000010   0xD003             BEQ      ??main_0
     95              {
     96                printf("Failed to initialize SD disk\r\n");
   \   00000012   0x....             LDR      R0,??DataTable3_8
   \   00000014   0x.... 0x....      BL       printf
     97                while(1);
   \                     ??main_1: (+1)
   \   00000018   0xE7FE             B        ??main_1
     98              }
     99              if(FR_OK != fatdemo())
   \                     ??main_0: (+1)
   \   0000001A   0x.... 0x....      BL       fatdemo
   \   0000001E   0x2800             CMP      R0,#+0
   \   00000020   0xD005             BEQ      ??main_2
    100              {
    101                printf("FAT Demo failed\r\n");
   \   00000022   0x....             LDR      R0,??DataTable3_9
   \   00000024   0x.... 0x....      BL       printf
    102                g_card_initialized = 0;
   \   00000028   0x2000             MOVS     R0,#+0
   \   0000002A   0x....             LDR      R1,??DataTable3_10
   \   0000002C   0x6008             STR      R0,[R1, #+0]
    103              }
    104              /* if the SD card is initialized, enable the USB MSD device */
    105              if(g_card_initialized)
   \                     ??main_2: (+1)
   \   0000002E   0x....             LDR      R0,??DataTable3_10
   \   00000030   0x6800             LDR      R0,[R0, #+0]
   \   00000032   0x2800             CMP      R0,#+0
   \   00000034   0xD00B             BEQ      ??main_3
    106              {
    107                usbd_init();
   \   00000036   0x.... 0x....      BL       usbd_init
    108          
    109                usbd_connect(__TRUE);
   \   0000003A   0x2001             MOVS     R0,#+1
   \   0000003C   0x.... 0x....      BL       usbd_connect
    110          
    111                usb_state = USB_CONNECTING;
   \   00000040   0x2001             MOVS     R0,#+1
   \   00000042   0x....             LDR      R1,??DataTable3_11
   \   00000044   0x7008             STRB     R0,[R1, #+0]
    112                
    113                while (!usbd_configured ());          /* Wait for device to configure */
   \                     ??main_4: (+1)
   \   00000046   0x.... 0x....      BL       usbd_configured
   \   0000004A   0x2800             CMP      R0,#+0
   \   0000004C   0xD0FB             BEQ      ??main_4
    114              }
    115                
    116              EnableInterrupts;
   \                     ??main_3: (+1)
   \   0000004E   0xB662             CPSIE i
    117              
    118              while(1) 
    119              {
    120                Delayms(500);
   \                     ??main_5: (+1)
   \   00000050   0x20FA             MOVS     R0,#+250
   \   00000052   0x0040             LSLS     R0,R0,#+1        ;; #+500
   \   00000054   0x.... 0x....      BL       Delayms
   \   00000058   0xE7FA             B        ??main_5
    121              }
    122          		
    123          }

   \                                 In section .text, align 4, keep-with-next
   \                     ??DataTable3:
   \   00000000   0x........         DC32     USBD_MSC_BlockSize

   \                                 In section .text, align 4, keep-with-next
   \                     ??DataTable3_1:
   \   00000000   0x........         DC32     USBD_MSC_BlockGroup

   \                                 In section .text, align 4, keep-with-next
   \                     ??DataTable3_2:
   \   00000000   0x........         DC32     USBD_MSC_BlockCount

   \                                 In section .text, align 4, keep-with-next
   \                     ??DataTable3_3:
   \   00000000   0x........         DC32     BlockBuf

   \                                 In section .text, align 4, keep-with-next
   \                     ??DataTable3_4:
   \   00000000   0x........         DC32     USBD_MSC_BlockBuf

   \                                 In section .text, align 4, keep-with-next
   \                     ??DataTable3_5:
   \   00000000   0x........         DC32     USBD_MSC_MediaReady

   \                                 In section .text, align 4, keep-with-next
   \                     ??DataTable3_6:
   \   00000000   0x........         DC32     g_card

   \                                 In section .text, align 4, keep-with-next
   \                     ??DataTable3_7:
   \   00000000   0x........         DC32     ?_0

   \                                 In section .text, align 4, keep-with-next
   \                     ??DataTable3_8:
   \   00000000   0x........         DC32     ?_1

   \                                 In section .text, align 4, keep-with-next
   \                     ??DataTable3_9:
   \   00000000   0x........         DC32     ?_2

   \                                 In section .text, align 4, keep-with-next
   \                     ??DataTable3_10:
   \   00000000   0x........         DC32     g_card_initialized

   \                                 In section .text, align 4, keep-with-next
   \                     ??DataTable3_11:
   \   00000000   0x........         DC32     usb_state

   \                                 In section .rodata, align 4
   \                     ?_0:
   \   00000000   0x0A 0x0D          DC8 "\012\015Initializing SD Card...\015\012"
   \              0x49 0x6E    
   \              0x69 0x74    
   \              0x69 0x61    
   \              0x6C 0x69    
   \              0x7A 0x69    
   \              0x6E 0x67    
   \              0x20 0x53    
   \              0x44 0x20    
   \              0x43 0x61    
   \              0x72 0x64    
   \              0x2E 0x2E    
   \              0x2E 0x0D    
   \              0x0A 0x00    

   \                                 In section .rodata, align 4
   \                     ?_1:
   \   00000000   0x46 0x61          DC8 "Failed to initialize SD disk\015\012"
   \              0x69 0x6C    
   \              0x65 0x64    
   \              0x20 0x74    
   \              0x6F 0x20    
   \              0x69 0x6E    
   \              0x69 0x74    
   \              0x69 0x61    
   \              0x6C 0x69    
   \              0x7A 0x65    
   \              0x20 0x53    
   \              0x44 0x20    
   \              0x64 0x69    
   \              0x73 0x6B    
   \              0x0D 0x0A    
   \              0x00         
   \   0000001F   0x00               DC8 0

   \                                 In section .rodata, align 4
   \                     ?_2:
   \   00000000   0x46 0x41          DC8 "FAT Demo failed\015\012"
   \              0x54 0x20    
   \              0x44 0x65    
   \              0x6D 0x6F    
   \              0x20 0x66    
   \              0x61 0x69    
   \              0x6C 0x65    
   \              0x64 0x0D    
   \              0x0A 0x00    
   \   00000012   0x00 0x00          DC8 0, 0
    124          /********************************************************************/

   Maximum stack usage in bytes:

   .cstack Function
   ------- --------
       4   Delayms
       8   main
         8   -> Delayms
         8   -> disk_initialize
         8   -> fatdemo
         8   -> printf
         8   -> usbd_configured
         8   -> usbd_connect
         8   -> usbd_init
       8   usbd_msc_init
         8   -> SDGetCapacity
       8   usbd_msc_read_sect
         8   -> SDSPI_DRV_ReadBlocks
       8   usbd_msc_write_sect
         8   -> SDSPI_DRV_WriteBlocks


   Section sizes:

   Bytes  Function/Label
   -----  --------------
       4  ??DataTable3
       4  ??DataTable3_1
       4  ??DataTable3_10
       4  ??DataTable3_11
       4  ??DataTable3_2
       4  ??DataTable3_3
       4  ??DataTable3_4
       4  ??DataTable3_5
       4  ??DataTable3_6
       4  ??DataTable3_7
       4  ??DataTable3_8
       4  ??DataTable3_9
      28  ?_0
      32  ?_1
      20  ?_2
     512  BlockBuf
      28  Delayms
      90  main
       1  usb_state
      38  usbd_msc_init
      22  usbd_msc_read_sect
      22  usbd_msc_write_sect

 
 513 bytes in section .bss
  80 bytes in section .rodata
 248 bytes in section .text
 
 248 bytes of CODE  memory
  80 bytes of CONST memory
 513 bytes of DATA  memory

Errors: none
Warnings: 1
