###############################################################################
#
# IAR ANSI C/C++ Compiler V7.40.3.8902/W32 for ARM        18/Feb/2016  22:52:51
# Copyright 1999-2015 IAR Systems AB.
#
#    Cpu mode     =  thumb
#    Endian       =  little
#    Source file  =  
#        D:\My Project\SDCardJicheng\KL25 CMSIS USB Stack MSD With
#        FatFs\kl25_sc_rev10\klxx-sc-baremetal\src\drivers\pmc\pmc.c
#    Command line =  
#        "D:\My Project\SDCardJicheng\KL25 CMSIS USB Stack MSD With
#        FatFs\kl25_sc_rev10\klxx-sc-baremetal\src\drivers\pmc\pmc.c" -D IAR -D
#        FREEDOM -D SD_DISK_ENABLE -lCN "D:\My Project\SDCardJicheng\KL25 CMSIS
#        USB Stack MSD With
#        FatFs\kl25_sc_rev10\klxx-sc-baremetal\build\iar\KL25_USB_MSD\FLASH_128KB\List\"
#        -lB "D:\My Project\SDCardJicheng\KL25 CMSIS USB Stack MSD With
#        FatFs\kl25_sc_rev10\klxx-sc-baremetal\build\iar\KL25_USB_MSD\FLASH_128KB\List\"
#        -o "D:\My Project\SDCardJicheng\KL25 CMSIS USB Stack MSD With
#        FatFs\kl25_sc_rev10\klxx-sc-baremetal\build\iar\KL25_USB_MSD\FLASH_128KB\Obj\"
#        --no_cse --no_unroll --no_inline --no_code_motion --no_tbaa
#        --no_clustering --no_scheduling --debug --endian=little
#        --cpu=Cortex-M0+ -e --fpu=None --dlib_config "C:\Program Files
#        (x86)\IAR Systems\Embedded Workbench
#        7.2\arm\INC\c\DLib_Config_Normal.h" -I "D:\My
#        Project\SDCardJicheng\KL25 CMSIS USB Stack MSD With
#        FatFs\kl25_sc_rev10\klxx-sc-baremetal\build\iar\KL25_USB_MSD\..\..\..\src\projects\KL25_USB_MSD\"
#        -I "D:\My Project\SDCardJicheng\KL25 CMSIS USB Stack MSD With
#        FatFs\kl25_sc_rev10\klxx-sc-baremetal\build\iar\KL25_USB_MSD\..\..\..\src\common\"
#        -I "D:\My Project\SDCardJicheng\KL25 CMSIS USB Stack MSD With
#        FatFs\kl25_sc_rev10\klxx-sc-baremetal\build\iar\KL25_USB_MSD\..\..\..\src\cpu\"
#        -I "D:\My Project\SDCardJicheng\KL25 CMSIS USB Stack MSD With
#        FatFs\kl25_sc_rev10\klxx-sc-baremetal\build\iar\KL25_USB_MSD\..\..\..\src\cpu\headers\"
#        -I "D:\My Project\SDCardJicheng\KL25 CMSIS USB Stack MSD With
#        FatFs\kl25_sc_rev10\klxx-sc-baremetal\build\iar\KL25_USB_MSD\..\..\..\src\drivers\i2c\"
#        -I "D:\My Project\SDCardJicheng\KL25 CMSIS USB Stack MSD With
#        FatFs\kl25_sc_rev10\klxx-sc-baremetal\build\iar\KL25_USB_MSD\..\..\..\src\drivers\llwu\"
#        -I "D:\My Project\SDCardJicheng\KL25 CMSIS USB Stack MSD With
#        FatFs\kl25_sc_rev10\klxx-sc-baremetal\build\iar\KL25_USB_MSD\..\..\..\src\drivers\lptmr\"
#        -I "D:\My Project\SDCardJicheng\KL25 CMSIS USB Stack MSD With
#        FatFs\kl25_sc_rev10\klxx-sc-baremetal\build\iar\KL25_USB_MSD\..\..\..\src\drivers\mcg\"
#        -I "D:\My Project\SDCardJicheng\KL25 CMSIS USB Stack MSD With
#        FatFs\kl25_sc_rev10\klxx-sc-baremetal\build\iar\KL25_USB_MSD\..\..\..\src\drivers\pmc\"
#        -I "D:\My Project\SDCardJicheng\KL25 CMSIS USB Stack MSD With
#        FatFs\kl25_sc_rev10\klxx-sc-baremetal\build\iar\KL25_USB_MSD\..\..\..\src\drivers\rcm\"
#        -I "D:\My Project\SDCardJicheng\KL25 CMSIS USB Stack MSD With
#        FatFs\kl25_sc_rev10\klxx-sc-baremetal\build\iar\KL25_USB_MSD\..\..\..\src\drivers\rtc\"
#        -I "D:\My Project\SDCardJicheng\KL25 CMSIS USB Stack MSD With
#        FatFs\kl25_sc_rev10\klxx-sc-baremetal\build\iar\KL25_USB_MSD\..\..\..\src\drivers\smc\"
#        -I "D:\My Project\SDCardJicheng\KL25 CMSIS USB Stack MSD With
#        FatFs\kl25_sc_rev10\klxx-sc-baremetal\build\iar\KL25_USB_MSD\..\..\..\src\drivers\uart\"
#        -I "D:\My Project\SDCardJicheng\KL25 CMSIS USB Stack MSD With
#        FatFs\kl25_sc_rev10\klxx-sc-baremetal\build\iar\KL25_USB_MSD\..\..\..\src\drivers\wdog\"
#        -I "D:\My Project\SDCardJicheng\KL25 CMSIS USB Stack MSD With
#        FatFs\kl25_sc_rev10\klxx-sc-baremetal\build\iar\KL25_USB_MSD\..\..\..\src\drivers\cmp\"
#        -I "D:\My Project\SDCardJicheng\KL25 CMSIS USB Stack MSD With
#        FatFs\kl25_sc_rev10\klxx-sc-baremetal\build\iar\KL25_USB_MSD\..\..\..\src\platforms\"
#        -I "D:\My Project\SDCardJicheng\KL25 CMSIS USB Stack MSD With
#        FatFs\kl25_sc_rev10\klxx-sc-baremetal\build\iar\KL25_USB_MSD\..\" -I
#        "D:\My Project\SDCardJicheng\KL25 CMSIS USB Stack MSD With
#        FatFs\kl25_sc_rev10\klxx-sc-baremetal\build\iar\KL25_USB_MSD\..\..\..\src\projects\KL25_USB_MSD\CMSIS
#        USB Stack\inc\" -I "D:\My Project\SDCardJicheng\KL25 CMSIS USB Stack
#        MSD With
#        FatFs\kl25_sc_rev10\klxx-sc-baremetal\build\iar\KL25_USB_MSD\..\..\..\src\projects\KL25_USB_MSD\CMSIS
#        USB Stack\Porting use\" -I "D:\My Project\SDCardJicheng\KL25 CMSIS USB
#        Stack MSD With
#        FatFs\kl25_sc_rev10\klxx-sc-baremetal\build\iar\KL25_USB_MSD\..\..\..\src\projects\KL25_USB_MSD\SPI_SDCard\"
#        -I "D:\My Project\SDCardJicheng\KL25 CMSIS USB Stack MSD With
#        FatFs\kl25_sc_rev10\klxx-sc-baremetal\build\iar\KL25_USB_MSD\..\..\..\src\projects\KL25_USB_MSD\FATFS\"
#        -I "D:\My Project\SDCardJicheng\KL25 CMSIS USB Stack MSD With
#        FatFs\kl25_sc_rev10\klxx-sc-baremetal\build\iar\KL25_USB_MSD\..\..\..\src\projects\KL25_USB_MSD\FATFS\fsl_sd_disk\"
#        -Ol
#    List file    =  
#        D:\My Project\SDCardJicheng\KL25 CMSIS USB Stack MSD With
#        FatFs\kl25_sc_rev10\klxx-sc-baremetal\build\iar\KL25_USB_MSD\FLASH_128KB\List\pmc.lst
#    Object file  =  
#        D:\My Project\SDCardJicheng\KL25 CMSIS USB Stack MSD With
#        FatFs\kl25_sc_rev10\klxx-sc-baremetal\build\iar\KL25_USB_MSD\FLASH_128KB\Obj\pmc.o
#
###############################################################################

D:\My Project\SDCardJicheng\KL25 CMSIS USB Stack MSD With FatFs\kl25_sc_rev10\klxx-sc-baremetal\src\drivers\pmc\pmc.c
      1          /*
      2           * File:        pmc.c
      3           * Purpose:     Provides routines for entering low power modes.
      4           *
      5           * Notes:	Since the wakeup mechanism for low power modes
      6           *              will be application specific, these routines
      7           *              do not include code to setup interrupts to exit
      8           *              from the low power modes. The desired means of
      9           *              low power mode exit should be configured before
     10           *              calling any of these functions.
     11           *
     12           *              These routines do not include protection to
     13           *              prevent illegal state transitions in the mode
     14           *              controller, and all routines that write to the
     15           *              PMPROT register write a value to allow all
     16           *              possible low power modes (it is write once, so
     17           *              if only the currently requested mode is enabled
     18           *              a different mode couldn't be enabled later on).
     19           *              
     20           */
     21          
     22          #include "common.h"
     23          #include "pmc.h"
     24          #include "mcg.h"
     25          #include "uart.h"

   \                                 In section .bss, align 4
     26          int i;
   \                     i:
   \   00000000                      DS8 4

   \                                 In section .text, align 2, keep-with-next
     27          void LVD_Initalize(unsigned char lvd_select, 
     28                             unsigned char lvd_reset_enable,
     29                             unsigned char lvd_int_enable, 
     30                             unsigned char lvw_select,
     31                             unsigned char lvw_int_enable){
     32              PMC_LVDSC1 =  PMC_LVDSC1_LVDACK_MASK | 
     33                           (lvd_reset_enable) |   //enable LVD Reset ?
     34          	          lvd_int_enable |      //LVD Interrupt ?
     35          	          PMC_LVDSC1_LVDV(lvd_select)   ;        //select high or low LVD
   \                     LVD_Initalize: (+1)
   \   00000000   0x430A             ORRS     R2,R2,R1
   \   00000002   0x0780             LSLS     R0,R0,#+30       ;; ZeroExtS R0,R0,#+30,#+30
   \   00000004   0x0F80             LSRS     R0,R0,#+30
   \   00000006   0x4310             ORRS     R0,R0,R2
   \   00000008   0x2140             MOVS     R1,#+64
   \   0000000A   0x4301             ORRS     R1,R1,R0
   \   0000000C   0x....             LDR      R0,??DataTable2  ;; 0x4007d000
   \   0000000E   0x7001             STRB     R1,[R0, #+0]
     36              PMC_LVDSC2  = PMC_LVDSC2_LVWACK_MASK | 
     37                           (lvw_int_enable) |    //LVW interrupt?
     38                            PMC_LVDSC2_LVWV(lvw_select);  // select LVW level 1,2,3 or 4
   \   00000010   0x9800             LDR      R0,[SP, #+0]
   \   00000012   0x0799             LSLS     R1,R3,#+30       ;; ZeroExtS R1,R3,#+30,#+30
   \   00000014   0x0F89             LSRS     R1,R1,#+30
   \   00000016   0x4301             ORRS     R1,R1,R0
   \   00000018   0x2040             MOVS     R0,#+64
   \   0000001A   0x4308             ORRS     R0,R0,R1
   \   0000001C   0x....             LDR      R1,??DataTable2_1  ;; 0x4007d001
   \   0000001E   0x7008             STRB     R0,[R1, #+0]
     39          }
   \   00000020   0x4770             BX       LR               ;; return
     40          //******************************************************************************

   \                                 In section .text, align 2, keep-with-next
     41          void LVD_Init(void)
     42          {
     43          /* setup LVD
     44          Low-Voltage Detect Voltage Select
     45          Selects the LVD trip point voltage (VLVD).
     46          00 Low trip point selected (VLVD = VLVDL)
     47          01 High trip point selected (VLVD = VLVDH)
     48          10 Reserved
     49          11 Reserved
     50            */
     51          	PMC_LVDSC1 =  PMC_LVDSC1_LVDRE_MASK |   //enable LVD Reset
     52          	               PMC_LVDSC1_LVDV(1);   //Enable LVD Reset High level
   \                     LVD_Init: (+1)
   \   00000000   0x2011             MOVS     R0,#+17
   \   00000002   0x....             LDR      R1,??DataTable2  ;; 0x4007d000
   \   00000004   0x7008             STRB     R0,[R1, #+0]
     53          
     54                  
     55          PMC_LVDSC2  = PMC_LVDSC2_LVWACK_MASK | 
     56                        PMC_LVDSC2_LVWV(3) ;
   \   00000006   0x2043             MOVS     R0,#+67
   \   00000008   0x....             LDR      R1,??DataTable2_1  ;; 0x4007d001
   \   0000000A   0x7008             STRB     R0,[R1, #+0]
     57          
     58          
     59          // ack to clear initial flags
     60          PMC_LVDSC1 |= PMC_LVDSC1_LVDACK_MASK; 
   \   0000000C   0x....             LDR      R0,??DataTable2  ;; 0x4007d000
   \   0000000E   0x7800             LDRB     R0,[R0, #+0]
   \   00000010   0x2140             MOVS     R1,#+64
   \   00000012   0x4301             ORRS     R1,R1,R0
   \   00000014   0x....             LDR      R0,??DataTable2  ;; 0x4007d000
   \   00000016   0x7001             STRB     R1,[R0, #+0]
     61          PMC_LVDSC2 |= PMC_LVDSC2_LVWACK_MASK;
   \   00000018   0x....             LDR      R0,??DataTable2_1  ;; 0x4007d001
   \   0000001A   0x7800             LDRB     R0,[R0, #+0]
   \   0000001C   0x2140             MOVS     R1,#+64
   \   0000001E   0x4301             ORRS     R1,R1,R0
   \   00000020   0x....             LDR      R0,??DataTable2_1  ;; 0x4007d001
   \   00000022   0x7001             STRB     R1,[R0, #+0]
     62          
     63          /* 
     64          LVWV if LVD high range selected
     65          2.621
     66          2.72
     67          2.82
     68          2.92
     69          LVDV if LVD low range selected
     70          1.74
     71          1.84
     72          1.94
     73          
     74          
     75          */
     76          }
   \   00000024   0x4770             BX       LR               ;; return

   \                                 In section .text, align 2, keep-with-next
     77          void pmc_lvd_isr(void)
     78          {
   \                     pmc_lvd_isr: (+1)
   \   00000000   0xB580             PUSH     {R7,LR}
     79           
     80            if (PMC_LVDSC1 &PMC_LVDSC1_LVDF_MASK){
   \   00000002   0x....             LDR      R0,??DataTable2  ;; 0x4007d000
   \   00000004   0x7800             LDRB     R0,[R0, #+0]
   \   00000006   0x0600             LSLS     R0,R0,#+24
   \   00000008   0xD502             BPL      ??pmc_lvd_isr_0
     81             printf("[LVD_isr]LV DETECT interrupt occurred");
   \   0000000A   0x....             LDR      R0,??DataTable2_2
   \   0000000C   0x.... 0x....      BL       printf
     82            }
     83            if (PMC_LVDSC2 &PMC_LVDSC2_LVWF_MASK){
   \                     ??pmc_lvd_isr_0: (+1)
   \   00000010   0x....             LDR      R0,??DataTable2_1  ;; 0x4007d001
   \   00000012   0x7800             LDRB     R0,[R0, #+0]
   \   00000014   0x0600             LSLS     R0,R0,#+24
   \   00000016   0xD502             BPL      ??pmc_lvd_isr_1
     84             printf("[LVD_isr]LV WARNING interrupt occurred");
   \   00000018   0x....             LDR      R0,??DataTable2_3
   \   0000001A   0x.... 0x....      BL       printf
     85            }
     86           
     87           // ack to clear initial flags
     88           PMC_LVDSC1 |= PMC_LVDSC1_LVDACK_MASK; 
   \                     ??pmc_lvd_isr_1: (+1)
   \   0000001E   0x....             LDR      R0,??DataTable2  ;; 0x4007d000
   \   00000020   0x7800             LDRB     R0,[R0, #+0]
   \   00000022   0x2140             MOVS     R1,#+64
   \   00000024   0x4301             ORRS     R1,R1,R0
   \   00000026   0x....             LDR      R0,??DataTable2  ;; 0x4007d000
   \   00000028   0x7001             STRB     R1,[R0, #+0]
     89           PMC_LVDSC2 |= PMC_LVDSC2_LVWACK_MASK;
   \   0000002A   0x....             LDR      R0,??DataTable2_1  ;; 0x4007d001
   \   0000002C   0x7800             LDRB     R0,[R0, #+0]
   \   0000002E   0x2140             MOVS     R1,#+64
   \   00000030   0x4301             ORRS     R1,R1,R0
   \   00000032   0x....             LDR      R0,??DataTable2_1  ;; 0x4007d001
   \   00000034   0x7001             STRB     R1,[R0, #+0]
     90          
     91          }
   \   00000036   0xBD01             POP      {R0,PC}          ;; return

   \                                 In section .text, align 4, keep-with-next
   \                     ??DataTable2:
   \   00000000   0x4007D000         DC32     0x4007d000

   \                                 In section .text, align 4, keep-with-next
   \                     ??DataTable2_1:
   \   00000000   0x4007D001         DC32     0x4007d001

   \                                 In section .text, align 4, keep-with-next
   \                     ??DataTable2_2:
   \   00000000   0x........         DC32     ?_0

   \                                 In section .text, align 4, keep-with-next
   \                     ??DataTable2_3:
   \   00000000   0x........         DC32     ?_1

   \                                 In section .rodata, align 4
   \                     ?_0:
   \   00000000   0x5B 0x4C          DC8 "[LVD_isr]LV DETECT interrupt occurred"
   \              0x56 0x44    
   \              0x5F 0x69    
   \              0x73 0x72    
   \              0x5D 0x4C    
   \              0x56 0x20    
   \              0x44 0x45    
   \              0x54 0x45    
   \              0x43 0x54    
   \              0x20 0x69    
   \              0x6E 0x74    
   \              0x65 0x72    
   \              0x72 0x75    
   \              0x70 0x74    
   \              0x20 0x6F    
   \              0x63 0x63    
   \              0x75 0x72    
   \              0x72 0x65    
   \              0x64 0x00    
   \   00000026   0x00 0x00          DC8 0, 0

   \                                 In section .rodata, align 4
   \                     ?_1:
   \   00000000   0x5B 0x4C          DC8 "[LVD_isr]LV WARNING interrupt occurred"
   \              0x56 0x44    
   \              0x5F 0x69    
   \              0x73 0x72    
   \              0x5D 0x4C    
   \              0x56 0x20    
   \              0x57 0x41    
   \              0x52 0x4E    
   \              0x49 0x4E    
   \              0x47 0x20    
   \              0x69 0x6E    
   \              0x74 0x65    
   \              0x72 0x72    
   \              0x75 0x70    
   \              0x74 0x20    
   \              0x6F 0x63    
   \              0x63 0x75    
   \              0x72 0x72    
   \              0x65 0x64    
   \              0x00         
   \   00000027   0x00               DC8 0
     92          
     93          
     94          
     95          

   Maximum stack usage in bytes:

   .cstack Function
   ------- --------
       0   LVD_Init
       0   LVD_Initalize
       8   pmc_lvd_isr
         8   -> printf


   Section sizes:

   Bytes  Function/Label
   -----  --------------
       4  ??DataTable2
       4  ??DataTable2_1
       4  ??DataTable2_2
       4  ??DataTable2_3
      40  ?_0
      40  ?_1
      38  LVD_Init
      34  LVD_Initalize
       4  i
      56  pmc_lvd_isr

 
   4 bytes in section .bss
  80 bytes in section .rodata
 144 bytes in section .text
 
 144 bytes of CODE  memory
  80 bytes of CONST memory
   4 bytes of DATA  memory

Errors: none
Warnings: none
